18:19:24.964 debug: 27/05/2026, 18:19:24
18:19:24.965 debug: Project: C:\Users\xComputers\Desktop\Slot_Assignment - Copy\Slot_Assignment
18:19:24.965 debug: Targets: editor,preview
18:19:24.970 debug: Incremental file seems great.
18:19:24.970 debug: Engine path: C:\ProgramData\cocos\editors\Creator\3.8.6\resources\resources\3d\engine
18:19:24.977 debug: Initializing target [Editor]
18:19:24.977 debug: Loading cache
18:19:24.985 debug: Loading cache costs 7.92069999999967ms.
18:19:24.985 debug: Engine features shipped in editor: base,gfx-webgl,gfx-webgl2,gfx-empty,gfx-webgpu,3d,animation,skeletal-animation,2d,rich-text,mask,graphics,ui-skew,ui,affine-transform,particle,particle-2d,physics-framework,physics-cannon,physics-physx,physics-ammo,physics-builtin,physics-2d-framework,physics-2d-box2d-jsb,physics-2d-box2d,physics-2d-builtin,physics-2d-box2d-wasm,intersection-2d,primitive,profiler,occlusion-query,geometry-renderer,debug-renderer,audio,video,xr,light-probe,terrain,webview,tween,tiled-map,vendor-google,spine-3.8,spine-4.2,dragon-bones,marionette,procedural-animation,custom-pipeline,custom-pipeline-builtin-scripts,custom-pipeline-post-process,legacy-pipeline,websocket,websocket-server,meshopt
18:19:24.986 debug: Our import map(foo:/bar): {
  "imports": {
    "cc": "cce:/internal/x/cc"
  }
}
18:19:24.986 debug: Initializing target [Preview]
18:19:24.986 debug: Loading cache
18:19:25.001 debug: Loading cache costs 14.75799999999981ms.
18:19:25.001 debug: Our import map(foo:/bar): {
  "imports": {
    "cc": "cce:/internal/x/cc"
  }
}
18:19:25.030 debug: Sync engine features: 2d,affine-transform,animation,audio,base,custom-pipeline,dragon-bones,gfx-webgl,gfx-webgl2,graphics,intersection-2d,mask,particle-2d,physics-2d-box2d,profiler,rich-text,spine-3.8,tiled-map,tween,ui,video,webview,custom-pipeline
18:19:25.032 debug: Reset databases. Enumerated domains: [
  {
    "root": "db://internal/",
    "physical": "C:\\ProgramData\\cocos\\editors\\Creator\\3.8.6\\resources\\resources\\3d\\engine\\editor\\assets"
  },
  {
    "root": "db://assets/",
    "physical": "C:\\Users\\xComputers\\Desktop\\Slot_Assignment - Copy\\Slot_Assignment\\assets"
  }
]
18:19:25.032 debug: Our import map(foo:/bar): {
  "imports": {
    "cc": "cce:/internal/x/cc",
    "db://internal/": "file:///C:/ProgramData/cocos/editors/Creator/3.8.6/resources/resources/3d/engine/editor/assets/",
    "db://assets/": "file:///C:/Users/xComputers/Desktop/Slot_Assignment%20-%20Copy/Slot_Assignment/assets/"
  }
}
18:19:25.034 debug: Our import map(foo:/bar): {
  "imports": {
    "cc": "cce:/internal/x/cc",
    "db://internal/": "file:///C:/ProgramData/cocos/editors/Creator/3.8.6/resources/resources/3d/engine/editor/assets/",
    "db://assets/": "file:///C:/Users/xComputers/Desktop/Slot_Assignment%20-%20Copy/Slot_Assignment/assets/"
  }
}
18:19:25.034 debug: Pulling asset-db.
18:19:25.038 debug: Fetch asset-db cost: 3.921900000000278ms.
18:19:25.039 debug: Build iteration starts.
Number of accumulated asset changes: 13
Feature changed: false
18:19:25.039 debug: Target(editor) build started.
18:19:25.042 debug: Detected change: cce:/internal/x/cc. Last mtime: Thu Jan 01 1970 02:00:07 GMT+0200 (Eastern European Standard Time), Current mtime: Thu Jan 01 1970 02:00:07 GMT+0200 (Eastern European Standard Time)
18:19:25.042 debug: Inspect cce:/internal/x/cc
18:19:25.079 debug: transform url: 'cce:/internal/x/cc' costs: 36.70 ms
18:19:25.080 debug: Resolve cce:/internal/x/cc-fu/base from cce:/internal/x/cc as external dependency cce:/internal/x/cc-fu/base.
18:19:25.081 debug: Resolve cce:/internal/x/cc-fu/gfx-webgl from cce:/internal/x/cc as external dependency cce:/internal/x/cc-fu/gfx-webgl.
18:19:25.081 debug: Resolve cce:/internal/x/cc-fu/gfx-webgl2 from cce:/internal/x/cc as external dependency cce:/internal/x/cc-fu/gfx-webgl2.
18:19:25.081 debug: Resolve cce:/internal/x/cc-fu/gfx-empty from cce:/internal/x/cc as external dependency cce:/internal/x/cc-fu/gfx-empty.
18:19:25.081 debug: Resolve cce:/internal/x/cc-fu/gfx-webgpu from cce:/internal/x/cc as external dependency cce:/internal/x/cc-fu/gfx-webgpu.
18:19:25.081 debug: Resolve cce:/internal/x/cc-fu/3d from cce:/internal/x/cc as external dependency cce:/internal/x/cc-fu/3d.
18:19:25.081 debug: Resolve cce:/internal/x/cc-fu/animation from cce:/internal/x/cc as external dependency cce:/internal/x/cc-fu/animation.
18:19:25.081 debug: Resolve cce:/internal/x/cc-fu/skeletal-animation from cce:/internal/x/cc as external dependency cce:/internal/x/cc-fu/skeletal-animation.
18:19:25.081 debug: Resolve cce:/internal/x/cc-fu/2d from cce:/internal/x/cc as external dependency cce:/internal/x/cc-fu/2d.
18:19:25.081 debug: Resolve cce:/internal/x/cc-fu/sorting from cce:/internal/x/cc as external dependency cce:/internal/x/cc-fu/sorting.
18:19:25.081 debug: Resolve cce:/internal/x/cc-fu/rich-text from cce:/internal/x/cc as external dependency cce:/internal/x/cc-fu/rich-text.
18:19:25.081 debug: Resolve cce:/internal/x/cc-fu/mask from cce:/internal/x/cc as external dependency cce:/internal/x/cc-fu/mask.
18:19:25.081 debug: Resolve cce:/internal/x/cc-fu/graphics from cce:/internal/x/cc as external dependency cce:/internal/x/cc-fu/graphics.
18:19:25.081 debug: Resolve cce:/internal/x/cc-fu/ui-skew from cce:/internal/x/cc as external dependency cce:/internal/x/cc-fu/ui-skew.
18:19:25.081 debug: Resolve cce:/internal/x/cc-fu/ui from cce:/internal/x/cc as external dependency cce:/internal/x/cc-fu/ui.
18:19:25.081 debug: Resolve cce:/internal/x/cc-fu/affine-transform from cce:/internal/x/cc as external dependency cce:/internal/x/cc-fu/affine-transform.
18:19:25.081 debug: Resolve cce:/internal/x/cc-fu/particle from cce:/internal/x/cc as external dependency cce:/internal/x/cc-fu/particle.
18:19:25.081 debug: Resolve cce:/internal/x/cc-fu/particle-2d from cce:/internal/x/cc as external dependency cce:/internal/x/cc-fu/particle-2d.
18:19:25.081 debug: Resolve cce:/internal/x/cc-fu/physics-framework from cce:/internal/x/cc as external dependency cce:/internal/x/cc-fu/physics-framework.
18:19:25.081 debug: Resolve cce:/internal/x/cc-fu/physics-cannon from cce:/internal/x/cc as external dependency cce:/internal/x/cc-fu/physics-cannon.
18:19:25.081 debug: Resolve cce:/internal/x/cc-fu/physics-physx from cce:/internal/x/cc as external dependency cce:/internal/x/cc-fu/physics-physx.
18:19:25.081 debug: Resolve cce:/internal/x/cc-fu/physics-ammo from cce:/internal/x/cc as external dependency cce:/internal/x/cc-fu/physics-ammo.
18:19:25.081 debug: Resolve cce:/internal/x/cc-fu/physics-builtin from cce:/internal/x/cc as external dependency cce:/internal/x/cc-fu/physics-builtin.
18:19:25.081 debug: Resolve cce:/internal/x/cc-fu/physics-2d-framework from cce:/internal/x/cc as external dependency cce:/internal/x/cc-fu/physics-2d-framework.
18:19:25.081 debug: Resolve cce:/internal/x/cc-fu/physics-2d-box2d-jsb from cce:/internal/x/cc as external dependency cce:/internal/x/cc-fu/physics-2d-box2d-jsb.
18:19:25.081 debug: Resolve cce:/internal/x/cc-fu/physics-2d-box2d from cce:/internal/x/cc as external dependency cce:/internal/x/cc-fu/physics-2d-box2d.
18:19:25.081 debug: Resolve cce:/internal/x/cc-fu/physics-2d-builtin from cce:/internal/x/cc as external dependency cce:/internal/x/cc-fu/physics-2d-builtin.
18:19:25.081 debug: Resolve cce:/internal/x/cc-fu/physics-2d-box2d-wasm from cce:/internal/x/cc as external dependency cce:/internal/x/cc-fu/physics-2d-box2d-wasm.
18:19:25.081 debug: Resolve cce:/internal/x/cc-fu/intersection-2d from cce:/internal/x/cc as external dependency cce:/internal/x/cc-fu/intersection-2d.
18:19:25.081 debug: Resolve cce:/internal/x/cc-fu/primitive from cce:/internal/x/cc as external dependency cce:/internal/x/cc-fu/primitive.
18:19:25.081 debug: Resolve cce:/internal/x/cc-fu/profiler from cce:/internal/x/cc as external dependency cce:/internal/x/cc-fu/profiler.
18:19:25.081 debug: Resolve cce:/internal/x/cc-fu/geometry-renderer from cce:/internal/x/cc as external dependency cce:/internal/x/cc-fu/geometry-renderer.
18:19:25.081 debug: Resolve cce:/internal/x/cc-fu/audio from cce:/internal/x/cc as external dependency cce:/internal/x/cc-fu/audio.
18:19:25.081 debug: Resolve cce:/internal/x/cc-fu/video from cce:/internal/x/cc as external dependency cce:/internal/x/cc-fu/video.
18:19:25.081 debug: Resolve cce:/internal/x/cc-fu/xr from cce:/internal/x/cc as external dependency cce:/internal/x/cc-fu/xr.
18:19:25.081 debug: Resolve cce:/internal/x/cc-fu/light-probe from cce:/internal/x/cc as external dependency cce:/internal/x/cc-fu/light-probe.
18:19:25.081 debug: Resolve cce:/internal/x/cc-fu/terrain from cce:/internal/x/cc as external dependency cce:/internal/x/cc-fu/terrain.
18:19:25.081 debug: Resolve cce:/internal/x/cc-fu/webview from cce:/internal/x/cc as external dependency cce:/internal/x/cc-fu/webview.
18:19:25.081 debug: Resolve cce:/internal/x/cc-fu/tween from cce:/internal/x/cc as external dependency cce:/internal/x/cc-fu/tween.
18:19:25.081 debug: Resolve cce:/internal/x/cc-fu/tiled-map from cce:/internal/x/cc as external dependency cce:/internal/x/cc-fu/tiled-map.
18:19:25.081 debug: Resolve cce:/internal/x/cc-fu/vendor-google from cce:/internal/x/cc as external dependency cce:/internal/x/cc-fu/vendor-google.
18:19:25.081 debug: Resolve cce:/internal/x/cc-fu/spine from cce:/internal/x/cc as external dependency cce:/internal/x/cc-fu/spine.
18:19:25.081 debug: Resolve cce:/internal/x/cc-fu/dragon-bones from cce:/internal/x/cc as external dependency cce:/internal/x/cc-fu/dragon-bones.
18:19:25.081 debug: Resolve cce:/internal/x/cc-fu/custom-pipeline from cce:/internal/x/cc as external dependency cce:/internal/x/cc-fu/custom-pipeline.
18:19:25.081 debug: Resolve cce:/internal/x/cc-fu/custom-pipeline-post-process from cce:/internal/x/cc as external dependency cce:/internal/x/cc-fu/custom-pipeline-post-process.
18:19:25.081 debug: Resolve cce:/internal/x/cc-fu/legacy-pipeline from cce:/internal/x/cc as external dependency cce:/internal/x/cc-fu/legacy-pipeline.
18:19:25.081 debug: Detected change: cce:/internal/x/prerequisite-imports. Last mtime: Thu Jan 01 1970 10:19:11 GMT+0200 (Eastern European Standard Time), Current mtime: Thu Jan 01 1970 02:00:07 GMT+0200 (Eastern European Standard Time)
18:19:25.082 debug: Inspect cce:/internal/x/prerequisite-imports
18:19:25.093 debug: transform url: 'cce:/internal/x/prerequisite-imports' costs: 11.90 ms
18:19:25.095 debug: Resolve file:///C:/ProgramData/cocos/editors/Creator/3.8.6/resources/resources/3d/engine/editor/assets/default_renderpipeline/builtin-dof-pass.ts from cce:/internal/x/prerequisite-imports as file:///C:/ProgramData/cocos/editors/Creator/3.8.6/resources/resources/3d/engine/editor/assets/default_renderpipeline/builtin-dof-pass.ts.
18:19:25.096 debug: Resolve file:///C:/ProgramData/cocos/editors/Creator/3.8.6/resources/resources/3d/engine/editor/assets/default_renderpipeline/builtin-pipeline-pass.ts from cce:/internal/x/prerequisite-imports as file:///C:/ProgramData/cocos/editors/Creator/3.8.6/resources/resources/3d/engine/editor/assets/default_renderpipeline/builtin-pipeline-pass.ts.
18:19:25.096 debug: Resolve file:///C:/ProgramData/cocos/editors/Creator/3.8.6/resources/resources/3d/engine/editor/assets/default_renderpipeline/builtin-pipeline-settings.ts from cce:/internal/x/prerequisite-imports as file:///C:/ProgramData/cocos/editors/Creator/3.8.6/resources/resources/3d/engine/editor/assets/default_renderpipeline/builtin-pipeline-settings.ts.
18:19:25.096 debug: Resolve file:///C:/ProgramData/cocos/editors/Creator/3.8.6/resources/resources/3d/engine/editor/assets/default_renderpipeline/builtin-pipeline-types.ts from cce:/internal/x/prerequisite-imports as file:///C:/ProgramData/cocos/editors/Creator/3.8.6/resources/resources/3d/engine/editor/assets/default_renderpipeline/builtin-pipeline-types.ts.
18:19:25.097 debug: Resolve file:///C:/ProgramData/cocos/editors/Creator/3.8.6/resources/resources/3d/engine/editor/assets/default_renderpipeline/builtin-pipeline.ts from cce:/internal/x/prerequisite-imports as file:///C:/ProgramData/cocos/editors/Creator/3.8.6/resources/resources/3d/engine/editor/assets/default_renderpipeline/builtin-pipeline.ts.
18:19:25.097 debug: Resolve file:///C:/ProgramData/cocos/editors/Creator/3.8.6/resources/resources/3d/engine/editor/assets/tools/debug-view-runtime-control.ts from cce:/internal/x/prerequisite-imports as file:///C:/ProgramData/cocos/editors/Creator/3.8.6/resources/resources/3d/engine/editor/assets/tools/debug-view-runtime-control.ts.
18:19:25.098 debug: Resolve file:///C:/Users/xComputers/Desktop/Slot_Assignment%20-%20Copy/Slot_Assignment/assets/scripts/DebugCheats.ts from cce:/internal/x/prerequisite-imports as file:///C:/Users/xComputers/Desktop/Slot_Assignment%20-%20Copy/Slot_Assignment/assets/scripts/DebugCheats.ts.
18:19:25.098 debug: Resolve file:///C:/Users/xComputers/Desktop/Slot_Assignment%20-%20Copy/Slot_Assignment/assets/scripts/Main.ts from cce:/internal/x/prerequisite-imports as file:///C:/Users/xComputers/Desktop/Slot_Assignment%20-%20Copy/Slot_Assignment/assets/scripts/Main.ts.
18:19:25.099 debug: Resolve file:///C:/Users/xComputers/Desktop/Slot_Assignment%20-%20Copy/Slot_Assignment/assets/scripts/MockApi.ts from cce:/internal/x/prerequisite-imports as file:///C:/Users/xComputers/Desktop/Slot_Assignment%20-%20Copy/Slot_Assignment/assets/scripts/MockApi.ts.
18:19:25.099 debug: Resolve file:///C:/Users/xComputers/Desktop/Slot_Assignment%20-%20Copy/Slot_Assignment/assets/scripts/PlayButton.ts from cce:/internal/x/prerequisite-imports as file:///C:/Users/xComputers/Desktop/Slot_Assignment%20-%20Copy/Slot_Assignment/assets/scripts/PlayButton.ts.
18:19:25.099 debug: Resolve file:///C:/Users/xComputers/Desktop/Slot_Assignment%20-%20Copy/Slot_Assignment/assets/scripts/ReelController.ts from cce:/internal/x/prerequisite-imports as file:///C:/Users/xComputers/Desktop/Slot_Assignment%20-%20Copy/Slot_Assignment/assets/scripts/ReelController.ts.
18:19:25.100 debug: Resolve file:///C:/Users/xComputers/Desktop/Slot_Assignment%20-%20Copy/Slot_Assignment/assets/scripts/ResponsiveBackground.ts from cce:/internal/x/prerequisite-imports as file:///C:/Users/xComputers/Desktop/Slot_Assignment%20-%20Copy/Slot_Assignment/assets/scripts/ResponsiveBackground.ts.
18:19:25.100 debug: Resolve file:///C:/Users/xComputers/Desktop/Slot_Assignment%20-%20Copy/Slot_Assignment/assets/scripts/WinLines.ts from cce:/internal/x/prerequisite-imports as file:///C:/Users/xComputers/Desktop/Slot_Assignment%20-%20Copy/Slot_Assignment/assets/scripts/WinLines.ts.
18:19:25.100 debug: Resolve cce:/internal/code-quality/cr.mjs from file:///C:/ProgramData/cocos/editors/Creator/3.8.6/resources/resources/3d/engine/editor/assets/default_renderpipeline/builtin-dof-pass.ts as cce:/internal/code-quality/cr.mjs.
18:19:25.100 debug: Detected change: cce:/internal/code-quality/cr.mjs. Last mtime: Tue May 26 2026 19:01:02 GMT+0300 (Eastern European Summer Time), Current mtime: Wed May 27 2026 18:19:17 GMT+0300 (Eastern European Summer Time)
18:19:25.100 debug: Inspect cce:/internal/code-quality/cr.mjs
18:19:25.108 debug: transform url: 'cce:/internal/code-quality/cr.mjs' costs: 7.40 ms
18:19:25.109 debug: Resolve cc from file:///C:/ProgramData/cocos/editors/Creator/3.8.6/resources/resources/3d/engine/editor/assets/default_renderpipeline/builtin-dof-pass.ts as cce:/internal/x/cc.
18:19:25.109 debug: Resolve cc from file:///C:/ProgramData/cocos/editors/Creator/3.8.6/resources/resources/3d/engine/editor/assets/default_renderpipeline/builtin-dof-pass.ts as cce:/internal/x/cc.
18:19:25.109 debug: Resolve cc from file:///C:/ProgramData/cocos/editors/Creator/3.8.6/resources/resources/3d/engine/editor/assets/default_renderpipeline/builtin-dof-pass.ts as cce:/internal/x/cc.
18:19:25.109 debug: Resolve cc/env from file:///C:/ProgramData/cocos/editors/Creator/3.8.6/resources/resources/3d/engine/editor/assets/default_renderpipeline/builtin-dof-pass.ts as external dependency cc/env.
18:19:25.110 debug: Resolve ./builtin-pipeline-settings from file:///C:/ProgramData/cocos/editors/Creator/3.8.6/resources/resources/3d/engine/editor/assets/default_renderpipeline/builtin-dof-pass.ts as file:///C:/ProgramData/cocos/editors/Creator/3.8.6/resources/resources/3d/engine/editor/assets/default_renderpipeline/builtin-pipeline-settings.ts.
18:19:25.110 debug: Resolve ./builtin-pipeline-pass from file:///C:/ProgramData/cocos/editors/Creator/3.8.6/resources/resources/3d/engine/editor/assets/default_renderpipeline/builtin-dof-pass.ts as file:///C:/ProgramData/cocos/editors/Creator/3.8.6/resources/resources/3d/engine/editor/assets/default_renderpipeline/builtin-pipeline-pass.ts.
18:19:25.111 debug: Resolve ./builtin-pipeline from file:///C:/ProgramData/cocos/editors/Creator/3.8.6/resources/resources/3d/engine/editor/assets/default_renderpipeline/builtin-dof-pass.ts as file:///C:/ProgramData/cocos/editors/Creator/3.8.6/resources/resources/3d/engine/editor/assets/default_renderpipeline/builtin-pipeline.ts.
18:19:25.111 debug: Resolve cce:/internal/code-quality/cr.mjs from file:///C:/ProgramData/cocos/editors/Creator/3.8.6/resources/resources/3d/engine/editor/assets/default_renderpipeline/builtin-pipeline-settings.ts as cce:/internal/code-quality/cr.mjs.
18:19:25.111 debug: Resolve cc from file:///C:/ProgramData/cocos/editors/Creator/3.8.6/resources/resources/3d/engine/editor/assets/default_renderpipeline/builtin-pipeline-settings.ts as cce:/internal/x/cc.
18:19:25.111 debug: Resolve cc from file:///C:/ProgramData/cocos/editors/Creator/3.8.6/resources/resources/3d/engine/editor/assets/default_renderpipeline/builtin-pipeline-settings.ts as cce:/internal/x/cc.
18:19:25.111 debug: Resolve cc from file:///C:/ProgramData/cocos/editors/Creator/3.8.6/resources/resources/3d/engine/editor/assets/default_renderpipeline/builtin-pipeline-settings.ts as cce:/internal/x/cc.
18:19:25.111 debug: Resolve cc/env from file:///C:/ProgramData/cocos/editors/Creator/3.8.6/resources/resources/3d/engine/editor/assets/default_renderpipeline/builtin-pipeline-settings.ts as external dependency cc/env.
18:19:25.111 debug: Resolve ./builtin-pipeline-types from file:///C:/ProgramData/cocos/editors/Creator/3.8.6/resources/resources/3d/engine/editor/assets/default_renderpipeline/builtin-pipeline-settings.ts as file:///C:/ProgramData/cocos/editors/Creator/3.8.6/resources/resources/3d/engine/editor/assets/default_renderpipeline/builtin-pipeline-types.ts.
18:19:25.111 debug: Resolve cc from file:///C:/ProgramData/cocos/editors/Creator/3.8.6/resources/resources/3d/engine/editor/assets/default_renderpipeline/builtin-pipeline-types.ts as cce:/internal/x/cc.
18:19:25.111 debug: Resolve cc from file:///C:/ProgramData/cocos/editors/Creator/3.8.6/resources/resources/3d/engine/editor/assets/default_renderpipeline/builtin-pipeline-types.ts as cce:/internal/x/cc.
18:19:25.112 debug: Resolve cc from file:///C:/ProgramData/cocos/editors/Creator/3.8.6/resources/resources/3d/engine/editor/assets/default_renderpipeline/builtin-pipeline-types.ts as cce:/internal/x/cc.
18:19:25.112 debug: Resolve cce:/internal/code-quality/cr.mjs from file:///C:/ProgramData/cocos/editors/Creator/3.8.6/resources/resources/3d/engine/editor/assets/default_renderpipeline/builtin-pipeline-pass.ts as cce:/internal/code-quality/cr.mjs.
18:19:25.112 debug: Resolve cc from file:///C:/ProgramData/cocos/editors/Creator/3.8.6/resources/resources/3d/engine/editor/assets/default_renderpipeline/builtin-pipeline-pass.ts as cce:/internal/x/cc.
18:19:25.112 debug: Resolve cc from file:///C:/ProgramData/cocos/editors/Creator/3.8.6/resources/resources/3d/engine/editor/assets/default_renderpipeline/builtin-pipeline-pass.ts as cce:/internal/x/cc.
18:19:25.112 debug: Resolve cc from file:///C:/ProgramData/cocos/editors/Creator/3.8.6/resources/resources/3d/engine/editor/assets/default_renderpipeline/builtin-pipeline-pass.ts as cce:/internal/x/cc.
18:19:25.112 debug: Resolve ./builtin-pipeline-settings from file:///C:/ProgramData/cocos/editors/Creator/3.8.6/resources/resources/3d/engine/editor/assets/default_renderpipeline/builtin-pipeline-pass.ts as file:///C:/ProgramData/cocos/editors/Creator/3.8.6/resources/resources/3d/engine/editor/assets/default_renderpipeline/builtin-pipeline-settings.ts.
18:19:25.112 debug: Resolve cc/env from file:///C:/ProgramData/cocos/editors/Creator/3.8.6/resources/resources/3d/engine/editor/assets/default_renderpipeline/builtin-pipeline-pass.ts as external dependency cc/env.
18:19:25.112 debug: Resolve cce:/internal/code-quality/cr.mjs from file:///C:/ProgramData/cocos/editors/Creator/3.8.6/resources/resources/3d/engine/editor/assets/default_renderpipeline/builtin-pipeline.ts as cce:/internal/code-quality/cr.mjs.
18:19:25.112 debug: Resolve cc from file:///C:/ProgramData/cocos/editors/Creator/3.8.6/resources/resources/3d/engine/editor/assets/default_renderpipeline/builtin-pipeline.ts as cce:/internal/x/cc.
18:19:25.112 debug: Resolve cc from file:///C:/ProgramData/cocos/editors/Creator/3.8.6/resources/resources/3d/engine/editor/assets/default_renderpipeline/builtin-pipeline.ts as cce:/internal/x/cc.
18:19:25.112 debug: Resolve cc from file:///C:/ProgramData/cocos/editors/Creator/3.8.6/resources/resources/3d/engine/editor/assets/default_renderpipeline/builtin-pipeline.ts as cce:/internal/x/cc.
18:19:25.112 debug: Resolve cc/env from file:///C:/ProgramData/cocos/editors/Creator/3.8.6/resources/resources/3d/engine/editor/assets/default_renderpipeline/builtin-pipeline.ts as external dependency cc/env.
18:19:25.113 debug: Resolve ./builtin-pipeline-types from file:///C:/ProgramData/cocos/editors/Creator/3.8.6/resources/resources/3d/engine/editor/assets/default_renderpipeline/builtin-pipeline.ts as file:///C:/ProgramData/cocos/editors/Creator/3.8.6/resources/resources/3d/engine/editor/assets/default_renderpipeline/builtin-pipeline-types.ts.
18:19:25.113 debug: Resolve cc from file:///C:/ProgramData/cocos/editors/Creator/3.8.6/resources/resources/3d/engine/editor/assets/tools/debug-view-runtime-control.ts as cce:/internal/x/cc.
18:19:25.113 debug: Resolve cc from file:///C:/ProgramData/cocos/editors/Creator/3.8.6/resources/resources/3d/engine/editor/assets/tools/debug-view-runtime-control.ts as cce:/internal/x/cc.
18:19:25.113 debug: Resolve cc from file:///C:/ProgramData/cocos/editors/Creator/3.8.6/resources/resources/3d/engine/editor/assets/tools/debug-view-runtime-control.ts as cce:/internal/x/cc.
18:19:25.113 debug: Resolve cce:/internal/code-quality/cr.mjs from file:///C:/Users/xComputers/Desktop/Slot_Assignment%20-%20Copy/Slot_Assignment/assets/scripts/DebugCheats.ts as cce:/internal/code-quality/cr.mjs.
18:19:25.113 debug: Resolve cc from file:///C:/Users/xComputers/Desktop/Slot_Assignment%20-%20Copy/Slot_Assignment/assets/scripts/DebugCheats.ts as cce:/internal/x/cc.
18:19:25.113 debug: Resolve ./MockApi from file:///C:/Users/xComputers/Desktop/Slot_Assignment%20-%20Copy/Slot_Assignment/assets/scripts/DebugCheats.ts as file:///C:/Users/xComputers/Desktop/Slot_Assignment%20-%20Copy/Slot_Assignment/assets/scripts/MockApi.ts.
18:19:25.114 debug: Resolve cc from file:///C:/Users/xComputers/Desktop/Slot_Assignment%20-%20Copy/Slot_Assignment/assets/scripts/MockApi.ts as cce:/internal/x/cc.
18:19:25.114 debug: Resolve cce:/internal/code-quality/cr.mjs from file:///C:/Users/xComputers/Desktop/Slot_Assignment%20-%20Copy/Slot_Assignment/assets/scripts/Main.ts as cce:/internal/code-quality/cr.mjs.
18:19:25.114 debug: Resolve cc from file:///C:/Users/xComputers/Desktop/Slot_Assignment%20-%20Copy/Slot_Assignment/assets/scripts/Main.ts as cce:/internal/x/cc.
18:19:25.114 debug: Resolve cc from file:///C:/Users/xComputers/Desktop/Slot_Assignment%20-%20Copy/Slot_Assignment/assets/scripts/Main.ts as cce:/internal/x/cc.
18:19:25.114 debug: Resolve cc from file:///C:/Users/xComputers/Desktop/Slot_Assignment%20-%20Copy/Slot_Assignment/assets/scripts/Main.ts as cce:/internal/x/cc.
18:19:25.114 debug: Resolve ./MockApi from file:///C:/Users/xComputers/Desktop/Slot_Assignment%20-%20Copy/Slot_Assignment/assets/scripts/Main.ts as file:///C:/Users/xComputers/Desktop/Slot_Assignment%20-%20Copy/Slot_Assignment/assets/scripts/MockApi.ts.
18:19:25.115 debug: Resolve ./PlayButton from file:///C:/Users/xComputers/Desktop/Slot_Assignment%20-%20Copy/Slot_Assignment/assets/scripts/Main.ts as file:///C:/Users/xComputers/Desktop/Slot_Assignment%20-%20Copy/Slot_Assignment/assets/scripts/PlayButton.ts.
18:19:25.115 debug: Resolve ./ReelController from file:///C:/Users/xComputers/Desktop/Slot_Assignment%20-%20Copy/Slot_Assignment/assets/scripts/Main.ts as file:///C:/Users/xComputers/Desktop/Slot_Assignment%20-%20Copy/Slot_Assignment/assets/scripts/ReelController.ts.
18:19:25.115 debug: Resolve ./WinLines from file:///C:/Users/xComputers/Desktop/Slot_Assignment%20-%20Copy/Slot_Assignment/assets/scripts/Main.ts as file:///C:/Users/xComputers/Desktop/Slot_Assignment%20-%20Copy/Slot_Assignment/assets/scripts/WinLines.ts.
18:19:25.116 debug: Resolve ./DebugCheats from file:///C:/Users/xComputers/Desktop/Slot_Assignment%20-%20Copy/Slot_Assignment/assets/scripts/Main.ts as file:///C:/Users/xComputers/Desktop/Slot_Assignment%20-%20Copy/Slot_Assignment/assets/scripts/DebugCheats.ts.
18:19:25.116 debug: Resolve cc from file:///C:/Users/xComputers/Desktop/Slot_Assignment%20-%20Copy/Slot_Assignment/assets/scripts/PlayButton.ts as cce:/internal/x/cc.
18:19:25.116 debug: Resolve cc from file:///C:/Users/xComputers/Desktop/Slot_Assignment%20-%20Copy/Slot_Assignment/assets/scripts/PlayButton.ts as cce:/internal/x/cc.
18:19:25.116 debug: Resolve cc from file:///C:/Users/xComputers/Desktop/Slot_Assignment%20-%20Copy/Slot_Assignment/assets/scripts/PlayButton.ts as cce:/internal/x/cc.
18:19:25.116 debug: Resolve cc from file:///C:/Users/xComputers/Desktop/Slot_Assignment%20-%20Copy/Slot_Assignment/assets/scripts/ReelController.ts as cce:/internal/x/cc.
18:19:25.116 debug: Resolve cc from file:///C:/Users/xComputers/Desktop/Slot_Assignment%20-%20Copy/Slot_Assignment/assets/scripts/ReelController.ts as cce:/internal/x/cc.
18:19:25.116 debug: Resolve cc from file:///C:/Users/xComputers/Desktop/Slot_Assignment%20-%20Copy/Slot_Assignment/assets/scripts/ReelController.ts as cce:/internal/x/cc.
18:19:25.116 debug: Resolve cc from file:///C:/Users/xComputers/Desktop/Slot_Assignment%20-%20Copy/Slot_Assignment/assets/scripts/WinLines.ts as cce:/internal/x/cc.
18:19:25.116 debug: Resolve cc from file:///C:/Users/xComputers/Desktop/Slot_Assignment%20-%20Copy/Slot_Assignment/assets/scripts/WinLines.ts as cce:/internal/x/cc.
18:19:25.116 debug: Resolve cc from file:///C:/Users/xComputers/Desktop/Slot_Assignment%20-%20Copy/Slot_Assignment/assets/scripts/WinLines.ts as cce:/internal/x/cc.
18:19:25.116 debug: Resolve cc from file:///C:/Users/xComputers/Desktop/Slot_Assignment%20-%20Copy/Slot_Assignment/assets/scripts/ResponsiveBackground.ts as cce:/internal/x/cc.
18:19:25.116 debug: Resolve cc from file:///C:/Users/xComputers/Desktop/Slot_Assignment%20-%20Copy/Slot_Assignment/assets/scripts/ResponsiveBackground.ts as cce:/internal/x/cc.
18:19:25.116 debug: Resolve cc from file:///C:/Users/xComputers/Desktop/Slot_Assignment%20-%20Copy/Slot_Assignment/assets/scripts/ResponsiveBackground.ts as cce:/internal/x/cc.
18:19:25.126 debug: Target(editor) ends with cost 86.91579999999976ms.
18:19:25.127 debug: Target(preview) build started.
18:19:25.129 debug: Detected change: cce:/internal/x/cc. Last mtime: Thu Jan 01 1970 02:00:07 GMT+0200 (Eastern European Standard Time), Current mtime: Thu Jan 01 1970 02:00:07 GMT+0200 (Eastern European Standard Time)
18:19:25.129 debug: Inspect cce:/internal/x/cc
18:19:25.147 debug: transform url: 'cce:/internal/x/cc' costs: 18.70 ms
18:19:25.149 debug: Resolve cce:/internal/x/cc-fu/2d from cce:/internal/x/cc as external dependency cce:/internal/x/cc-fu/2d.
18:19:25.149 debug: Resolve cce:/internal/x/cc-fu/sorting from cce:/internal/x/cc as external dependency cce:/internal/x/cc-fu/sorting.
18:19:25.149 debug: Resolve cce:/internal/x/cc-fu/affine-transform from cce:/internal/x/cc as external dependency cce:/internal/x/cc-fu/affine-transform.
18:19:25.149 debug: Resolve cce:/internal/x/cc-fu/animation from cce:/internal/x/cc as external dependency cce:/internal/x/cc-fu/animation.
18:19:25.149 debug: Resolve cce:/internal/x/cc-fu/audio from cce:/internal/x/cc as external dependency cce:/internal/x/cc-fu/audio.
18:19:25.149 debug: Resolve cce:/internal/x/cc-fu/base from cce:/internal/x/cc as external dependency cce:/internal/x/cc-fu/base.
18:19:25.149 debug: Resolve cce:/internal/x/cc-fu/custom-pipeline from cce:/internal/x/cc as external dependency cce:/internal/x/cc-fu/custom-pipeline.
18:19:25.149 debug: Resolve cce:/internal/x/cc-fu/dragon-bones from cce:/internal/x/cc as external dependency cce:/internal/x/cc-fu/dragon-bones.
18:19:25.149 debug: Resolve cce:/internal/x/cc-fu/gfx-webgl from cce:/internal/x/cc as external dependency cce:/internal/x/cc-fu/gfx-webgl.
18:19:25.149 debug: Resolve cce:/internal/x/cc-fu/gfx-webgl2 from cce:/internal/x/cc as external dependency cce:/internal/x/cc-fu/gfx-webgl2.
18:19:25.149 debug: Resolve cce:/internal/x/cc-fu/graphics from cce:/internal/x/cc as external dependency cce:/internal/x/cc-fu/graphics.
18:19:25.149 debug: Resolve cce:/internal/x/cc-fu/intersection-2d from cce:/internal/x/cc as external dependency cce:/internal/x/cc-fu/intersection-2d.
18:19:25.149 debug: Resolve cce:/internal/x/cc-fu/mask from cce:/internal/x/cc as external dependency cce:/internal/x/cc-fu/mask.
18:19:25.149 debug: Resolve cce:/internal/x/cc-fu/particle-2d from cce:/internal/x/cc as external dependency cce:/internal/x/cc-fu/particle-2d.
18:19:25.149 debug: Resolve cce:/internal/x/cc-fu/physics-2d-box2d from cce:/internal/x/cc as external dependency cce:/internal/x/cc-fu/physics-2d-box2d.
18:19:25.149 debug: Resolve cce:/internal/x/cc-fu/physics-2d-framework from cce:/internal/x/cc as external dependency cce:/internal/x/cc-fu/physics-2d-framework.
18:19:25.149 debug: Resolve cce:/internal/x/cc-fu/profiler from cce:/internal/x/cc as external dependency cce:/internal/x/cc-fu/profiler.
18:19:25.149 debug: Resolve cce:/internal/x/cc-fu/rich-text from cce:/internal/x/cc as external dependency cce:/internal/x/cc-fu/rich-text.
18:19:25.149 debug: Resolve cce:/internal/x/cc-fu/spine from cce:/internal/x/cc as external dependency cce:/internal/x/cc-fu/spine.
18:19:25.149 debug: Resolve cce:/internal/x/cc-fu/tiled-map from cce:/internal/x/cc as external dependency cce:/internal/x/cc-fu/tiled-map.
18:19:25.150 debug: Resolve cce:/internal/x/cc-fu/tween from cce:/internal/x/cc as external dependency cce:/internal/x/cc-fu/tween.
18:19:25.150 debug: Resolve cce:/internal/x/cc-fu/ui from cce:/internal/x/cc as external dependency cce:/internal/x/cc-fu/ui.
18:19:25.150 debug: Resolve cce:/internal/x/cc-fu/video from cce:/internal/x/cc as external dependency cce:/internal/x/cc-fu/video.
18:19:25.150 debug: Resolve cce:/internal/x/cc-fu/webview from cce:/internal/x/cc as external dependency cce:/internal/x/cc-fu/webview.
18:19:25.150 debug: Detected change: cce:/internal/x/prerequisite-imports. Last mtime: Thu Jan 01 1970 10:19:11 GMT+0200 (Eastern European Standard Time), Current mtime: Thu Jan 01 1970 02:00:07 GMT+0200 (Eastern European Standard Time)
18:19:25.150 debug: Inspect cce:/internal/x/prerequisite-imports
18:19:25.159 debug: transform url: 'cce:/internal/x/prerequisite-imports' costs: 9.30 ms
18:19:25.161 debug: Resolve file:///C:/ProgramData/cocos/editors/Creator/3.8.6/resources/resources/3d/engine/editor/assets/default_renderpipeline/builtin-dof-pass.ts from cce:/internal/x/prerequisite-imports as file:///C:/ProgramData/cocos/editors/Creator/3.8.6/resources/resources/3d/engine/editor/assets/default_renderpipeline/builtin-dof-pass.ts.
18:19:25.162 debug: Resolve file:///C:/ProgramData/cocos/editors/Creator/3.8.6/resources/resources/3d/engine/editor/assets/default_renderpipeline/builtin-pipeline-pass.ts from cce:/internal/x/prerequisite-imports as file:///C:/ProgramData/cocos/editors/Creator/3.8.6/resources/resources/3d/engine/editor/assets/default_renderpipeline/builtin-pipeline-pass.ts.
18:19:25.162 debug: Resolve file:///C:/ProgramData/cocos/editors/Creator/3.8.6/resources/resources/3d/engine/editor/assets/default_renderpipeline/builtin-pipeline-settings.ts from cce:/internal/x/prerequisite-imports as file:///C:/ProgramData/cocos/editors/Creator/3.8.6/resources/resources/3d/engine/editor/assets/default_renderpipeline/builtin-pipeline-settings.ts.
18:19:25.162 debug: Resolve file:///C:/ProgramData/cocos/editors/Creator/3.8.6/resources/resources/3d/engine/editor/assets/default_renderpipeline/builtin-pipeline-types.ts from cce:/internal/x/prerequisite-imports as file:///C:/ProgramData/cocos/editors/Creator/3.8.6/resources/resources/3d/engine/editor/assets/default_renderpipeline/builtin-pipeline-types.ts.
18:19:25.163 debug: Resolve file:///C:/ProgramData/cocos/editors/Creator/3.8.6/resources/resources/3d/engine/editor/assets/default_renderpipeline/builtin-pipeline.ts from cce:/internal/x/prerequisite-imports as file:///C:/ProgramData/cocos/editors/Creator/3.8.6/resources/resources/3d/engine/editor/assets/default_renderpipeline/builtin-pipeline.ts.
18:19:25.163 debug: Resolve file:///C:/ProgramData/cocos/editors/Creator/3.8.6/resources/resources/3d/engine/editor/assets/tools/debug-view-runtime-control.ts from cce:/internal/x/prerequisite-imports as file:///C:/ProgramData/cocos/editors/Creator/3.8.6/resources/resources/3d/engine/editor/assets/tools/debug-view-runtime-control.ts.
18:19:25.164 debug: Resolve file:///C:/Users/xComputers/Desktop/Slot_Assignment%20-%20Copy/Slot_Assignment/assets/scripts/DebugCheats.ts from cce:/internal/x/prerequisite-imports as file:///C:/Users/xComputers/Desktop/Slot_Assignment%20-%20Copy/Slot_Assignment/assets/scripts/DebugCheats.ts.
18:19:25.164 debug: Resolve file:///C:/Users/xComputers/Desktop/Slot_Assignment%20-%20Copy/Slot_Assignment/assets/scripts/Main.ts from cce:/internal/x/prerequisite-imports as file:///C:/Users/xComputers/Desktop/Slot_Assignment%20-%20Copy/Slot_Assignment/assets/scripts/Main.ts.
18:19:25.164 debug: Resolve file:///C:/Users/xComputers/Desktop/Slot_Assignment%20-%20Copy/Slot_Assignment/assets/scripts/MockApi.ts from cce:/internal/x/prerequisite-imports as file:///C:/Users/xComputers/Desktop/Slot_Assignment%20-%20Copy/Slot_Assignment/assets/scripts/MockApi.ts.
18:19:25.165 debug: Resolve file:///C:/Users/xComputers/Desktop/Slot_Assignment%20-%20Copy/Slot_Assignment/assets/scripts/PlayButton.ts from cce:/internal/x/prerequisite-imports as file:///C:/Users/xComputers/Desktop/Slot_Assignment%20-%20Copy/Slot_Assignment/assets/scripts/PlayButton.ts.
18:19:25.165 debug: Resolve file:///C:/Users/xComputers/Desktop/Slot_Assignment%20-%20Copy/Slot_Assignment/assets/scripts/ReelController.ts from cce:/internal/x/prerequisite-imports as file:///C:/Users/xComputers/Desktop/Slot_Assignment%20-%20Copy/Slot_Assignment/assets/scripts/ReelController.ts.
18:19:25.165 debug: Resolve file:///C:/Users/xComputers/Desktop/Slot_Assignment%20-%20Copy/Slot_Assignment/assets/scripts/ResponsiveBackground.ts from cce:/internal/x/prerequisite-imports as file:///C:/Users/xComputers/Desktop/Slot_Assignment%20-%20Copy/Slot_Assignment/assets/scripts/ResponsiveBackground.ts.
18:19:25.166 debug: Resolve file:///C:/Users/xComputers/Desktop/Slot_Assignment%20-%20Copy/Slot_Assignment/assets/scripts/WinLines.ts from cce:/internal/x/prerequisite-imports as file:///C:/Users/xComputers/Desktop/Slot_Assignment%20-%20Copy/Slot_Assignment/assets/scripts/WinLines.ts.
18:19:25.166 debug: Resolve cce:/internal/code-quality/cr.mjs from file:///C:/ProgramData/cocos/editors/Creator/3.8.6/resources/resources/3d/engine/editor/assets/default_renderpipeline/builtin-dof-pass.ts as cce:/internal/code-quality/cr.mjs.
18:19:25.166 debug: Detected change: cce:/internal/code-quality/cr.mjs. Last mtime: Tue May 26 2026 19:01:02 GMT+0300 (Eastern European Summer Time), Current mtime: Wed May 27 2026 18:19:17 GMT+0300 (Eastern European Summer Time)
18:19:25.166 debug: Inspect cce:/internal/code-quality/cr.mjs
18:19:25.174 debug: transform url: 'cce:/internal/code-quality/cr.mjs' costs: 8.60 ms
18:19:25.178 debug: Resolve cc from file:///C:/ProgramData/cocos/editors/Creator/3.8.6/resources/resources/3d/engine/editor/assets/default_renderpipeline/builtin-dof-pass.ts as cce:/internal/x/cc.
18:19:25.178 debug: Resolve cc from file:///C:/ProgramData/cocos/editors/Creator/3.8.6/resources/resources/3d/engine/editor/assets/default_renderpipeline/builtin-dof-pass.ts as cce:/internal/x/cc.
18:19:25.178 debug: Resolve cc from file:///C:/ProgramData/cocos/editors/Creator/3.8.6/resources/resources/3d/engine/editor/assets/default_renderpipeline/builtin-dof-pass.ts as cce:/internal/x/cc.
18:19:25.178 debug: Resolve cc/env from file:///C:/ProgramData/cocos/editors/Creator/3.8.6/resources/resources/3d/engine/editor/assets/default_renderpipeline/builtin-dof-pass.ts as external dependency cc/env.
18:19:25.179 debug: Resolve ./builtin-pipeline-settings from file:///C:/ProgramData/cocos/editors/Creator/3.8.6/resources/resources/3d/engine/editor/assets/default_renderpipeline/builtin-dof-pass.ts as file:///C:/ProgramData/cocos/editors/Creator/3.8.6/resources/resources/3d/engine/editor/assets/default_renderpipeline/builtin-pipeline-settings.ts.
18:19:25.179 debug: Resolve ./builtin-pipeline-pass from file:///C:/ProgramData/cocos/editors/Creator/3.8.6/resources/resources/3d/engine/editor/assets/default_renderpipeline/builtin-dof-pass.ts as file:///C:/ProgramData/cocos/editors/Creator/3.8.6/resources/resources/3d/engine/editor/assets/default_renderpipeline/builtin-pipeline-pass.ts.
18:19:25.180 debug: Resolve ./builtin-pipeline from file:///C:/ProgramData/cocos/editors/Creator/3.8.6/resources/resources/3d/engine/editor/assets/default_renderpipeline/builtin-dof-pass.ts as file:///C:/ProgramData/cocos/editors/Creator/3.8.6/resources/resources/3d/engine/editor/assets/default_renderpipeline/builtin-pipeline.ts.
18:19:25.180 debug: Resolve cce:/internal/code-quality/cr.mjs from file:///C:/ProgramData/cocos/editors/Creator/3.8.6/resources/resources/3d/engine/editor/assets/default_renderpipeline/builtin-pipeline-settings.ts as cce:/internal/code-quality/cr.mjs.
18:19:25.180 debug: Resolve cc from file:///C:/ProgramData/cocos/editors/Creator/3.8.6/resources/resources/3d/engine/editor/assets/default_renderpipeline/builtin-pipeline-settings.ts as cce:/internal/x/cc.
18:19:25.180 debug: Resolve cc from file:///C:/ProgramData/cocos/editors/Creator/3.8.6/resources/resources/3d/engine/editor/assets/default_renderpipeline/builtin-pipeline-settings.ts as cce:/internal/x/cc.
18:19:25.180 debug: Resolve cc from file:///C:/ProgramData/cocos/editors/Creator/3.8.6/resources/resources/3d/engine/editor/assets/default_renderpipeline/builtin-pipeline-settings.ts as cce:/internal/x/cc.
18:19:25.180 debug: Resolve cc/env from file:///C:/ProgramData/cocos/editors/Creator/3.8.6/resources/resources/3d/engine/editor/assets/default_renderpipeline/builtin-pipeline-settings.ts as external dependency cc/env.
18:19:25.181 debug: Resolve ./builtin-pipeline-types from file:///C:/ProgramData/cocos/editors/Creator/3.8.6/resources/resources/3d/engine/editor/assets/default_renderpipeline/builtin-pipeline-settings.ts as file:///C:/ProgramData/cocos/editors/Creator/3.8.6/resources/resources/3d/engine/editor/assets/default_renderpipeline/builtin-pipeline-types.ts.
18:19:25.181 debug: Resolve cc from file:///C:/ProgramData/cocos/editors/Creator/3.8.6/resources/resources/3d/engine/editor/assets/default_renderpipeline/builtin-pipeline-types.ts as cce:/internal/x/cc.
18:19:25.182 debug: Resolve cc from file:///C:/ProgramData/cocos/editors/Creator/3.8.6/resources/resources/3d/engine/editor/assets/default_renderpipeline/builtin-pipeline-types.ts as cce:/internal/x/cc.
18:19:25.182 debug: Resolve cc from file:///C:/ProgramData/cocos/editors/Creator/3.8.6/resources/resources/3d/engine/editor/assets/default_renderpipeline/builtin-pipeline-types.ts as cce:/internal/x/cc.
18:19:25.182 debug: Resolve cce:/internal/code-quality/cr.mjs from file:///C:/ProgramData/cocos/editors/Creator/3.8.6/resources/resources/3d/engine/editor/assets/default_renderpipeline/builtin-pipeline-pass.ts as cce:/internal/code-quality/cr.mjs.
18:19:25.182 debug: Resolve cc from file:///C:/ProgramData/cocos/editors/Creator/3.8.6/resources/resources/3d/engine/editor/assets/default_renderpipeline/builtin-pipeline-pass.ts as cce:/internal/x/cc.
18:19:25.182 debug: Resolve cc from file:///C:/ProgramData/cocos/editors/Creator/3.8.6/resources/resources/3d/engine/editor/assets/default_renderpipeline/builtin-pipeline-pass.ts as cce:/internal/x/cc.
18:19:25.182 debug: Resolve cc from file:///C:/ProgramData/cocos/editors/Creator/3.8.6/resources/resources/3d/engine/editor/assets/default_renderpipeline/builtin-pipeline-pass.ts as cce:/internal/x/cc.
18:19:25.182 debug: Resolve ./builtin-pipeline-settings from file:///C:/ProgramData/cocos/editors/Creator/3.8.6/resources/resources/3d/engine/editor/assets/default_renderpipeline/builtin-pipeline-pass.ts as file:///C:/ProgramData/cocos/editors/Creator/3.8.6/resources/resources/3d/engine/editor/assets/default_renderpipeline/builtin-pipeline-settings.ts.
18:19:25.182 debug: Resolve cc/env from file:///C:/ProgramData/cocos/editors/Creator/3.8.6/resources/resources/3d/engine/editor/assets/default_renderpipeline/builtin-pipeline-pass.ts as external dependency cc/env.
18:19:25.182 debug: Resolve cce:/internal/code-quality/cr.mjs from file:///C:/ProgramData/cocos/editors/Creator/3.8.6/resources/resources/3d/engine/editor/assets/default_renderpipeline/builtin-pipeline.ts as cce:/internal/code-quality/cr.mjs.
18:19:25.182 debug: Resolve cc from file:///C:/ProgramData/cocos/editors/Creator/3.8.6/resources/resources/3d/engine/editor/assets/default_renderpipeline/builtin-pipeline.ts as cce:/internal/x/cc.
18:19:25.182 debug: Resolve cc from file:///C:/ProgramData/cocos/editors/Creator/3.8.6/resources/resources/3d/engine/editor/assets/default_renderpipeline/builtin-pipeline.ts as cce:/internal/x/cc.
18:19:25.182 debug: Resolve cc from file:///C:/ProgramData/cocos/editors/Creator/3.8.6/resources/resources/3d/engine/editor/assets/default_renderpipeline/builtin-pipeline.ts as cce:/internal/x/cc.
18:19:25.182 debug: Resolve cc/env from file:///C:/ProgramData/cocos/editors/Creator/3.8.6/resources/resources/3d/engine/editor/assets/default_renderpipeline/builtin-pipeline.ts as external dependency cc/env.
18:19:25.183 debug: Resolve ./builtin-pipeline-types from file:///C:/ProgramData/cocos/editors/Creator/3.8.6/resources/resources/3d/engine/editor/assets/default_renderpipeline/builtin-pipeline.ts as file:///C:/ProgramData/cocos/editors/Creator/3.8.6/resources/resources/3d/engine/editor/assets/default_renderpipeline/builtin-pipeline-types.ts.
18:19:25.183 debug: Resolve cc from file:///C:/ProgramData/cocos/editors/Creator/3.8.6/resources/resources/3d/engine/editor/assets/tools/debug-view-runtime-control.ts as cce:/internal/x/cc.
18:19:25.183 debug: Resolve cc from file:///C:/ProgramData/cocos/editors/Creator/3.8.6/resources/resources/3d/engine/editor/assets/tools/debug-view-runtime-control.ts as cce:/internal/x/cc.
18:19:25.183 debug: Resolve cc from file:///C:/ProgramData/cocos/editors/Creator/3.8.6/resources/resources/3d/engine/editor/assets/tools/debug-view-runtime-control.ts as cce:/internal/x/cc.
18:19:25.183 debug: Resolve cce:/internal/code-quality/cr.mjs from file:///C:/Users/xComputers/Desktop/Slot_Assignment%20-%20Copy/Slot_Assignment/assets/scripts/DebugCheats.ts as cce:/internal/code-quality/cr.mjs.
18:19:25.183 debug: Resolve cc from file:///C:/Users/xComputers/Desktop/Slot_Assignment%20-%20Copy/Slot_Assignment/assets/scripts/DebugCheats.ts as cce:/internal/x/cc.
18:19:25.183 debug: Resolve ./MockApi from file:///C:/Users/xComputers/Desktop/Slot_Assignment%20-%20Copy/Slot_Assignment/assets/scripts/DebugCheats.ts as file:///C:/Users/xComputers/Desktop/Slot_Assignment%20-%20Copy/Slot_Assignment/assets/scripts/MockApi.ts.
18:19:25.183 debug: Resolve cc from file:///C:/Users/xComputers/Desktop/Slot_Assignment%20-%20Copy/Slot_Assignment/assets/scripts/MockApi.ts as cce:/internal/x/cc.
18:19:25.183 debug: Resolve cce:/internal/code-quality/cr.mjs from file:///C:/Users/xComputers/Desktop/Slot_Assignment%20-%20Copy/Slot_Assignment/assets/scripts/Main.ts as cce:/internal/code-quality/cr.mjs.
18:19:25.183 debug: Resolve cc from file:///C:/Users/xComputers/Desktop/Slot_Assignment%20-%20Copy/Slot_Assignment/assets/scripts/Main.ts as cce:/internal/x/cc.
18:19:25.183 debug: Resolve cc from file:///C:/Users/xComputers/Desktop/Slot_Assignment%20-%20Copy/Slot_Assignment/assets/scripts/Main.ts as cce:/internal/x/cc.
18:19:25.183 debug: Resolve cc from file:///C:/Users/xComputers/Desktop/Slot_Assignment%20-%20Copy/Slot_Assignment/assets/scripts/Main.ts as cce:/internal/x/cc.
18:19:25.184 debug: Resolve ./MockApi from file:///C:/Users/xComputers/Desktop/Slot_Assignment%20-%20Copy/Slot_Assignment/assets/scripts/Main.ts as file:///C:/Users/xComputers/Desktop/Slot_Assignment%20-%20Copy/Slot_Assignment/assets/scripts/MockApi.ts.
18:19:25.184 debug: Resolve ./PlayButton from file:///C:/Users/xComputers/Desktop/Slot_Assignment%20-%20Copy/Slot_Assignment/assets/scripts/Main.ts as file:///C:/Users/xComputers/Desktop/Slot_Assignment%20-%20Copy/Slot_Assignment/assets/scripts/PlayButton.ts.
18:19:25.185 debug: Resolve ./ReelController from file:///C:/Users/xComputers/Desktop/Slot_Assignment%20-%20Copy/Slot_Assignment/assets/scripts/Main.ts as file:///C:/Users/xComputers/Desktop/Slot_Assignment%20-%20Copy/Slot_Assignment/assets/scripts/ReelController.ts.
18:19:25.185 debug: Resolve ./WinLines from file:///C:/Users/xComputers/Desktop/Slot_Assignment%20-%20Copy/Slot_Assignment/assets/scripts/Main.ts as file:///C:/Users/xComputers/Desktop/Slot_Assignment%20-%20Copy/Slot_Assignment/assets/scripts/WinLines.ts.
18:19:25.185 debug: Resolve ./DebugCheats from file:///C:/Users/xComputers/Desktop/Slot_Assignment%20-%20Copy/Slot_Assignment/assets/scripts/Main.ts as file:///C:/Users/xComputers/Desktop/Slot_Assignment%20-%20Copy/Slot_Assignment/assets/scripts/DebugCheats.ts.
18:19:25.186 debug: Resolve cc from file:///C:/Users/xComputers/Desktop/Slot_Assignment%20-%20Copy/Slot_Assignment/assets/scripts/PlayButton.ts as cce:/internal/x/cc.
18:19:25.186 debug: Resolve cc from file:///C:/Users/xComputers/Desktop/Slot_Assignment%20-%20Copy/Slot_Assignment/assets/scripts/PlayButton.ts as cce:/internal/x/cc.
18:19:25.186 debug: Resolve cc from file:///C:/Users/xComputers/Desktop/Slot_Assignment%20-%20Copy/Slot_Assignment/assets/scripts/PlayButton.ts as cce:/internal/x/cc.
18:19:25.186 debug: Resolve cc from file:///C:/Users/xComputers/Desktop/Slot_Assignment%20-%20Copy/Slot_Assignment/assets/scripts/ReelController.ts as cce:/internal/x/cc.
18:19:25.186 debug: Resolve cc from file:///C:/Users/xComputers/Desktop/Slot_Assignment%20-%20Copy/Slot_Assignment/assets/scripts/ReelController.ts as cce:/internal/x/cc.
18:19:25.186 debug: Resolve cc from file:///C:/Users/xComputers/Desktop/Slot_Assignment%20-%20Copy/Slot_Assignment/assets/scripts/ReelController.ts as cce:/internal/x/cc.
18:19:25.186 debug: Resolve cc from file:///C:/Users/xComputers/Desktop/Slot_Assignment%20-%20Copy/Slot_Assignment/assets/scripts/WinLines.ts as cce:/internal/x/cc.
18:19:25.186 debug: Resolve cc from file:///C:/Users/xComputers/Desktop/Slot_Assignment%20-%20Copy/Slot_Assignment/assets/scripts/WinLines.ts as cce:/internal/x/cc.
18:19:25.186 debug: Resolve cc from file:///C:/Users/xComputers/Desktop/Slot_Assignment%20-%20Copy/Slot_Assignment/assets/scripts/WinLines.ts as cce:/internal/x/cc.
18:19:25.186 debug: Resolve cc from file:///C:/Users/xComputers/Desktop/Slot_Assignment%20-%20Copy/Slot_Assignment/assets/scripts/ResponsiveBackground.ts as cce:/internal/x/cc.
18:19:25.186 debug: Resolve cc from file:///C:/Users/xComputers/Desktop/Slot_Assignment%20-%20Copy/Slot_Assignment/assets/scripts/ResponsiveBackground.ts as cce:/internal/x/cc.
18:19:25.186 debug: Resolve cc from file:///C:/Users/xComputers/Desktop/Slot_Assignment%20-%20Copy/Slot_Assignment/assets/scripts/ResponsiveBackground.ts as cce:/internal/x/cc.
18:19:25.216 debug: Target(preview) ends with cost 89.66730000000007ms.
18:19:26.353 debug: Pulling asset-db.
18:19:26.778 debug: Fetch asset-db cost: 424.5258999999987ms.
18:19:26.779 debug: Build iteration starts.
Number of accumulated asset changes: 13
Feature changed: false
18:19:26.780 debug: Target(editor) build started.
18:19:26.783 debug: Detected change: cce:/internal/x/prerequisite-imports. Last mtime: Thu Jan 01 1970 02:00:07 GMT+0200 (Eastern European Standard Time), Current mtime: Thu Jan 01 1970 02:00:09 GMT+0200 (Eastern European Standard Time)
18:19:26.783 debug: Inspect cce:/internal/x/prerequisite-imports
18:19:26.792 debug: transform url: 'cce:/internal/x/prerequisite-imports' costs: 9.70 ms
18:19:26.794 debug: Resolve file:///C:/ProgramData/cocos/editors/Creator/3.8.6/resources/resources/3d/engine/editor/assets/default_renderpipeline/builtin-dof-pass.ts from cce:/internal/x/prerequisite-imports as file:///C:/ProgramData/cocos/editors/Creator/3.8.6/resources/resources/3d/engine/editor/assets/default_renderpipeline/builtin-dof-pass.ts.
18:19:26.794 debug: Resolve file:///C:/ProgramData/cocos/editors/Creator/3.8.6/resources/resources/3d/engine/editor/assets/default_renderpipeline/builtin-pipeline-pass.ts from cce:/internal/x/prerequisite-imports as file:///C:/ProgramData/cocos/editors/Creator/3.8.6/resources/resources/3d/engine/editor/assets/default_renderpipeline/builtin-pipeline-pass.ts.
18:19:26.795 debug: Resolve file:///C:/ProgramData/cocos/editors/Creator/3.8.6/resources/resources/3d/engine/editor/assets/default_renderpipeline/builtin-pipeline-settings.ts from cce:/internal/x/prerequisite-imports as file:///C:/ProgramData/cocos/editors/Creator/3.8.6/resources/resources/3d/engine/editor/assets/default_renderpipeline/builtin-pipeline-settings.ts.
18:19:26.796 debug: Resolve file:///C:/ProgramData/cocos/editors/Creator/3.8.6/resources/resources/3d/engine/editor/assets/default_renderpipeline/builtin-pipeline-types.ts from cce:/internal/x/prerequisite-imports as file:///C:/ProgramData/cocos/editors/Creator/3.8.6/resources/resources/3d/engine/editor/assets/default_renderpipeline/builtin-pipeline-types.ts.
18:19:26.796 debug: Resolve file:///C:/ProgramData/cocos/editors/Creator/3.8.6/resources/resources/3d/engine/editor/assets/default_renderpipeline/builtin-pipeline.ts from cce:/internal/x/prerequisite-imports as file:///C:/ProgramData/cocos/editors/Creator/3.8.6/resources/resources/3d/engine/editor/assets/default_renderpipeline/builtin-pipeline.ts.
18:19:26.797 debug: Resolve file:///C:/ProgramData/cocos/editors/Creator/3.8.6/resources/resources/3d/engine/editor/assets/tools/debug-view-runtime-control.ts from cce:/internal/x/prerequisite-imports as file:///C:/ProgramData/cocos/editors/Creator/3.8.6/resources/resources/3d/engine/editor/assets/tools/debug-view-runtime-control.ts.
18:19:26.797 debug: Resolve file:///C:/Users/xComputers/Desktop/Slot_Assignment%20-%20Copy/Slot_Assignment/assets/scripts/DebugCheats.ts from cce:/internal/x/prerequisite-imports as file:///C:/Users/xComputers/Desktop/Slot_Assignment%20-%20Copy/Slot_Assignment/assets/scripts/DebugCheats.ts.
18:19:26.799 debug: Resolve file:///C:/Users/xComputers/Desktop/Slot_Assignment%20-%20Copy/Slot_Assignment/assets/scripts/Main.ts from cce:/internal/x/prerequisite-imports as file:///C:/Users/xComputers/Desktop/Slot_Assignment%20-%20Copy/Slot_Assignment/assets/scripts/Main.ts.
18:19:26.799 debug: Resolve file:///C:/Users/xComputers/Desktop/Slot_Assignment%20-%20Copy/Slot_Assignment/assets/scripts/MockApi.ts from cce:/internal/x/prerequisite-imports as file:///C:/Users/xComputers/Desktop/Slot_Assignment%20-%20Copy/Slot_Assignment/assets/scripts/MockApi.ts.
18:19:26.799 debug: Resolve file:///C:/Users/xComputers/Desktop/Slot_Assignment%20-%20Copy/Slot_Assignment/assets/scripts/PlayButton.ts from cce:/internal/x/prerequisite-imports as file:///C:/Users/xComputers/Desktop/Slot_Assignment%20-%20Copy/Slot_Assignment/assets/scripts/PlayButton.ts.
18:19:26.800 debug: Resolve file:///C:/Users/xComputers/Desktop/Slot_Assignment%20-%20Copy/Slot_Assignment/assets/scripts/ReelController.ts from cce:/internal/x/prerequisite-imports as file:///C:/Users/xComputers/Desktop/Slot_Assignment%20-%20Copy/Slot_Assignment/assets/scripts/ReelController.ts.
18:19:26.800 debug: Resolve file:///C:/Users/xComputers/Desktop/Slot_Assignment%20-%20Copy/Slot_Assignment/assets/scripts/ResponsiveBackground.ts from cce:/internal/x/prerequisite-imports as file:///C:/Users/xComputers/Desktop/Slot_Assignment%20-%20Copy/Slot_Assignment/assets/scripts/ResponsiveBackground.ts.
18:19:26.801 debug: Resolve file:///C:/Users/xComputers/Desktop/Slot_Assignment%20-%20Copy/Slot_Assignment/assets/scripts/WinLines.ts from cce:/internal/x/prerequisite-imports as file:///C:/Users/xComputers/Desktop/Slot_Assignment%20-%20Copy/Slot_Assignment/assets/scripts/WinLines.ts.
18:19:26.811 debug: Target(editor) ends with cost 30.102500000000873ms.
18:19:26.811 debug: Target(preview) build started.
18:19:26.813 debug: Detected change: cce:/internal/x/prerequisite-imports. Last mtime: Thu Jan 01 1970 02:00:07 GMT+0200 (Eastern European Standard Time), Current mtime: Thu Jan 01 1970 02:00:09 GMT+0200 (Eastern European Standard Time)
18:19:26.813 debug: Inspect cce:/internal/x/prerequisite-imports
18:19:26.824 debug: transform url: 'cce:/internal/x/prerequisite-imports' costs: 10.60 ms
18:19:26.825 debug: Resolve file:///C:/ProgramData/cocos/editors/Creator/3.8.6/resources/resources/3d/engine/editor/assets/default_renderpipeline/builtin-dof-pass.ts from cce:/internal/x/prerequisite-imports as file:///C:/ProgramData/cocos/editors/Creator/3.8.6/resources/resources/3d/engine/editor/assets/default_renderpipeline/builtin-dof-pass.ts.
18:19:26.825 debug: Resolve file:///C:/ProgramData/cocos/editors/Creator/3.8.6/resources/resources/3d/engine/editor/assets/default_renderpipeline/builtin-pipeline-pass.ts from cce:/internal/x/prerequisite-imports as file:///C:/ProgramData/cocos/editors/Creator/3.8.6/resources/resources/3d/engine/editor/assets/default_renderpipeline/builtin-pipeline-pass.ts.
18:19:26.826 debug: Resolve file:///C:/ProgramData/cocos/editors/Creator/3.8.6/resources/resources/3d/engine/editor/assets/default_renderpipeline/builtin-pipeline-settings.ts from cce:/internal/x/prerequisite-imports as file:///C:/ProgramData/cocos/editors/Creator/3.8.6/resources/resources/3d/engine/editor/assets/default_renderpipeline/builtin-pipeline-settings.ts.
18:19:26.826 debug: Resolve file:///C:/ProgramData/cocos/editors/Creator/3.8.6/resources/resources/3d/engine/editor/assets/default_renderpipeline/builtin-pipeline-types.ts from cce:/internal/x/prerequisite-imports as file:///C:/ProgramData/cocos/editors/Creator/3.8.6/resources/resources/3d/engine/editor/assets/default_renderpipeline/builtin-pipeline-types.ts.
18:19:26.827 debug: Resolve file:///C:/ProgramData/cocos/editors/Creator/3.8.6/resources/resources/3d/engine/editor/assets/default_renderpipeline/builtin-pipeline.ts from cce:/internal/x/prerequisite-imports as file:///C:/ProgramData/cocos/editors/Creator/3.8.6/resources/resources/3d/engine/editor/assets/default_renderpipeline/builtin-pipeline.ts.
18:19:26.827 debug: Resolve file:///C:/ProgramData/cocos/editors/Creator/3.8.6/resources/resources/3d/engine/editor/assets/tools/debug-view-runtime-control.ts from cce:/internal/x/prerequisite-imports as file:///C:/ProgramData/cocos/editors/Creator/3.8.6/resources/resources/3d/engine/editor/assets/tools/debug-view-runtime-control.ts.
18:19:26.828 debug: Resolve file:///C:/Users/xComputers/Desktop/Slot_Assignment%20-%20Copy/Slot_Assignment/assets/scripts/DebugCheats.ts from cce:/internal/x/prerequisite-imports as file:///C:/Users/xComputers/Desktop/Slot_Assignment%20-%20Copy/Slot_Assignment/assets/scripts/DebugCheats.ts.
18:19:26.828 debug: Resolve file:///C:/Users/xComputers/Desktop/Slot_Assignment%20-%20Copy/Slot_Assignment/assets/scripts/Main.ts from cce:/internal/x/prerequisite-imports as file:///C:/Users/xComputers/Desktop/Slot_Assignment%20-%20Copy/Slot_Assignment/assets/scripts/Main.ts.
18:19:26.829 debug: Resolve file:///C:/Users/xComputers/Desktop/Slot_Assignment%20-%20Copy/Slot_Assignment/assets/scripts/MockApi.ts from cce:/internal/x/prerequisite-imports as file:///C:/Users/xComputers/Desktop/Slot_Assignment%20-%20Copy/Slot_Assignment/assets/scripts/MockApi.ts.
18:19:26.829 debug: Resolve file:///C:/Users/xComputers/Desktop/Slot_Assignment%20-%20Copy/Slot_Assignment/assets/scripts/PlayButton.ts from cce:/internal/x/prerequisite-imports as file:///C:/Users/xComputers/Desktop/Slot_Assignment%20-%20Copy/Slot_Assignment/assets/scripts/PlayButton.ts.
18:19:26.830 debug: Resolve file:///C:/Users/xComputers/Desktop/Slot_Assignment%20-%20Copy/Slot_Assignment/assets/scripts/ReelController.ts from cce:/internal/x/prerequisite-imports as file:///C:/Users/xComputers/Desktop/Slot_Assignment%20-%20Copy/Slot_Assignment/assets/scripts/ReelController.ts.
18:19:26.830 debug: Resolve file:///C:/Users/xComputers/Desktop/Slot_Assignment%20-%20Copy/Slot_Assignment/assets/scripts/ResponsiveBackground.ts from cce:/internal/x/prerequisite-imports as file:///C:/Users/xComputers/Desktop/Slot_Assignment%20-%20Copy/Slot_Assignment/assets/scripts/ResponsiveBackground.ts.
18:19:26.830 debug: Resolve file:///C:/Users/xComputers/Desktop/Slot_Assignment%20-%20Copy/Slot_Assignment/assets/scripts/WinLines.ts from cce:/internal/x/prerequisite-imports as file:///C:/Users/xComputers/Desktop/Slot_Assignment%20-%20Copy/Slot_Assignment/assets/scripts/WinLines.ts.
18:19:26.841 debug: Target(preview) ends with cost 29.710299999998824ms.
18:27:32.347 debug: Dispatch build request for time accumulated 1 asset changes.
18:27:32.348 debug: Build iteration starts.
Number of accumulated asset changes: 1
Feature changed: false
18:27:32.348 debug: Target(editor) build started.
18:27:32.350 debug: Detected change: cce:/internal/x/prerequisite-imports. Last mtime: Thu Jan 01 1970 02:00:09 GMT+0200 (Eastern European Standard Time), Current mtime: Thu Jan 01 1970 02:08:14 GMT+0200 (Eastern European Standard Time)
18:27:32.350 debug: Inspect cce:/internal/x/prerequisite-imports
18:27:32.362 debug: transform url: 'cce:/internal/x/prerequisite-imports' costs: 11.80 ms
18:27:32.364 debug: Resolve file:///C:/ProgramData/cocos/editors/Creator/3.8.6/resources/resources/3d/engine/editor/assets/default_renderpipeline/builtin-dof-pass.ts from cce:/internal/x/prerequisite-imports as file:///C:/ProgramData/cocos/editors/Creator/3.8.6/resources/resources/3d/engine/editor/assets/default_renderpipeline/builtin-dof-pass.ts.
18:27:32.365 debug: Resolve file:///C:/ProgramData/cocos/editors/Creator/3.8.6/resources/resources/3d/engine/editor/assets/default_renderpipeline/builtin-pipeline-pass.ts from cce:/internal/x/prerequisite-imports as file:///C:/ProgramData/cocos/editors/Creator/3.8.6/resources/resources/3d/engine/editor/assets/default_renderpipeline/builtin-pipeline-pass.ts.
18:27:32.366 debug: Resolve file:///C:/ProgramData/cocos/editors/Creator/3.8.6/resources/resources/3d/engine/editor/assets/default_renderpipeline/builtin-pipeline-settings.ts from cce:/internal/x/prerequisite-imports as file:///C:/ProgramData/cocos/editors/Creator/3.8.6/resources/resources/3d/engine/editor/assets/default_renderpipeline/builtin-pipeline-settings.ts.
18:27:32.366 debug: Resolve file:///C:/ProgramData/cocos/editors/Creator/3.8.6/resources/resources/3d/engine/editor/assets/default_renderpipeline/builtin-pipeline-types.ts from cce:/internal/x/prerequisite-imports as file:///C:/ProgramData/cocos/editors/Creator/3.8.6/resources/resources/3d/engine/editor/assets/default_renderpipeline/builtin-pipeline-types.ts.
18:27:32.367 debug: Resolve file:///C:/ProgramData/cocos/editors/Creator/3.8.6/resources/resources/3d/engine/editor/assets/default_renderpipeline/builtin-pipeline.ts from cce:/internal/x/prerequisite-imports as file:///C:/ProgramData/cocos/editors/Creator/3.8.6/resources/resources/3d/engine/editor/assets/default_renderpipeline/builtin-pipeline.ts.
18:27:32.367 debug: Resolve file:///C:/ProgramData/cocos/editors/Creator/3.8.6/resources/resources/3d/engine/editor/assets/tools/debug-view-runtime-control.ts from cce:/internal/x/prerequisite-imports as file:///C:/ProgramData/cocos/editors/Creator/3.8.6/resources/resources/3d/engine/editor/assets/tools/debug-view-runtime-control.ts.
18:27:32.368 debug: Resolve file:///C:/Users/xComputers/Desktop/Slot_Assignment%20-%20Copy/Slot_Assignment/assets/scripts/DebugCheats.ts from cce:/internal/x/prerequisite-imports as file:///C:/Users/xComputers/Desktop/Slot_Assignment%20-%20Copy/Slot_Assignment/assets/scripts/DebugCheats.ts.
18:27:32.368 debug: Resolve file:///C:/Users/xComputers/Desktop/Slot_Assignment%20-%20Copy/Slot_Assignment/assets/scripts/Main.ts from cce:/internal/x/prerequisite-imports as file:///C:/Users/xComputers/Desktop/Slot_Assignment%20-%20Copy/Slot_Assignment/assets/scripts/Main.ts.
18:27:32.368 debug: Resolve file:///C:/Users/xComputers/Desktop/Slot_Assignment%20-%20Copy/Slot_Assignment/assets/scripts/MockApi.ts from cce:/internal/x/prerequisite-imports as file:///C:/Users/xComputers/Desktop/Slot_Assignment%20-%20Copy/Slot_Assignment/assets/scripts/MockApi.ts.
18:27:32.368 debug: Resolve file:///C:/Users/xComputers/Desktop/Slot_Assignment%20-%20Copy/Slot_Assignment/assets/scripts/PlayButton.ts from cce:/internal/x/prerequisite-imports as file:///C:/Users/xComputers/Desktop/Slot_Assignment%20-%20Copy/Slot_Assignment/assets/scripts/PlayButton.ts.
18:27:32.369 debug: Resolve file:///C:/Users/xComputers/Desktop/Slot_Assignment%20-%20Copy/Slot_Assignment/assets/scripts/ReelController.ts from cce:/internal/x/prerequisite-imports as file:///C:/Users/xComputers/Desktop/Slot_Assignment%20-%20Copy/Slot_Assignment/assets/scripts/ReelController.ts.
18:27:32.369 debug: Detected change: file:///C:/Users/xComputers/Desktop/Slot_Assignment%20-%20Copy/Slot_Assignment/assets/scripts/ReelController.ts. Last mtime: Wed May 27 2026 03:20:14 GMT+0300 (Eastern European Summer Time)@ebd8c3b9-93bf-49e0-8c8c-90d80900bee1, Current mtime: Wed May 27 2026 18:27:31 GMT+0300 (Eastern European Summer Time)@ebd8c3b9-93bf-49e0-8c8c-90d80900bee1
18:27:32.369 debug: Inspect file:///C:/Users/xComputers/Desktop/Slot_Assignment%20-%20Copy/Slot_Assignment/assets/scripts/ReelController.ts
18:27:32.451 debug: transform url: 'file:///C:/Users/xComputers/Desktop/Slot_Assignment%20-%20Copy/Slot_Assignment/assets/scripts/ReelController.ts' costs: 82.30 ms
18:27:32.453 debug: Resolve file:///C:/Users/xComputers/Desktop/Slot_Assignment%20-%20Copy/Slot_Assignment/assets/scripts/ResponsiveBackground.ts from cce:/internal/x/prerequisite-imports as file:///C:/Users/xComputers/Desktop/Slot_Assignment%20-%20Copy/Slot_Assignment/assets/scripts/ResponsiveBackground.ts.
18:27:32.453 debug: Resolve file:///C:/Users/xComputers/Desktop/Slot_Assignment%20-%20Copy/Slot_Assignment/assets/scripts/WinLines.ts from cce:/internal/x/prerequisite-imports as file:///C:/Users/xComputers/Desktop/Slot_Assignment%20-%20Copy/Slot_Assignment/assets/scripts/WinLines.ts.
18:27:32.454 debug: Resolve cc from file:///C:/Users/xComputers/Desktop/Slot_Assignment%20-%20Copy/Slot_Assignment/assets/scripts/ReelController.ts as cce:/internal/x/cc.
18:27:32.454 debug: Resolve cc from file:///C:/Users/xComputers/Desktop/Slot_Assignment%20-%20Copy/Slot_Assignment/assets/scripts/ReelController.ts as cce:/internal/x/cc.
18:27:32.454 debug: Resolve cc from file:///C:/Users/xComputers/Desktop/Slot_Assignment%20-%20Copy/Slot_Assignment/assets/scripts/ReelController.ts as cce:/internal/x/cc.
18:27:32.462 debug: Target(editor) ends with cost 114.30440000002272ms.
18:27:32.463 debug: Target(preview) build started.
18:27:32.464 debug: Detected change: cce:/internal/x/prerequisite-imports. Last mtime: Thu Jan 01 1970 02:00:09 GMT+0200 (Eastern European Standard Time), Current mtime: Thu Jan 01 1970 02:08:14 GMT+0200 (Eastern European Standard Time)
18:27:32.464 debug: Inspect cce:/internal/x/prerequisite-imports
18:27:32.473 debug: transform url: 'cce:/internal/x/prerequisite-imports' costs: 8.70 ms
18:27:32.475 debug: Resolve file:///C:/ProgramData/cocos/editors/Creator/3.8.6/resources/resources/3d/engine/editor/assets/default_renderpipeline/builtin-dof-pass.ts from cce:/internal/x/prerequisite-imports as file:///C:/ProgramData/cocos/editors/Creator/3.8.6/resources/resources/3d/engine/editor/assets/default_renderpipeline/builtin-dof-pass.ts.
18:27:32.475 debug: Resolve file:///C:/ProgramData/cocos/editors/Creator/3.8.6/resources/resources/3d/engine/editor/assets/default_renderpipeline/builtin-pipeline-pass.ts from cce:/internal/x/prerequisite-imports as file:///C:/ProgramData/cocos/editors/Creator/3.8.6/resources/resources/3d/engine/editor/assets/default_renderpipeline/builtin-pipeline-pass.ts.
18:27:32.475 debug: Resolve file:///C:/ProgramData/cocos/editors/Creator/3.8.6/resources/resources/3d/engine/editor/assets/default_renderpipeline/builtin-pipeline-settings.ts from cce:/internal/x/prerequisite-imports as file:///C:/ProgramData/cocos/editors/Creator/3.8.6/resources/resources/3d/engine/editor/assets/default_renderpipeline/builtin-pipeline-settings.ts.
18:27:32.476 debug: Resolve file:///C:/ProgramData/cocos/editors/Creator/3.8.6/resources/resources/3d/engine/editor/assets/default_renderpipeline/builtin-pipeline-types.ts from cce:/internal/x/prerequisite-imports as file:///C:/ProgramData/cocos/editors/Creator/3.8.6/resources/resources/3d/engine/editor/assets/default_renderpipeline/builtin-pipeline-types.ts.
18:27:32.476 debug: Resolve file:///C:/ProgramData/cocos/editors/Creator/3.8.6/resources/resources/3d/engine/editor/assets/default_renderpipeline/builtin-pipeline.ts from cce:/internal/x/prerequisite-imports as file:///C:/ProgramData/cocos/editors/Creator/3.8.6/resources/resources/3d/engine/editor/assets/default_renderpipeline/builtin-pipeline.ts.
18:27:32.477 debug: Resolve file:///C:/ProgramData/cocos/editors/Creator/3.8.6/resources/resources/3d/engine/editor/assets/tools/debug-view-runtime-control.ts from cce:/internal/x/prerequisite-imports as file:///C:/ProgramData/cocos/editors/Creator/3.8.6/resources/resources/3d/engine/editor/assets/tools/debug-view-runtime-control.ts.
18:27:32.477 debug: Resolve file:///C:/Users/xComputers/Desktop/Slot_Assignment%20-%20Copy/Slot_Assignment/assets/scripts/DebugCheats.ts from cce:/internal/x/prerequisite-imports as file:///C:/Users/xComputers/Desktop/Slot_Assignment%20-%20Copy/Slot_Assignment/assets/scripts/DebugCheats.ts.
18:27:32.477 debug: Resolve file:///C:/Users/xComputers/Desktop/Slot_Assignment%20-%20Copy/Slot_Assignment/assets/scripts/Main.ts from cce:/internal/x/prerequisite-imports as file:///C:/Users/xComputers/Desktop/Slot_Assignment%20-%20Copy/Slot_Assignment/assets/scripts/Main.ts.
18:27:32.477 debug: Resolve file:///C:/Users/xComputers/Desktop/Slot_Assignment%20-%20Copy/Slot_Assignment/assets/scripts/MockApi.ts from cce:/internal/x/prerequisite-imports as file:///C:/Users/xComputers/Desktop/Slot_Assignment%20-%20Copy/Slot_Assignment/assets/scripts/MockApi.ts.
18:27:32.478 debug: Resolve file:///C:/Users/xComputers/Desktop/Slot_Assignment%20-%20Copy/Slot_Assignment/assets/scripts/PlayButton.ts from cce:/internal/x/prerequisite-imports as file:///C:/Users/xComputers/Desktop/Slot_Assignment%20-%20Copy/Slot_Assignment/assets/scripts/PlayButton.ts.
18:27:32.478 debug: Resolve file:///C:/Users/xComputers/Desktop/Slot_Assignment%20-%20Copy/Slot_Assignment/assets/scripts/ReelController.ts from cce:/internal/x/prerequisite-imports as file:///C:/Users/xComputers/Desktop/Slot_Assignment%20-%20Copy/Slot_Assignment/assets/scripts/ReelController.ts.
18:27:32.478 debug: Detected change: file:///C:/Users/xComputers/Desktop/Slot_Assignment%20-%20Copy/Slot_Assignment/assets/scripts/ReelController.ts. Last mtime: Wed May 27 2026 03:20:14 GMT+0300 (Eastern European Summer Time)@ebd8c3b9-93bf-49e0-8c8c-90d80900bee1, Current mtime: Wed May 27 2026 18:27:31 GMT+0300 (Eastern European Summer Time)@ebd8c3b9-93bf-49e0-8c8c-90d80900bee1
18:27:32.478 debug: Inspect file:///C:/Users/xComputers/Desktop/Slot_Assignment%20-%20Copy/Slot_Assignment/assets/scripts/ReelController.ts
18:27:32.551 debug: transform url: 'file:///C:/Users/xComputers/Desktop/Slot_Assignment%20-%20Copy/Slot_Assignment/assets/scripts/ReelController.ts' costs: 73.00 ms
18:27:32.553 debug: Resolve file:///C:/Users/xComputers/Desktop/Slot_Assignment%20-%20Copy/Slot_Assignment/assets/scripts/ResponsiveBackground.ts from cce:/internal/x/prerequisite-imports as file:///C:/Users/xComputers/Desktop/Slot_Assignment%20-%20Copy/Slot_Assignment/assets/scripts/ResponsiveBackground.ts.
18:27:32.554 debug: Resolve file:///C:/Users/xComputers/Desktop/Slot_Assignment%20-%20Copy/Slot_Assignment/assets/scripts/WinLines.ts from cce:/internal/x/prerequisite-imports as file:///C:/Users/xComputers/Desktop/Slot_Assignment%20-%20Copy/Slot_Assignment/assets/scripts/WinLines.ts.
18:27:32.554 debug: Resolve cc from file:///C:/Users/xComputers/Desktop/Slot_Assignment%20-%20Copy/Slot_Assignment/assets/scripts/ReelController.ts as cce:/internal/x/cc.
18:27:32.554 debug: Resolve cc from file:///C:/Users/xComputers/Desktop/Slot_Assignment%20-%20Copy/Slot_Assignment/assets/scripts/ReelController.ts as cce:/internal/x/cc.
18:27:32.554 debug: Resolve cc from file:///C:/Users/xComputers/Desktop/Slot_Assignment%20-%20Copy/Slot_Assignment/assets/scripts/ReelController.ts as cce:/internal/x/cc.
18:27:32.574 debug: Target(preview) ends with cost 110.84289999998873ms.
