25-05-2026 18:42:21-log: Cannot access game frame or container.
25-05-2026 18:42:22-debug: asset-db:require-engine-code (532ms)
25-05-2026 18:42:22-log: meshopt wasm decoder initialized
25-05-2026 18:42:22-log: [bullet]:bullet wasm lib loaded.
25-05-2026 18:42:22-log: [box2d]:box2d wasm lib loaded.
25-05-2026 18:42:22-log: Cocos Creator v3.8.6
25-05-2026 18:42:22-log: Using legacy pipeline
25-05-2026 18:42:22-debug: [Assets Memory track]: asset-db:worker-init: initEngine start:31.47MB, end 80.00MB, increase: 48.53MB
25-05-2026 18:42:23-debug: [Assets Memory track]: asset-db-plugin-register: project start:80.72MB, end 288.72MB, increase: 208.00MB
25-05-2026 18:42:22-log: Forward render pipeline initialized.
25-05-2026 18:42:23-debug: [Assets Memory track]: asset-db-plugin-register: builder start:84.26MB, end 290.49MB, increase: 206.23MB
25-05-2026 18:42:23-debug: [Assets Memory track]: asset-db:worker-init: initPlugin start:80.02MB, end 289.16MB, increase: 209.14MB
25-05-2026 18:42:22-debug: [Assets Memory track]: asset-db-plugin-register: programming start:80.87MB, end 84.21MB, increase: 3.34MB
25-05-2026 18:42:23-debug: run package(xiaomi-quick-game) handler(enable) start
25-05-2026 18:42:23-debug: run package(xiaomi-quick-game) handler(enable) success!
25-05-2026 18:42:23-debug: run package(cocos-service) handler(enable) start
25-05-2026 18:42:23-debug: run package(cocos-service) handler(enable) success!
25-05-2026 18:42:23-debug: run package(im-plugin) handler(enable) start
25-05-2026 18:42:23-debug: run package(fix-asset-default-userdata) handler(enable) start
25-05-2026 18:42:23-debug: run package(fix-asset-default-userdata) handler(enable) success!
25-05-2026 18:42:23-debug: run package(im-plugin) handler(enable) success!
25-05-2026 18:42:23-debug: run package(placeholder) handler(enable) start
25-05-2026 18:42:23-debug: run package(placeholder) handler(enable) success!
25-05-2026 18:42:23-debug: asset-db:worker-init: initPlugin (1582ms)
25-05-2026 18:42:23-debug: [Assets Memory track]: asset-db:worker-init start:31.46MB, end 289.41MB, increase: 257.94MB
25-05-2026 18:42:23-debug: Run asset db hook programming:beforePreStart success!
25-05-2026 18:42:23-debug: Run asset db hook engine-extends:beforePreStart success!
25-05-2026 18:42:23-debug: Run asset db hook programming:beforePreStart ...
25-05-2026 18:42:23-debug: Run asset db hook engine-extends:beforePreStart ...
25-05-2026 18:42:25-debug: asset-db-hook-programming-beforePreStart (1330ms)
25-05-2026 18:42:25-debug: asset-db:worker-init (3606ms)
25-05-2026 18:42:25-debug: asset-db-hook-engine-extends-beforePreStart (1330ms)
25-05-2026 18:42:25-debug: Preimport db internal success
25-05-2026 18:42:25-debug: Preimport db assets success
25-05-2026 18:42:25-debug: Run asset db hook programming:afterPreStart ...
25-05-2026 18:42:25-debug: starting packer-driver...
25-05-2026 18:42:26-debug: initialize scripting environment...
25-05-2026 18:42:26-debug: [[Executor]] prepare before lock
25-05-2026 18:42:26-debug: Set detail map pack:///resolution-detail-map.json: {}
25-05-2026 18:42:26-debug: [[Executor]] prepare after unlock
25-05-2026 18:42:26-debug: Run asset db hook programming:afterPreStart success!
25-05-2026 18:42:26-debug: Start up the 'internal' database...
25-05-2026 18:42:26-debug: Run asset db hook engine-extends:afterPreStart success!
25-05-2026 18:42:26-debug: Run asset db hook engine-extends:afterPreStart ...
25-05-2026 18:42:26-debug: asset-db-hook-programming-afterPreStart (1138ms)
25-05-2026 18:42:26-debug: asset-db:worker-effect-data-processing (864ms)
25-05-2026 18:42:26-debug: asset-db-hook-engine-extends-afterPreStart (865ms)
25-05-2026 18:42:27-debug: Start up the 'assets' database...
25-05-2026 18:42:27-debug: %cImport%c: C:\Users\xComputers\Desktop\Slot_Assignment - Copy\Slot_Assignment\assets\scenes\main.scenebackground: #aaff85; color: #000;color: #000;
25-05-2026 18:42:27-debug: asset-db:worker-startup-database[internal] (3359ms)
25-05-2026 18:42:27-debug: [Assets Memory track]: asset-db:worker-init: startup start:173.12MB, end 190.40MB, increase: 17.28MB
25-05-2026 18:42:27-debug: lazy register asset handler json
25-05-2026 18:42:27-debug: lazy register asset handler *
25-05-2026 18:42:27-debug: lazy register asset handler text
25-05-2026 18:42:27-debug: lazy register asset handler directory
25-05-2026 18:42:27-debug: lazy register asset handler spine-data
25-05-2026 18:42:27-debug: lazy register asset handler dragonbones-atlas
25-05-2026 18:42:27-debug: lazy register asset handler javascript
25-05-2026 18:42:27-debug: lazy register asset handler terrain
25-05-2026 18:42:27-debug: lazy register asset handler typescript
25-05-2026 18:42:27-debug: lazy register asset handler sprite-frame
25-05-2026 18:42:27-debug: lazy register asset handler prefab
25-05-2026 18:42:27-debug: lazy register asset handler tiled-map
25-05-2026 18:42:27-debug: lazy register asset handler buffer
25-05-2026 18:42:27-debug: lazy register asset handler image
25-05-2026 18:42:27-debug: lazy register asset handler sign-image
25-05-2026 18:42:27-debug: lazy register asset handler dragonbones
25-05-2026 18:42:27-debug: lazy register asset handler texture
25-05-2026 18:42:27-debug: lazy register asset handler texture-cube
25-05-2026 18:42:27-debug: lazy register asset handler erp-texture-cube
25-05-2026 18:42:27-debug: lazy register asset handler scene
25-05-2026 18:42:27-debug: lazy register asset handler render-texture
25-05-2026 18:42:27-debug: lazy register asset handler texture-cube-face
25-05-2026 18:42:27-debug: lazy register asset handler rt-sprite-frame
25-05-2026 18:42:27-debug: lazy register asset handler gltf-mesh
25-05-2026 18:42:27-debug: lazy register asset handler gltf-animation
25-05-2026 18:42:27-debug: lazy register asset handler gltf
25-05-2026 18:42:27-debug: lazy register asset handler gltf-skeleton
25-05-2026 18:42:27-debug: lazy register asset handler alpha-image
25-05-2026 18:42:27-debug: lazy register asset handler gltf-material
25-05-2026 18:42:27-debug: lazy register asset handler gltf-embeded-image
25-05-2026 18:42:27-debug: lazy register asset handler material
25-05-2026 18:42:27-debug: lazy register asset handler gltf-scene
25-05-2026 18:42:27-debug: lazy register asset handler physics-material
25-05-2026 18:42:27-debug: lazy register asset handler effect
25-05-2026 18:42:27-debug: lazy register asset handler effect-header
25-05-2026 18:42:27-debug: lazy register asset handler fbx
25-05-2026 18:42:27-debug: lazy register asset handler animation-graph
25-05-2026 18:42:27-debug: lazy register asset handler audio-clip
25-05-2026 18:42:27-debug: lazy register asset handler animation-clip
25-05-2026 18:42:27-debug: lazy register asset handler animation-graph-variant
25-05-2026 18:42:27-debug: lazy register asset handler animation-mask
25-05-2026 18:42:27-debug: lazy register asset handler bitmap-font
25-05-2026 18:42:27-debug: lazy register asset handler ttf-font
25-05-2026 18:42:27-debug: lazy register asset handler sprite-atlas
25-05-2026 18:42:27-debug: lazy register asset handler particle
25-05-2026 18:42:27-debug: lazy register asset handler render-pipeline
25-05-2026 18:42:27-debug: lazy register asset handler render-stage
25-05-2026 18:42:27-debug: lazy register asset handler render-flow
25-05-2026 18:42:27-debug: lazy register asset handler instantiation-material
25-05-2026 18:42:27-debug: lazy register asset handler label-atlas
25-05-2026 18:42:27-debug: lazy register asset handler instantiation-mesh
25-05-2026 18:42:27-debug: lazy register asset handler auto-atlas
25-05-2026 18:42:27-debug: lazy register asset handler instantiation-animation
25-05-2026 18:42:27-debug: lazy register asset handler video-clip
25-05-2026 18:42:27-debug: lazy register asset handler instantiation-skeleton
25-05-2026 18:42:27-debug: asset-db:worker-startup-database[assets] (1453ms)
25-05-2026 18:42:27-debug: asset-db:ready (8358ms)
25-05-2026 18:42:27-debug: asset-db:start-database (3412ms)
25-05-2026 18:42:27-debug: fix the bug of updateDefaultUserData
25-05-2026 18:42:27-debug: init worker message success
25-05-2026 18:42:27-debug: programming:execute-script (4ms)
25-05-2026 18:42:27-debug: [Build Memory track]: builder:worker-init start:188.57MB, end 201.92MB, increase: 13.35MB
25-05-2026 18:42:27-debug: builder:worker-init (457ms)
25-05-2026 18:42:42-debug: refresh db internal success
25-05-2026 18:42:42-debug: refresh db assets success
25-05-2026 18:42:42-debug: Run asset db hook engine-extends:afterRefresh ...
25-05-2026 18:42:42-debug: Run asset db hook engine-extends:afterRefresh success!
25-05-2026 18:42:42-debug: asset-db:refresh-all-database (76ms)
25-05-2026 18:59:43-debug: refresh db internal success
25-05-2026 18:59:43-debug: refresh db assets success
25-05-2026 18:59:43-debug: Run asset db hook engine-extends:afterRefresh ...
25-05-2026 18:59:43-debug: Run asset db hook engine-extends:afterRefresh success!
25-05-2026 18:59:43-debug: asset-db:refresh-all-database (74ms)
25-05-2026 18:59:43-debug: asset-db:worker-effect-data-processing (1ms)
25-05-2026 18:59:43-debug: asset-db-hook-engine-extends-afterRefresh (2ms)
25-05-2026 18:59:44-debug: Query all assets info in project
25-05-2026 18:59:44-debug: init custom config: keepNodeUuid: false, useCache: true
25-05-2026 18:59:44-debug: Skip compress image, progress: 0%
25-05-2026 18:59:44-debug: Init all bundles start..., progress: 0%
25-05-2026 18:59:44-debug: // ---- build task Query asset bundle ----
25-05-2026 18:59:44-debug: Num of bundles: 2..., progress: 0%
25-05-2026 18:59:44-debug: Init bundle root assets start..., progress: 0%
25-05-2026 18:59:44-debug: Query asset bundle start, progress: 0%
25-05-2026 18:59:44-debug:   Number of all scenes: 1
25-05-2026 18:59:44-debug: Query preload assets/scripts from cc.config.json: 60f7195c-ec2a-45eb-ba94-8955f60e81d0,1c02ae6f-4492-4915-b8f8-7492a3b1e4cd,810e96e4-e456-4468-9b59-f4e8f39732c0,efe8e2a3-eace-427b-b4f1-cb8a937ec77d,e9aa9a3e-5b2b-4ac7-a2c7-073de2b2b24f,8bbdbcdd-5cd4-4100-b6d5-b7c9625b6107,50f4348b-c883-4e2f-8f11-ce233b859fa1,fda095cb-831d-4601-ad94-846013963de8,f92806d7-1768-443f-afe8-12bcde84d0f0,dd3a144d-ab7f-41f0-82b8-2e43a090d496,f0416e68-0200-4b77-a926-4f9d16e494da,970b0598-bcb0-4714-91fb-2e81440dccd8,bcd64cc6-2dd9-43f6-abbe-66318d332032,d930590d-bb92-4cc8-8bd1-23cd027f9edf,a3cd009f-0ab0-420d-9278-b9fdab939bbc,6a2d0734-bd9e-4ddf-946e-caa52498cb75,c27215d8-6835-4b68-bfbb-bdeac6100c04,b5d6115f-0370-4d7c-aad3-c194cc71cf98,871c3b6c-7379-419d-bda3-794b239ab90d,ff9b0199-ce04-4cfe-86cc-6c719f08d6e4,de1c2107-70c8-4021-8459-6399f24d01c6,cbf30902-517f-40dc-af90-a550bac27cf1
25-05-2026 18:59:44-debug:   Number of all scripts: 13
25-05-2026 18:59:44-debug:   Number of other assets: 391
25-05-2026 18:59:44-debug: Init bundle root assets success..., progress: 0%
25-05-2026 18:59:44-debug: // ---- build task Query asset bundle ---- (8ms)
25-05-2026 18:59:44-log: run build task Query asset bundle success in 8 ms√, progress: 5%
25-05-2026 18:59:44-debug: [Build Memory track]: Query asset bundle start:196.74MB, end 196.57MB, increase: -178.46KB
25-05-2026 18:59:44-debug: Query asset bundle start, progress: 5%
25-05-2026 18:59:44-debug: // ---- build task Query asset bundle ----
25-05-2026 18:59:44-log: run build task Query asset bundle success in 2 ms√, progress: 10%
25-05-2026 18:59:45-debug: [Build Memory track]: Query asset bundle start:196.60MB, end 196.70MB, increase: 101.36KB
25-05-2026 18:59:45-debug: Sort some build options to settings.json start, progress: 10%
25-05-2026 18:59:44-debug: // ---- build task Query asset bundle ---- (2ms)
25-05-2026 18:59:45-debug: // ---- build task Sort some build options to settings.json ----
25-05-2026 18:59:45-debug: // ---- build task Sort some build options to settings.json ---- (1ms)
25-05-2026 18:59:45-log: run build task Sort some build options to settings.json success in 1 ms√, progress: 12%
25-05-2026 18:59:45-debug: [Build Memory track]: Sort some build options to settings.json start:196.74MB, end 196.77MB, increase: 31.93KB
25-05-2026 18:59:45-debug: Fill script data to settings start, progress: 12%
25-05-2026 18:59:45-debug: // ---- build task Fill script data to settings ----
25-05-2026 18:59:45-debug: // ---- build task Fill script data to settings ---- (2ms)
25-05-2026 18:59:45-log: run build task Fill script data to settings success in 2 ms√, progress: 13%
25-05-2026 18:59:45-debug: Sort some build options to settings.json start, progress: 13%
25-05-2026 18:59:45-debug: [Build Memory track]: Fill script data to settings start:196.81MB, end 196.84MB, increase: 32.91KB
25-05-2026 18:59:45-debug: // ---- build task Sort some build options to settings.json ----
25-05-2026 18:59:45-debug: // ---- build task Sort some build options to settings.json ---- (7ms)
25-05-2026 18:59:45-log: run build task Sort some build options to settings.json success in 7 ms√, progress: 15%
25-05-2026 18:59:45-debug: [Build Memory track]: Sort some build options to settings.json start:196.88MB, end 197.03MB, increase: 155.36KB
25-05-2026 19:00:59-debug: refresh db internal success
25-05-2026 19:00:59-debug: refresh db assets success
25-05-2026 19:00:59-debug: Run asset db hook engine-extends:afterRefresh ...
25-05-2026 19:00:59-debug: Run asset db hook engine-extends:afterRefresh success!
25-05-2026 19:00:59-debug: asset-db:refresh-all-database (65ms)
25-05-2026 19:00:59-debug: asset-db:worker-effect-data-processing (1ms)
25-05-2026 19:00:59-debug: asset-db-hook-engine-extends-afterRefresh (1ms)
25-05-2026 19:01:04-debug: %cImport%c: C:\Users\xComputers\Desktop\Slot_Assignment - Copy\Slot_Assignment\assets\scenes\main.scenebackground: #aaff85; color: #000;color: #000;
25-05-2026 19:01:04-debug: asset-db:reimport-asset805c919f-5b18-43e8-ab06-c23eb2a44a84 (11ms)
25-05-2026 19:01:04-debug: Query all assets info in project
25-05-2026 19:01:04-debug: init custom config: keepNodeUuid: false, useCache: true
25-05-2026 19:01:04-debug: Skip compress image, progress: 0%
25-05-2026 19:01:04-debug: Init all bundles start..., progress: 0%
25-05-2026 19:01:04-debug: // ---- build task Query asset bundle ----
25-05-2026 19:01:04-debug: Init bundle root assets start..., progress: 0%
25-05-2026 19:01:04-debug: Query asset bundle start, progress: 0%
25-05-2026 19:01:04-debug: Num of bundles: 2..., progress: 0%
25-05-2026 19:01:04-debug:   Number of all scenes: 1
25-05-2026 19:01:04-debug: Query preload assets/scripts from cc.config.json: 60f7195c-ec2a-45eb-ba94-8955f60e81d0,1c02ae6f-4492-4915-b8f8-7492a3b1e4cd,810e96e4-e456-4468-9b59-f4e8f39732c0,efe8e2a3-eace-427b-b4f1-cb8a937ec77d,e9aa9a3e-5b2b-4ac7-a2c7-073de2b2b24f,8bbdbcdd-5cd4-4100-b6d5-b7c9625b6107,50f4348b-c883-4e2f-8f11-ce233b859fa1,fda095cb-831d-4601-ad94-846013963de8,f92806d7-1768-443f-afe8-12bcde84d0f0,dd3a144d-ab7f-41f0-82b8-2e43a090d496,f0416e68-0200-4b77-a926-4f9d16e494da,970b0598-bcb0-4714-91fb-2e81440dccd8,bcd64cc6-2dd9-43f6-abbe-66318d332032,d930590d-bb92-4cc8-8bd1-23cd027f9edf,a3cd009f-0ab0-420d-9278-b9fdab939bbc,6a2d0734-bd9e-4ddf-946e-caa52498cb75,c27215d8-6835-4b68-bfbb-bdeac6100c04,b5d6115f-0370-4d7c-aad3-c194cc71cf98,871c3b6c-7379-419d-bda3-794b239ab90d,ff9b0199-ce04-4cfe-86cc-6c719f08d6e4,de1c2107-70c8-4021-8459-6399f24d01c6,cbf30902-517f-40dc-af90-a550bac27cf1
25-05-2026 19:01:04-debug:   Number of all scripts: 13
25-05-2026 19:01:04-debug:   Number of other assets: 391
25-05-2026 19:01:04-debug: Init bundle root assets success..., progress: 0%
25-05-2026 19:01:04-debug: // ---- build task Query asset bundle ---- (4ms)
25-05-2026 19:01:04-log: run build task Query asset bundle success in 4 ms√, progress: 5%
25-05-2026 19:01:04-debug: [Build Memory track]: Query asset bundle start:199.17MB, end 198.86MB, increase: -316.13KB
25-05-2026 19:01:04-debug: Query asset bundle start, progress: 5%
25-05-2026 19:01:04-debug: // ---- build task Query asset bundle ----
25-05-2026 19:01:04-debug: // ---- build task Query asset bundle ---- (2ms)
25-05-2026 19:01:04-log: run build task Query asset bundle success in 2 ms√, progress: 10%
25-05-2026 19:01:04-debug: Sort some build options to settings.json start, progress: 10%
25-05-2026 19:01:04-debug: [Build Memory track]: Query asset bundle start:198.90MB, end 199.00MB, increase: 99.86KB
25-05-2026 19:01:04-debug: // ---- build task Sort some build options to settings.json ----
25-05-2026 19:01:04-debug: // ---- build task Sort some build options to settings.json ---- (1ms)
25-05-2026 19:01:04-log: run build task Sort some build options to settings.json success in 1 ms√, progress: 12%
25-05-2026 19:01:04-debug: Fill script data to settings start, progress: 12%
25-05-2026 19:01:04-debug: [Build Memory track]: Sort some build options to settings.json start:199.04MB, end 198.32MB, increase: -740.49KB
25-05-2026 19:01:04-debug: // ---- build task Fill script data to settings ----
25-05-2026 19:01:04-log: run build task Fill script data to settings success in √, progress: 13%
25-05-2026 19:01:04-debug: [Build Memory track]: Fill script data to settings start:198.36MB, end 198.38MB, increase: 26.45KB
25-05-2026 19:01:04-debug: Sort some build options to settings.json start, progress: 13%
25-05-2026 19:01:04-debug: // ---- build task Sort some build options to settings.json ----
25-05-2026 19:01:04-debug: // ---- build task Sort some build options to settings.json ---- (2ms)
25-05-2026 19:01:04-log: run build task Sort some build options to settings.json success in 2 ms√, progress: 15%
25-05-2026 19:01:04-debug: [Build Memory track]: Sort some build options to settings.json start:198.42MB, end 198.56MB, increase: 148.84KB
25-05-2026 19:01:19-debug: refresh db internal success
25-05-2026 19:01:19-debug: refresh db assets success
25-05-2026 19:01:19-debug: Run asset db hook engine-extends:afterRefresh ...
25-05-2026 19:01:19-debug: Run asset db hook engine-extends:afterRefresh success!
25-05-2026 19:01:19-debug: asset-db:refresh-all-database (65ms)
25-05-2026 19:01:19-debug: asset-db:worker-effect-data-processing (1ms)
25-05-2026 19:01:19-debug: asset-db-hook-engine-extends-afterRefresh (1ms)
25-05-2026 19:01:26-debug: %cImport%c: C:\Users\xComputers\Desktop\Slot_Assignment - Copy\Slot_Assignment\assets\scenes\main.scenebackground: #aaff85; color: #000;color: #000;
25-05-2026 19:01:26-debug: asset-db:reimport-asset805c919f-5b18-43e8-ab06-c23eb2a44a84 (11ms)
25-05-2026 19:01:27-debug: Query all assets info in project
25-05-2026 19:01:27-debug: init custom config: keepNodeUuid: false, useCache: true
25-05-2026 19:01:27-debug: Skip compress image, progress: 0%
25-05-2026 19:01:27-debug: Init all bundles start..., progress: 0%
25-05-2026 19:01:27-debug: Query asset bundle start, progress: 0%
25-05-2026 19:01:27-debug: // ---- build task Query asset bundle ----
25-05-2026 19:01:27-debug: Num of bundles: 2..., progress: 0%
25-05-2026 19:01:27-debug: Init bundle root assets start..., progress: 0%
25-05-2026 19:01:27-debug: Query preload assets/scripts from cc.config.json: 60f7195c-ec2a-45eb-ba94-8955f60e81d0,1c02ae6f-4492-4915-b8f8-7492a3b1e4cd,810e96e4-e456-4468-9b59-f4e8f39732c0,efe8e2a3-eace-427b-b4f1-cb8a937ec77d,e9aa9a3e-5b2b-4ac7-a2c7-073de2b2b24f,8bbdbcdd-5cd4-4100-b6d5-b7c9625b6107,50f4348b-c883-4e2f-8f11-ce233b859fa1,fda095cb-831d-4601-ad94-846013963de8,f92806d7-1768-443f-afe8-12bcde84d0f0,dd3a144d-ab7f-41f0-82b8-2e43a090d496,f0416e68-0200-4b77-a926-4f9d16e494da,970b0598-bcb0-4714-91fb-2e81440dccd8,bcd64cc6-2dd9-43f6-abbe-66318d332032,d930590d-bb92-4cc8-8bd1-23cd027f9edf,a3cd009f-0ab0-420d-9278-b9fdab939bbc,6a2d0734-bd9e-4ddf-946e-caa52498cb75,c27215d8-6835-4b68-bfbb-bdeac6100c04,b5d6115f-0370-4d7c-aad3-c194cc71cf98,871c3b6c-7379-419d-bda3-794b239ab90d,ff9b0199-ce04-4cfe-86cc-6c719f08d6e4,de1c2107-70c8-4021-8459-6399f24d01c6,cbf30902-517f-40dc-af90-a550bac27cf1
25-05-2026 19:01:27-debug:   Number of all scenes: 1
25-05-2026 19:01:27-debug:   Number of other assets: 391
25-05-2026 19:01:27-debug: Init bundle root assets success..., progress: 0%
25-05-2026 19:01:27-debug:   Number of all scripts: 13
25-05-2026 19:01:27-debug: // ---- build task Query asset bundle ---- (4ms)
25-05-2026 19:01:27-debug: [Build Memory track]: Query asset bundle start:200.27MB, end 200.10MB, increase: -170.34KB
25-05-2026 19:01:27-debug: Query asset bundle start, progress: 5%
25-05-2026 19:01:27-log: run build task Query asset bundle success in 4 ms√, progress: 5%
25-05-2026 19:01:27-debug: // ---- build task Query asset bundle ----
25-05-2026 19:01:27-debug: // ---- build task Query asset bundle ---- (2ms)
25-05-2026 19:01:27-log: run build task Query asset bundle success in 2 ms√, progress: 10%
25-05-2026 19:01:27-debug: [Build Memory track]: Query asset bundle start:200.14MB, end 200.24MB, increase: 99.64KB
25-05-2026 19:01:27-debug: Sort some build options to settings.json start, progress: 10%
25-05-2026 19:01:27-debug: // ---- build task Sort some build options to settings.json ----
25-05-2026 19:01:27-debug: // ---- build task Sort some build options to settings.json ---- (1ms)
25-05-2026 19:01:27-log: run build task Sort some build options to settings.json success in 1 ms√, progress: 12%
25-05-2026 19:01:27-debug: [Build Memory track]: Sort some build options to settings.json start:200.27MB, end 200.30MB, increase: 31.79KB
25-05-2026 19:01:27-debug: Fill script data to settings start, progress: 12%
25-05-2026 19:01:27-debug: // ---- build task Fill script data to settings ----
25-05-2026 19:01:27-debug: // ---- build task Fill script data to settings ---- (1ms)
25-05-2026 19:01:27-log: run build task Fill script data to settings success in 1 ms√, progress: 13%
25-05-2026 19:01:27-debug: [Build Memory track]: Fill script data to settings start:200.34MB, end 200.37MB, increase: 31.78KB
25-05-2026 19:01:27-debug: Sort some build options to settings.json start, progress: 13%
25-05-2026 19:01:27-debug: // ---- build task Sort some build options to settings.json ----
25-05-2026 19:01:27-debug: // ---- build task Sort some build options to settings.json ---- (2ms)
25-05-2026 19:01:27-log: run build task Sort some build options to settings.json success in 2 ms√, progress: 15%
25-05-2026 19:01:27-debug: [Build Memory track]: Sort some build options to settings.json start:200.41MB, end 200.56MB, increase: 156.01KB
25-05-2026 23:33:34-debug: refresh db internal success
25-05-2026 23:33:34-debug: refresh db assets success
25-05-2026 23:33:34-debug: Run asset db hook engine-extends:afterRefresh ...
25-05-2026 23:33:34-debug: Run asset db hook engine-extends:afterRefresh success!
25-05-2026 23:33:34-debug: asset-db:refresh-all-database (67ms)
25-05-2026 23:33:34-debug: asset-db:worker-effect-data-processing (1ms)
25-05-2026 23:33:34-debug: asset-db-hook-engine-extends-afterRefresh (2ms)
25-05-2026 23:39:45-debug: refresh db internal success
25-05-2026 23:39:45-debug: %cImport%c: C:\Users\xComputers\Desktop\Slot_Assignment - Copy\Slot_Assignment\assets\scriptsbackground: #aaff85; color: #000;color: #000;
25-05-2026 23:39:45-debug: %cImport%c: C:\Users\xComputers\Desktop\Slot_Assignment - Copy\Slot_Assignment\assets\scripts\ReelController.tsbackground: #aaff85; color: #000;color: #000;
25-05-2026 23:39:45-debug: refresh db assets success
25-05-2026 23:39:45-debug: Run asset db hook engine-extends:afterRefresh ...
25-05-2026 23:39:45-debug: Run asset db hook engine-extends:afterRefresh success!
25-05-2026 23:39:45-debug: asset-db:refresh-all-database (73ms)
25-05-2026 23:39:45-debug: asset-db:worker-effect-data-processing (1ms)
25-05-2026 23:39:45-debug: asset-db-hook-engine-extends-afterRefresh (1ms)
25-05-2026 23:39:46-debug: Query all assets info in project
25-05-2026 23:39:46-debug: init custom config: keepNodeUuid: false, useCache: true
25-05-2026 23:39:46-debug: Skip compress image, progress: 0%
25-05-2026 23:39:46-debug: Init all bundles start..., progress: 0%
25-05-2026 23:39:46-debug: Num of bundles: 2..., progress: 0%
25-05-2026 23:39:46-debug: Query asset bundle start, progress: 0%
25-05-2026 23:39:46-debug: // ---- build task Query asset bundle ----
25-05-2026 23:39:46-debug: Init bundle root assets start..., progress: 0%
25-05-2026 23:39:46-debug: Query preload assets/scripts from cc.config.json: 60f7195c-ec2a-45eb-ba94-8955f60e81d0,1c02ae6f-4492-4915-b8f8-7492a3b1e4cd,810e96e4-e456-4468-9b59-f4e8f39732c0,efe8e2a3-eace-427b-b4f1-cb8a937ec77d,e9aa9a3e-5b2b-4ac7-a2c7-073de2b2b24f,8bbdbcdd-5cd4-4100-b6d5-b7c9625b6107,50f4348b-c883-4e2f-8f11-ce233b859fa1,fda095cb-831d-4601-ad94-846013963de8,f92806d7-1768-443f-afe8-12bcde84d0f0,dd3a144d-ab7f-41f0-82b8-2e43a090d496,f0416e68-0200-4b77-a926-4f9d16e494da,970b0598-bcb0-4714-91fb-2e81440dccd8,bcd64cc6-2dd9-43f6-abbe-66318d332032,d930590d-bb92-4cc8-8bd1-23cd027f9edf,a3cd009f-0ab0-420d-9278-b9fdab939bbc,6a2d0734-bd9e-4ddf-946e-caa52498cb75,c27215d8-6835-4b68-bfbb-bdeac6100c04,b5d6115f-0370-4d7c-aad3-c194cc71cf98,871c3b6c-7379-419d-bda3-794b239ab90d,ff9b0199-ce04-4cfe-86cc-6c719f08d6e4,de1c2107-70c8-4021-8459-6399f24d01c6,cbf30902-517f-40dc-af90-a550bac27cf1
25-05-2026 23:39:46-debug:   Number of all scenes: 1
25-05-2026 23:39:46-debug:   Number of all scripts: 13
25-05-2026 23:39:46-debug:   Number of other assets: 391
25-05-2026 23:39:46-debug: Init bundle root assets success..., progress: 0%
25-05-2026 23:39:46-debug: // ---- build task Query asset bundle ---- (15ms)
25-05-2026 23:39:46-debug: [Build Memory track]: Query asset bundle start:203.07MB, end 202.75MB, increase: -334.08KB
25-05-2026 23:39:46-debug: Query asset bundle start, progress: 5%
25-05-2026 23:39:46-debug: // ---- build task Query asset bundle ----
25-05-2026 23:39:46-log: run build task Query asset bundle success in 15 ms√, progress: 5%
25-05-2026 23:39:46-debug: // ---- build task Query asset bundle ---- (3ms)
25-05-2026 23:39:46-log: run build task Query asset bundle success in 3 ms√, progress: 10%
25-05-2026 23:39:46-debug: Sort some build options to settings.json start, progress: 10%
25-05-2026 23:39:46-debug: [Build Memory track]: Query asset bundle start:202.78MB, end 202.88MB, increase: 101.72KB
25-05-2026 23:39:46-debug: // ---- build task Sort some build options to settings.json ----
25-05-2026 23:39:46-debug: // ---- build task Sort some build options to settings.json ---- (1ms)
25-05-2026 23:39:46-log: run build task Sort some build options to settings.json success in 1 ms√, progress: 12%
25-05-2026 23:39:46-debug: [Build Memory track]: Sort some build options to settings.json start:202.92MB, end 202.95MB, increase: 36.42KB
25-05-2026 23:39:46-debug: Fill script data to settings start, progress: 12%
25-05-2026 23:39:46-debug: // ---- build task Fill script data to settings ----
25-05-2026 23:39:46-debug: // ---- build task Fill script data to settings ---- (2ms)
25-05-2026 23:39:46-log: run build task Fill script data to settings success in 2 ms√, progress: 13%
25-05-2026 23:39:46-debug: [Build Memory track]: Fill script data to settings start:202.99MB, end 203.02MB, increase: 32.33KB
25-05-2026 23:39:46-debug: Sort some build options to settings.json start, progress: 13%
25-05-2026 23:39:46-debug: // ---- build task Sort some build options to settings.json ----
25-05-2026 23:39:46-debug: // ---- build task Sort some build options to settings.json ---- (3ms)
25-05-2026 23:39:46-debug: [Build Memory track]: Sort some build options to settings.json start:203.06MB, end 203.19MB, increase: 138.89KB
25-05-2026 23:39:46-log: run build task Sort some build options to settings.json success in 3 ms√, progress: 15%
25-05-2026 23:39:56-debug: refresh db internal success
25-05-2026 23:39:56-debug: refresh db assets success
25-05-2026 23:39:56-debug: Run asset db hook engine-extends:afterRefresh ...
25-05-2026 23:39:56-debug: Run asset db hook engine-extends:afterRefresh success!
25-05-2026 23:39:56-debug: asset-db:worker-effect-data-processing (1ms)
25-05-2026 23:39:56-debug: asset-db:refresh-all-database (66ms)
25-05-2026 23:39:56-debug: asset-db-hook-engine-extends-afterRefresh (1ms)
25-05-2026 23:40:01-debug: %cImport%c: C:\Users\xComputers\Desktop\Slot_Assignment - Copy\Slot_Assignment\assets\scenes\main.scenebackground: #aaff85; color: #000;color: #000;
25-05-2026 23:40:01-debug: asset-db:reimport-asset805c919f-5b18-43e8-ab06-c23eb2a44a84 (10ms)
25-05-2026 23:40:02-debug: Query all assets info in project
25-05-2026 23:40:02-debug: init custom config: keepNodeUuid: false, useCache: true
25-05-2026 23:40:02-debug: Skip compress image, progress: 0%
25-05-2026 23:40:02-debug: Init all bundles start..., progress: 0%
25-05-2026 23:40:02-debug: Num of bundles: 2..., progress: 0%
25-05-2026 23:40:02-debug: Query asset bundle start, progress: 0%
25-05-2026 23:40:02-debug: // ---- build task Query asset bundle ----
25-05-2026 23:40:02-debug: Init bundle root assets start..., progress: 0%
25-05-2026 23:40:02-debug: Query preload assets/scripts from cc.config.json: 60f7195c-ec2a-45eb-ba94-8955f60e81d0,1c02ae6f-4492-4915-b8f8-7492a3b1e4cd,810e96e4-e456-4468-9b59-f4e8f39732c0,efe8e2a3-eace-427b-b4f1-cb8a937ec77d,e9aa9a3e-5b2b-4ac7-a2c7-073de2b2b24f,8bbdbcdd-5cd4-4100-b6d5-b7c9625b6107,50f4348b-c883-4e2f-8f11-ce233b859fa1,fda095cb-831d-4601-ad94-846013963de8,f92806d7-1768-443f-afe8-12bcde84d0f0,dd3a144d-ab7f-41f0-82b8-2e43a090d496,f0416e68-0200-4b77-a926-4f9d16e494da,970b0598-bcb0-4714-91fb-2e81440dccd8,bcd64cc6-2dd9-43f6-abbe-66318d332032,d930590d-bb92-4cc8-8bd1-23cd027f9edf,a3cd009f-0ab0-420d-9278-b9fdab939bbc,6a2d0734-bd9e-4ddf-946e-caa52498cb75,c27215d8-6835-4b68-bfbb-bdeac6100c04,b5d6115f-0370-4d7c-aad3-c194cc71cf98,871c3b6c-7379-419d-bda3-794b239ab90d,ff9b0199-ce04-4cfe-86cc-6c719f08d6e4,de1c2107-70c8-4021-8459-6399f24d01c6,cbf30902-517f-40dc-af90-a550bac27cf1
25-05-2026 23:40:02-debug:   Number of all scripts: 13
25-05-2026 23:40:02-debug:   Number of all scenes: 1
25-05-2026 23:40:02-debug:   Number of other assets: 391
25-05-2026 23:40:02-debug: Init bundle root assets success..., progress: 0%
25-05-2026 23:40:02-log: run build task Query asset bundle success in 3 ms√, progress: 5%
25-05-2026 23:40:02-debug: [Build Memory track]: Query asset bundle start:204.50MB, end 204.23MB, increase: -275.22KB
25-05-2026 23:40:02-debug: Query asset bundle start, progress: 5%
25-05-2026 23:40:02-debug: // ---- build task Query asset bundle ---- (3ms)
25-05-2026 23:40:02-debug: // ---- build task Query asset bundle ----
25-05-2026 23:40:02-debug: // ---- build task Query asset bundle ---- (4ms)
25-05-2026 23:40:02-log: run build task Query asset bundle success in 4 ms√, progress: 10%
25-05-2026 23:40:02-debug: [Build Memory track]: Query asset bundle start:204.26MB, end 204.37MB, increase: 112.52KB
25-05-2026 23:40:02-debug: // ---- build task Sort some build options to settings.json ----
25-05-2026 23:40:02-debug: Sort some build options to settings.json start, progress: 10%
25-05-2026 23:40:02-debug: // ---- build task Sort some build options to settings.json ---- (1ms)
25-05-2026 23:40:02-log: run build task Sort some build options to settings.json success in 1 ms√, progress: 12%
25-05-2026 23:40:02-debug: Fill script data to settings start, progress: 12%
25-05-2026 23:40:02-debug: [Build Memory track]: Sort some build options to settings.json start:204.41MB, end 204.45MB, increase: 40.84KB
25-05-2026 23:40:02-debug: // ---- build task Fill script data to settings ----
25-05-2026 23:40:02-debug: // ---- build task Fill script data to settings ---- (2ms)
25-05-2026 23:40:02-log: run build task Fill script data to settings success in 2 ms√, progress: 13%
25-05-2026 23:40:02-debug: [Build Memory track]: Fill script data to settings start:204.48MB, end 204.51MB, increase: 31.94KB
25-05-2026 23:40:02-debug: Sort some build options to settings.json start, progress: 13%
25-05-2026 23:40:02-debug: // ---- build task Sort some build options to settings.json ----
25-05-2026 23:40:02-debug: // ---- build task Sort some build options to settings.json ---- (5ms)
25-05-2026 23:40:02-log: run build task Sort some build options to settings.json success in 5 ms√, progress: 15%
25-05-2026 23:40:02-debug: [Build Memory track]: Sort some build options to settings.json start:204.55MB, end 204.69MB, increase: 138.84KB
25-05-2026 23:41:12-debug: refresh db internal success
25-05-2026 23:41:12-debug: %cImport%c: C:\Users\xComputers\Desktop\Slot_Assignment - Copy\Slot_Assignment\assets\scriptsbackground: #aaff85; color: #000;color: #000;
25-05-2026 23:41:12-debug: %cImport%c: C:\Users\xComputers\Desktop\Slot_Assignment - Copy\Slot_Assignment\assets\scripts\ReelController.tsbackground: #aaff85; color: #000;color: #000;
25-05-2026 23:41:12-debug: refresh db assets success
25-05-2026 23:41:12-debug: Run asset db hook engine-extends:afterRefresh ...
25-05-2026 23:41:12-debug: Run asset db hook engine-extends:afterRefresh success!
25-05-2026 23:41:12-debug: asset-db:refresh-all-database (65ms)
25-05-2026 23:41:12-debug: asset-db:worker-effect-data-processing (1ms)
25-05-2026 23:41:12-debug: asset-db-hook-engine-extends-afterRefresh (1ms)
25-05-2026 23:41:13-debug: Query all assets info in project
25-05-2026 23:41:13-debug: init custom config: keepNodeUuid: false, useCache: true
25-05-2026 23:41:13-debug: Skip compress image, progress: 0%
25-05-2026 23:41:13-debug: Num of bundles: 2..., progress: 0%
25-05-2026 23:41:13-debug: Query asset bundle start, progress: 0%
25-05-2026 23:41:13-debug: // ---- build task Query asset bundle ----
25-05-2026 23:41:13-debug: Init all bundles start..., progress: 0%
25-05-2026 23:41:13-debug: Init bundle root assets start..., progress: 0%
25-05-2026 23:41:13-debug: Query preload assets/scripts from cc.config.json: 60f7195c-ec2a-45eb-ba94-8955f60e81d0,1c02ae6f-4492-4915-b8f8-7492a3b1e4cd,810e96e4-e456-4468-9b59-f4e8f39732c0,efe8e2a3-eace-427b-b4f1-cb8a937ec77d,e9aa9a3e-5b2b-4ac7-a2c7-073de2b2b24f,8bbdbcdd-5cd4-4100-b6d5-b7c9625b6107,50f4348b-c883-4e2f-8f11-ce233b859fa1,fda095cb-831d-4601-ad94-846013963de8,f92806d7-1768-443f-afe8-12bcde84d0f0,dd3a144d-ab7f-41f0-82b8-2e43a090d496,f0416e68-0200-4b77-a926-4f9d16e494da,970b0598-bcb0-4714-91fb-2e81440dccd8,bcd64cc6-2dd9-43f6-abbe-66318d332032,d930590d-bb92-4cc8-8bd1-23cd027f9edf,a3cd009f-0ab0-420d-9278-b9fdab939bbc,6a2d0734-bd9e-4ddf-946e-caa52498cb75,c27215d8-6835-4b68-bfbb-bdeac6100c04,b5d6115f-0370-4d7c-aad3-c194cc71cf98,871c3b6c-7379-419d-bda3-794b239ab90d,ff9b0199-ce04-4cfe-86cc-6c719f08d6e4,de1c2107-70c8-4021-8459-6399f24d01c6,cbf30902-517f-40dc-af90-a550bac27cf1
25-05-2026 23:41:13-debug:   Number of all scenes: 1
25-05-2026 23:41:13-debug:   Number of other assets: 391
25-05-2026 23:41:13-debug: Init bundle root assets success..., progress: 0%
25-05-2026 23:41:13-debug:   Number of all scripts: 13
25-05-2026 23:41:13-debug: // ---- build task Query asset bundle ---- (4ms)
25-05-2026 23:41:13-debug: [Build Memory track]: Query asset bundle start:205.96MB, end 205.61MB, increase: -354.88KB
25-05-2026 23:41:13-debug: Query asset bundle start, progress: 5%
25-05-2026 23:41:13-log: run build task Query asset bundle success in 4 ms√, progress: 5%
25-05-2026 23:41:13-debug: // ---- build task Query asset bundle ----
25-05-2026 23:41:13-debug: // ---- build task Query asset bundle ---- (2ms)
25-05-2026 23:41:13-debug: [Build Memory track]: Query asset bundle start:205.64MB, end 205.74MB, increase: 99.01KB
25-05-2026 23:41:13-debug: Sort some build options to settings.json start, progress: 10%
25-05-2026 23:41:13-log: run build task Query asset bundle success in 2 ms√, progress: 10%
25-05-2026 23:41:13-debug: // ---- build task Sort some build options to settings.json ----
25-05-2026 23:41:13-debug: // ---- build task Sort some build options to settings.json ---- (1ms)
25-05-2026 23:41:13-log: run build task Sort some build options to settings.json success in 1 ms√, progress: 12%
25-05-2026 23:41:13-debug: [Build Memory track]: Sort some build options to settings.json start:205.78MB, end 205.81MB, increase: 31.55KB
25-05-2026 23:41:13-debug: Fill script data to settings start, progress: 12%
25-05-2026 23:41:13-debug: // ---- build task Fill script data to settings ----
25-05-2026 23:41:13-debug: // ---- build task Fill script data to settings ---- (1ms)
25-05-2026 23:41:13-log: run build task Fill script data to settings success in 1 ms√, progress: 13%
25-05-2026 23:41:13-debug: [Build Memory track]: Fill script data to settings start:205.84MB, end 205.88MB, increase: 32.60KB
25-05-2026 23:41:13-debug: Sort some build options to settings.json start, progress: 13%
25-05-2026 23:41:13-debug: // ---- build task Sort some build options to settings.json ----
25-05-2026 23:41:13-log: run build task Sort some build options to settings.json success in 2 ms√, progress: 15%
25-05-2026 23:41:13-debug: [Build Memory track]: Sort some build options to settings.json start:205.91MB, end 206.05MB, increase: 135.18KB
25-05-2026 23:41:13-debug: // ---- build task Sort some build options to settings.json ---- (2ms)
25-05-2026 23:41:37-debug: refresh db internal success
25-05-2026 23:41:37-debug: refresh db assets success
25-05-2026 23:41:37-debug: Run asset db hook engine-extends:afterRefresh ...
25-05-2026 23:41:37-debug: Run asset db hook engine-extends:afterRefresh success!
25-05-2026 23:41:37-debug: asset-db:refresh-all-database (63ms)
25-05-2026 23:41:37-debug: asset-db:worker-effect-data-processing (1ms)
25-05-2026 23:41:37-debug: asset-db-hook-engine-extends-afterRefresh (1ms)
26-05-2026 01:04:32-debug: refresh db internal success
26-05-2026 01:04:32-debug: refresh db assets success
26-05-2026 01:04:32-debug: Run asset db hook engine-extends:afterRefresh ...
26-05-2026 01:04:32-debug: Run asset db hook engine-extends:afterRefresh success!
26-05-2026 01:04:32-debug: asset-db:refresh-all-database (75ms)
26-05-2026 01:04:32-debug: asset-db:worker-effect-data-processing (1ms)
26-05-2026 01:04:32-debug: asset-db-hook-engine-extends-afterRefresh (2ms)
26-05-2026 01:11:31-debug: refresh db internal success
26-05-2026 01:11:31-debug: %cImport%c: C:\Users\xComputers\Desktop\Slot_Assignment - Copy\Slot_Assignment\assets\scriptsbackground: #aaff85; color: #000;color: #000;
26-05-2026 01:11:31-debug: %cImport%c: C:\Users\xComputers\Desktop\Slot_Assignment - Copy\Slot_Assignment\assets\scripts\ReelController.tsbackground: #aaff85; color: #000;color: #000;
26-05-2026 01:11:31-debug: refresh db assets success
26-05-2026 01:11:31-debug: Run asset db hook engine-extends:afterRefresh ...
26-05-2026 01:11:31-debug: Run asset db hook engine-extends:afterRefresh success!
26-05-2026 01:11:31-debug: asset-db:refresh-all-database (62ms)
26-05-2026 01:11:32-debug: Query all assets info in project
26-05-2026 01:11:32-debug: init custom config: keepNodeUuid: false, useCache: true
26-05-2026 01:11:32-debug: Skip compress image, progress: 0%
26-05-2026 01:11:32-debug: Init all bundles start..., progress: 0%
26-05-2026 01:11:32-debug: Num of bundles: 2..., progress: 0%
26-05-2026 01:11:32-debug: Query asset bundle start, progress: 0%
26-05-2026 01:11:32-debug: // ---- build task Query asset bundle ----
26-05-2026 01:11:32-debug: Init bundle root assets start..., progress: 0%
26-05-2026 01:11:32-debug: Query preload assets/scripts from cc.config.json: 60f7195c-ec2a-45eb-ba94-8955f60e81d0,1c02ae6f-4492-4915-b8f8-7492a3b1e4cd,810e96e4-e456-4468-9b59-f4e8f39732c0,efe8e2a3-eace-427b-b4f1-cb8a937ec77d,e9aa9a3e-5b2b-4ac7-a2c7-073de2b2b24f,8bbdbcdd-5cd4-4100-b6d5-b7c9625b6107,50f4348b-c883-4e2f-8f11-ce233b859fa1,fda095cb-831d-4601-ad94-846013963de8,f92806d7-1768-443f-afe8-12bcde84d0f0,dd3a144d-ab7f-41f0-82b8-2e43a090d496,f0416e68-0200-4b77-a926-4f9d16e494da,970b0598-bcb0-4714-91fb-2e81440dccd8,bcd64cc6-2dd9-43f6-abbe-66318d332032,d930590d-bb92-4cc8-8bd1-23cd027f9edf,a3cd009f-0ab0-420d-9278-b9fdab939bbc,6a2d0734-bd9e-4ddf-946e-caa52498cb75,c27215d8-6835-4b68-bfbb-bdeac6100c04,b5d6115f-0370-4d7c-aad3-c194cc71cf98,871c3b6c-7379-419d-bda3-794b239ab90d,ff9b0199-ce04-4cfe-86cc-6c719f08d6e4,de1c2107-70c8-4021-8459-6399f24d01c6,cbf30902-517f-40dc-af90-a550bac27cf1
26-05-2026 01:11:32-debug:   Number of all scenes: 1
26-05-2026 01:11:32-debug:   Number of other assets: 391
26-05-2026 01:11:32-debug: Init bundle root assets success..., progress: 0%
26-05-2026 01:11:32-debug:   Number of all scripts: 13
26-05-2026 01:11:32-debug: // ---- build task Query asset bundle ---- (3ms)
26-05-2026 01:11:32-log: run build task Query asset bundle success in 3 ms√, progress: 5%
26-05-2026 01:11:32-debug: [Build Memory track]: Query asset bundle start:209.51MB, end 209.18MB, increase: -333.39KB
26-05-2026 01:11:32-debug: Query asset bundle start, progress: 5%
26-05-2026 01:11:32-debug: // ---- build task Query asset bundle ----
26-05-2026 01:11:32-log: run build task Query asset bundle success in √, progress: 10%
26-05-2026 01:11:32-debug: [Build Memory track]: Query asset bundle start:209.21MB, end 209.29MB, increase: 85.01KB
26-05-2026 01:11:32-debug: Sort some build options to settings.json start, progress: 10%
26-05-2026 01:11:32-debug: // ---- build task Sort some build options to settings.json ----
26-05-2026 01:11:32-log: run build task Sort some build options to settings.json success in √, progress: 12%
26-05-2026 01:11:32-debug: [Build Memory track]: Sort some build options to settings.json start:209.32MB, end 209.34MB, increase: 17.79KB
26-05-2026 01:11:32-debug: Fill script data to settings start, progress: 12%
26-05-2026 01:11:32-debug: // ---- build task Fill script data to settings ----
26-05-2026 01:11:32-debug: [Build Memory track]: Fill script data to settings start:209.37MB, end 209.38MB, increase: 16.11KB
26-05-2026 01:11:32-log: run build task Fill script data to settings success in √, progress: 13%
26-05-2026 01:11:32-debug: Sort some build options to settings.json start, progress: 13%
26-05-2026 01:11:32-debug: // ---- build task Sort some build options to settings.json ----
26-05-2026 01:11:32-debug: // ---- build task Sort some build options to settings.json ---- (2ms)
26-05-2026 01:11:32-debug: [Build Memory track]: Sort some build options to settings.json start:209.41MB, end 209.54MB, increase: 128.73KB
26-05-2026 01:11:32-log: run build task Sort some build options to settings.json success in 2 ms√, progress: 15%
26-05-2026 01:18:22-debug: refresh db internal success
26-05-2026 01:18:22-debug: refresh db assets success
26-05-2026 01:18:22-debug: Run asset db hook engine-extends:afterRefresh ...
26-05-2026 01:18:22-debug: Run asset db hook engine-extends:afterRefresh success!
26-05-2026 01:18:22-debug: asset-db:refresh-all-database (83ms)
26-05-2026 01:18:22-debug: asset-db:worker-effect-data-processing (1ms)
26-05-2026 01:18:22-debug: asset-db-hook-engine-extends-afterRefresh (2ms)
26-05-2026 01:23:15-debug: refresh db internal success
26-05-2026 01:23:15-debug: %cImport%c: C:\Users\xComputers\Desktop\Slot_Assignment - Copy\Slot_Assignment\assets\scriptsbackground: #aaff85; color: #000;color: #000;
26-05-2026 01:23:15-debug: %cImport%c: C:\Users\xComputers\Desktop\Slot_Assignment - Copy\Slot_Assignment\assets\scripts\Main.tsbackground: #aaff85; color: #000;color: #000;
26-05-2026 01:23:15-debug: %cImport%c: C:\Users\xComputers\Desktop\Slot_Assignment - Copy\Slot_Assignment\assets\scripts\ReelController.tsbackground: #aaff85; color: #000;color: #000;
26-05-2026 01:23:15-debug: refresh db assets success
26-05-2026 01:23:15-debug: Run asset db hook engine-extends:afterRefresh ...
26-05-2026 01:23:15-debug: Run asset db hook engine-extends:afterRefresh success!
26-05-2026 01:23:15-debug: asset-db:refresh-all-database (62ms)
26-05-2026 01:23:15-debug: asset-db:worker-effect-data-processing (1ms)
26-05-2026 01:23:15-debug: asset-db-hook-engine-extends-afterRefresh (1ms)
26-05-2026 01:23:16-debug: Query all assets info in project
26-05-2026 01:23:16-debug: init custom config: keepNodeUuid: false, useCache: true
26-05-2026 01:23:16-debug: Skip compress image, progress: 0%
26-05-2026 01:23:16-debug: Init all bundles start..., progress: 0%
26-05-2026 01:23:16-debug: Query asset bundle start, progress: 0%
26-05-2026 01:23:16-debug: // ---- build task Query asset bundle ----
26-05-2026 01:23:16-debug: Num of bundles: 2..., progress: 0%
26-05-2026 01:23:16-debug: Init bundle root assets start..., progress: 0%
26-05-2026 01:23:16-debug: Query preload assets/scripts from cc.config.json: 60f7195c-ec2a-45eb-ba94-8955f60e81d0,1c02ae6f-4492-4915-b8f8-7492a3b1e4cd,810e96e4-e456-4468-9b59-f4e8f39732c0,efe8e2a3-eace-427b-b4f1-cb8a937ec77d,e9aa9a3e-5b2b-4ac7-a2c7-073de2b2b24f,8bbdbcdd-5cd4-4100-b6d5-b7c9625b6107,50f4348b-c883-4e2f-8f11-ce233b859fa1,fda095cb-831d-4601-ad94-846013963de8,f92806d7-1768-443f-afe8-12bcde84d0f0,dd3a144d-ab7f-41f0-82b8-2e43a090d496,f0416e68-0200-4b77-a926-4f9d16e494da,970b0598-bcb0-4714-91fb-2e81440dccd8,bcd64cc6-2dd9-43f6-abbe-66318d332032,d930590d-bb92-4cc8-8bd1-23cd027f9edf,a3cd009f-0ab0-420d-9278-b9fdab939bbc,6a2d0734-bd9e-4ddf-946e-caa52498cb75,c27215d8-6835-4b68-bfbb-bdeac6100c04,b5d6115f-0370-4d7c-aad3-c194cc71cf98,871c3b6c-7379-419d-bda3-794b239ab90d,ff9b0199-ce04-4cfe-86cc-6c719f08d6e4,de1c2107-70c8-4021-8459-6399f24d01c6,cbf30902-517f-40dc-af90-a550bac27cf1
26-05-2026 01:23:16-debug:   Number of all scenes: 1
26-05-2026 01:23:16-debug:   Number of other assets: 391
26-05-2026 01:23:16-debug: Init bundle root assets success..., progress: 0%
26-05-2026 01:23:16-debug:   Number of all scripts: 13
26-05-2026 01:23:16-debug: // ---- build task Query asset bundle ---- (3ms)
26-05-2026 01:23:16-log: run build task Query asset bundle success in 3 ms√, progress: 5%
26-05-2026 01:23:16-debug: Query asset bundle start, progress: 5%
26-05-2026 01:23:16-debug: [Build Memory track]: Query asset bundle start:212.06MB, end 211.72MB, increase: -339.57KB
26-05-2026 01:23:16-debug: // ---- build task Query asset bundle ----
26-05-2026 01:23:16-debug: // ---- build task Query asset bundle ---- (1ms)
26-05-2026 01:23:16-log: run build task Query asset bundle success in 1 ms√, progress: 10%
26-05-2026 01:23:16-debug: [Build Memory track]: Query asset bundle start:211.75MB, end 211.85MB, increase: 94.66KB
26-05-2026 01:23:16-debug: Sort some build options to settings.json start, progress: 10%
26-05-2026 01:23:16-debug: // ---- build task Sort some build options to settings.json ----
26-05-2026 01:23:16-debug: // ---- build task Sort some build options to settings.json ---- (1ms)
26-05-2026 01:23:16-log: run build task Sort some build options to settings.json success in 1 ms√, progress: 12%
26-05-2026 01:23:16-debug: Fill script data to settings start, progress: 12%
26-05-2026 01:23:16-debug: [Build Memory track]: Sort some build options to settings.json start:211.88MB, end 211.90MB, increase: 28.47KB
26-05-2026 01:23:16-debug: // ---- build task Fill script data to settings ----
26-05-2026 01:23:16-log: run build task Fill script data to settings success in 1 ms√, progress: 13%
26-05-2026 01:23:16-debug: [Build Memory track]: Fill script data to settings start:211.94MB, end 211.97MB, increase: 27.24KB
26-05-2026 01:23:16-debug: Sort some build options to settings.json start, progress: 13%
26-05-2026 01:23:16-debug: // ---- build task Fill script data to settings ---- (1ms)
26-05-2026 01:23:16-debug: // ---- build task Sort some build options to settings.json ----
26-05-2026 01:23:16-debug: // ---- build task Sort some build options to settings.json ---- (3ms)
26-05-2026 01:23:16-log: run build task Sort some build options to settings.json success in 3 ms√, progress: 15%
26-05-2026 01:23:16-debug: [Build Memory track]: Sort some build options to settings.json start:212.00MB, end 212.12MB, increase: 128.27KB
26-05-2026 01:33:00-debug: refresh db internal success
26-05-2026 01:33:00-debug: %cImport%c: C:\Users\xComputers\Desktop\Slot_Assignment - Copy\Slot_Assignment\assets\scriptsbackground: #aaff85; color: #000;color: #000;
26-05-2026 01:33:00-debug: %cImport%c: C:\Users\xComputers\Desktop\Slot_Assignment - Copy\Slot_Assignment\assets\scripts\Main.tsbackground: #aaff85; color: #000;color: #000;
26-05-2026 01:33:00-debug: %cImport%c: C:\Users\xComputers\Desktop\Slot_Assignment - Copy\Slot_Assignment\assets\scripts\ReelController.tsbackground: #aaff85; color: #000;color: #000;
26-05-2026 01:33:00-debug: refresh db assets success
26-05-2026 01:33:00-debug: Run asset db hook engine-extends:afterRefresh ...
26-05-2026 01:33:00-debug: Run asset db hook engine-extends:afterRefresh success!
26-05-2026 01:33:00-debug: asset-db:refresh-all-database (70ms)
26-05-2026 01:33:00-debug: asset-db-hook-engine-extends-afterRefresh (1ms)
26-05-2026 01:33:01-debug: Query all assets info in project
26-05-2026 01:33:01-debug: init custom config: keepNodeUuid: false, useCache: true
26-05-2026 01:33:01-debug: Skip compress image, progress: 0%
26-05-2026 01:33:01-debug: Init all bundles start..., progress: 0%
26-05-2026 01:33:01-debug: Query asset bundle start, progress: 0%
26-05-2026 01:33:01-debug: Num of bundles: 2..., progress: 0%
26-05-2026 01:33:01-debug: // ---- build task Query asset bundle ----
26-05-2026 01:33:01-debug: Init bundle root assets start..., progress: 0%
26-05-2026 01:33:01-debug: Query preload assets/scripts from cc.config.json: 60f7195c-ec2a-45eb-ba94-8955f60e81d0,1c02ae6f-4492-4915-b8f8-7492a3b1e4cd,810e96e4-e456-4468-9b59-f4e8f39732c0,efe8e2a3-eace-427b-b4f1-cb8a937ec77d,e9aa9a3e-5b2b-4ac7-a2c7-073de2b2b24f,8bbdbcdd-5cd4-4100-b6d5-b7c9625b6107,50f4348b-c883-4e2f-8f11-ce233b859fa1,fda095cb-831d-4601-ad94-846013963de8,f92806d7-1768-443f-afe8-12bcde84d0f0,dd3a144d-ab7f-41f0-82b8-2e43a090d496,f0416e68-0200-4b77-a926-4f9d16e494da,970b0598-bcb0-4714-91fb-2e81440dccd8,bcd64cc6-2dd9-43f6-abbe-66318d332032,d930590d-bb92-4cc8-8bd1-23cd027f9edf,a3cd009f-0ab0-420d-9278-b9fdab939bbc,6a2d0734-bd9e-4ddf-946e-caa52498cb75,c27215d8-6835-4b68-bfbb-bdeac6100c04,b5d6115f-0370-4d7c-aad3-c194cc71cf98,871c3b6c-7379-419d-bda3-794b239ab90d,ff9b0199-ce04-4cfe-86cc-6c719f08d6e4,de1c2107-70c8-4021-8459-6399f24d01c6,cbf30902-517f-40dc-af90-a550bac27cf1
26-05-2026 01:33:01-debug:   Number of other assets: 391
26-05-2026 01:33:01-debug:   Number of all scripts: 13
26-05-2026 01:33:01-debug: Init bundle root assets success..., progress: 0%
26-05-2026 01:33:01-debug:   Number of all scenes: 1
26-05-2026 01:33:01-log: run build task Query asset bundle success in 5 ms√, progress: 5%
26-05-2026 01:33:01-debug: [Build Memory track]: Query asset bundle start:213.34MB, end 212.98MB, increase: -365.25KB
26-05-2026 01:33:01-debug: Query asset bundle start, progress: 5%
26-05-2026 01:33:01-debug: // ---- build task Query asset bundle ---- (5ms)
26-05-2026 01:33:01-debug: // ---- build task Query asset bundle ----
26-05-2026 01:33:01-debug: // ---- build task Query asset bundle ---- (2ms)
26-05-2026 01:33:01-log: run build task Query asset bundle success in 2 ms√, progress: 10%
26-05-2026 01:33:01-debug: Sort some build options to settings.json start, progress: 10%
26-05-2026 01:33:01-debug: [Build Memory track]: Query asset bundle start:213.01MB, end 213.11MB, increase: 101.64KB
26-05-2026 01:33:01-debug: // ---- build task Sort some build options to settings.json ----
26-05-2026 01:33:01-log: run build task Sort some build options to settings.json success in √, progress: 12%
26-05-2026 01:33:01-debug: [Build Memory track]: Sort some build options to settings.json start:213.14MB, end 213.16MB, increase: 18.38KB
26-05-2026 01:33:01-debug: Fill script data to settings start, progress: 12%
26-05-2026 01:33:01-debug: // ---- build task Fill script data to settings ----
26-05-2026 01:33:01-debug: // ---- build task Fill script data to settings ---- (1ms)
26-05-2026 01:33:01-log: run build task Fill script data to settings success in 1 ms√, progress: 13%
26-05-2026 01:33:01-debug: [Build Memory track]: Fill script data to settings start:213.18MB, end 213.21MB, increase: 25.60KB
26-05-2026 01:33:01-debug: Sort some build options to settings.json start, progress: 13%
26-05-2026 01:33:01-debug: // ---- build task Sort some build options to settings.json ----
26-05-2026 01:33:01-debug: // ---- build task Sort some build options to settings.json ---- (3ms)
26-05-2026 01:33:01-log: run build task Sort some build options to settings.json success in 3 ms√, progress: 15%
26-05-2026 01:33:01-debug: [Build Memory track]: Sort some build options to settings.json start:213.24MB, end 213.37MB, increase: 136.21KB
26-05-2026 01:45:05-debug: refresh db internal success
26-05-2026 01:45:05-debug: Run asset db hook engine-extends:afterRefresh ...
26-05-2026 01:45:05-debug: refresh db assets success
26-05-2026 01:45:05-debug: Run asset db hook engine-extends:afterRefresh success!
26-05-2026 01:45:05-debug: asset-db:refresh-all-database (59ms)
26-05-2026 01:45:05-debug: asset-db-hook-engine-extends-afterRefresh (1ms)
26-05-2026 01:46:00-debug: refresh db internal success
26-05-2026 01:46:00-debug: refresh db assets success
26-05-2026 01:46:00-debug: Run asset db hook engine-extends:afterRefresh ...
26-05-2026 01:46:00-debug: Run asset db hook engine-extends:afterRefresh success!
26-05-2026 01:46:00-debug: asset-db:refresh-all-database (102ms)
26-05-2026 01:46:20-debug: refresh db internal success
26-05-2026 01:46:20-debug: refresh db assets success
26-05-2026 01:46:20-debug: Run asset db hook engine-extends:afterRefresh ...
26-05-2026 01:46:20-debug: Run asset db hook engine-extends:afterRefresh success!
26-05-2026 01:46:20-debug: asset-db:refresh-all-database (61ms)
26-05-2026 01:46:20-debug: asset-db:worker-effect-data-processing (1ms)
26-05-2026 01:46:20-debug: asset-db-hook-engine-extends-afterRefresh (1ms)
26-05-2026 01:46:23-debug: refresh db internal success
26-05-2026 01:46:23-debug: refresh db assets success
26-05-2026 01:46:23-debug: Run asset db hook engine-extends:afterRefresh ...
26-05-2026 01:46:23-debug: Run asset db hook engine-extends:afterRefresh success!
26-05-2026 01:46:23-debug: asset-db:refresh-all-database (61ms)
26-05-2026 01:46:23-debug: asset-db:worker-effect-data-processing (1ms)
26-05-2026 01:46:23-debug: asset-db-hook-engine-extends-afterRefresh (1ms)
26-05-2026 01:46:42-debug: refresh db internal success
26-05-2026 01:46:42-debug: Run asset db hook engine-extends:afterRefresh ...
26-05-2026 01:46:42-debug: refresh db assets success
26-05-2026 01:46:42-debug: Run asset db hook engine-extends:afterRefresh success!
26-05-2026 01:46:42-debug: asset-db:refresh-all-database (60ms)
26-05-2026 01:46:42-debug: asset-db:worker-effect-data-processing (1ms)
26-05-2026 01:46:42-debug: asset-db-hook-engine-extends-afterRefresh (1ms)
26-05-2026 01:47:15-debug: refresh db internal success
26-05-2026 01:47:15-debug: refresh db assets success
26-05-2026 01:47:15-debug: Run asset db hook engine-extends:afterRefresh ...
26-05-2026 01:47:15-debug: Run asset db hook engine-extends:afterRefresh success!
26-05-2026 01:47:15-debug: asset-db:refresh-all-database (61ms)
26-05-2026 01:47:15-debug: asset-db:worker-effect-data-processing (1ms)
26-05-2026 01:47:15-debug: asset-db-hook-engine-extends-afterRefresh (1ms)
26-05-2026 01:48:15-debug: refresh db internal success
26-05-2026 01:48:15-debug: refresh db assets success
26-05-2026 01:48:15-debug: Run asset db hook engine-extends:afterRefresh ...
26-05-2026 01:48:15-debug: Run asset db hook engine-extends:afterRefresh success!
26-05-2026 01:48:15-debug: asset-db:refresh-all-database (59ms)
26-05-2026 01:48:15-debug: asset-db:worker-effect-data-processing (1ms)
26-05-2026 01:48:15-debug: asset-db-hook-engine-extends-afterRefresh (1ms)
26-05-2026 01:49:12-debug: refresh db internal success
26-05-2026 01:49:12-debug: Run asset db hook engine-extends:afterRefresh ...
26-05-2026 01:49:12-debug: refresh db assets success
26-05-2026 01:49:12-debug: Run asset db hook engine-extends:afterRefresh success!
26-05-2026 01:49:12-debug: asset-db:refresh-all-database (62ms)
26-05-2026 01:49:12-debug: asset-db:worker-effect-data-processing (1ms)
26-05-2026 01:49:12-debug: asset-db-hook-engine-extends-afterRefresh (1ms)
26-05-2026 01:49:49-debug: %cImport%c: C:\Users\xComputers\Desktop\Slot_Assignment - Copy\Slot_Assignment\assets\scenes\main.scenebackground: #aaff85; color: #000;color: #000;
26-05-2026 01:49:49-debug: asset-db:reimport-asset805c919f-5b18-43e8-ab06-c23eb2a44a84 (10ms)
26-05-2026 01:49:50-debug: Query all assets info in project
26-05-2026 01:49:50-debug: init custom config: keepNodeUuid: false, useCache: true
26-05-2026 01:49:50-debug: Skip compress image, progress: 0%
26-05-2026 01:49:50-debug: Init all bundles start..., progress: 0%
26-05-2026 01:49:50-debug: Num of bundles: 2..., progress: 0%
26-05-2026 01:49:50-debug: // ---- build task Query asset bundle ----
26-05-2026 01:49:50-debug: Query asset bundle start, progress: 0%
26-05-2026 01:49:50-debug: Init bundle root assets start..., progress: 0%
26-05-2026 01:49:50-debug: Query preload assets/scripts from cc.config.json: 60f7195c-ec2a-45eb-ba94-8955f60e81d0,1c02ae6f-4492-4915-b8f8-7492a3b1e4cd,810e96e4-e456-4468-9b59-f4e8f39732c0,efe8e2a3-eace-427b-b4f1-cb8a937ec77d,e9aa9a3e-5b2b-4ac7-a2c7-073de2b2b24f,8bbdbcdd-5cd4-4100-b6d5-b7c9625b6107,50f4348b-c883-4e2f-8f11-ce233b859fa1,fda095cb-831d-4601-ad94-846013963de8,f92806d7-1768-443f-afe8-12bcde84d0f0,dd3a144d-ab7f-41f0-82b8-2e43a090d496,f0416e68-0200-4b77-a926-4f9d16e494da,970b0598-bcb0-4714-91fb-2e81440dccd8,bcd64cc6-2dd9-43f6-abbe-66318d332032,d930590d-bb92-4cc8-8bd1-23cd027f9edf,a3cd009f-0ab0-420d-9278-b9fdab939bbc,6a2d0734-bd9e-4ddf-946e-caa52498cb75,c27215d8-6835-4b68-bfbb-bdeac6100c04,b5d6115f-0370-4d7c-aad3-c194cc71cf98,871c3b6c-7379-419d-bda3-794b239ab90d,ff9b0199-ce04-4cfe-86cc-6c719f08d6e4,de1c2107-70c8-4021-8459-6399f24d01c6,cbf30902-517f-40dc-af90-a550bac27cf1
26-05-2026 01:49:50-debug:   Number of all scenes: 1
26-05-2026 01:49:50-debug:   Number of other assets: 391
26-05-2026 01:49:50-debug: Init bundle root assets success..., progress: 0%
26-05-2026 01:49:50-debug:   Number of all scripts: 13
26-05-2026 01:49:50-debug: // ---- build task Query asset bundle ---- (3ms)
26-05-2026 01:49:50-log: run build task Query asset bundle success in 3 ms√, progress: 5%
26-05-2026 01:49:50-debug: [Build Memory track]: Query asset bundle start:202.90MB, end 203.52MB, increase: 635.47KB
26-05-2026 01:49:50-debug: // ---- build task Query asset bundle ----
26-05-2026 01:49:50-debug: Query asset bundle start, progress: 5%
26-05-2026 01:49:50-debug: [Build Memory track]: Query asset bundle start:203.55MB, end 202.97MB, increase: -593.95KB
26-05-2026 01:49:50-debug: // ---- build task Query asset bundle ---- (2ms)
26-05-2026 01:49:50-debug: Sort some build options to settings.json start, progress: 10%
26-05-2026 01:49:50-log: run build task Query asset bundle success in 2 ms√, progress: 10%
26-05-2026 01:49:50-debug: // ---- build task Sort some build options to settings.json ----
26-05-2026 01:49:50-debug: // ---- build task Sort some build options to settings.json ---- (1ms)
26-05-2026 01:49:50-log: run build task Sort some build options to settings.json success in 1 ms√, progress: 12%
26-05-2026 01:49:50-debug: [Build Memory track]: Sort some build options to settings.json start:203.00MB, end 203.03MB, increase: 26.34KB
26-05-2026 01:49:50-debug: Fill script data to settings start, progress: 12%
26-05-2026 01:49:50-debug: // ---- build task Fill script data to settings ----
26-05-2026 01:49:50-debug: // ---- build task Fill script data to settings ---- (1ms)
26-05-2026 01:49:50-log: run build task Fill script data to settings success in 1 ms√, progress: 13%
26-05-2026 01:49:50-debug: Sort some build options to settings.json start, progress: 13%
26-05-2026 01:49:50-debug: [Build Memory track]: Fill script data to settings start:203.05MB, end 203.08MB, increase: 27.14KB
26-05-2026 01:49:50-debug: // ---- build task Sort some build options to settings.json ----
26-05-2026 01:49:50-debug: // ---- build task Sort some build options to settings.json ---- (2ms)
26-05-2026 01:49:50-log: run build task Sort some build options to settings.json success in 2 ms√, progress: 15%
26-05-2026 01:49:50-debug: [Build Memory track]: Sort some build options to settings.json start:203.11MB, end 203.24MB, increase: 138.58KB
26-05-2026 01:50:19-debug: refresh db internal success
26-05-2026 01:50:19-debug: refresh db assets success
26-05-2026 01:50:19-debug: Run asset db hook engine-extends:afterRefresh ...
26-05-2026 01:50:19-debug: Run asset db hook engine-extends:afterRefresh success!
26-05-2026 01:50:19-debug: asset-db:refresh-all-database (62ms)
26-05-2026 01:50:19-debug: asset-db:worker-effect-data-processing (1ms)
26-05-2026 01:50:19-debug: asset-db-hook-engine-extends-afterRefresh (1ms)
26-05-2026 01:52:56-debug: refresh db internal success
26-05-2026 01:52:56-debug: refresh db assets success
26-05-2026 01:52:56-debug: Run asset db hook engine-extends:afterRefresh ...
26-05-2026 01:52:56-debug: Run asset db hook engine-extends:afterRefresh success!
26-05-2026 01:52:56-debug: asset-db:worker-effect-data-processing (1ms)
26-05-2026 01:52:56-debug: asset-db:refresh-all-database (62ms)
26-05-2026 01:52:56-debug: asset-db-hook-engine-extends-afterRefresh (1ms)
26-05-2026 01:56:32-debug: refresh db internal success
26-05-2026 01:56:32-debug: refresh db assets success
26-05-2026 01:56:32-debug: Run asset db hook engine-extends:afterRefresh ...
26-05-2026 01:56:32-debug: Run asset db hook engine-extends:afterRefresh success!
26-05-2026 01:56:32-debug: asset-db:refresh-all-database (80ms)
26-05-2026 01:56:32-debug: asset-db:worker-effect-data-processing (1ms)
26-05-2026 01:56:32-debug: asset-db-hook-engine-extends-afterRefresh (1ms)
26-05-2026 01:58:36-debug: refresh db internal success
26-05-2026 01:58:36-debug: %cImport%c: C:\Users\xComputers\Desktop\Slot_Assignment - Copy\Slot_Assignment\assets\scripts\DebugCheats.tsbackground: #aaff85; color: #000;color: #000;
26-05-2026 01:58:36-debug: refresh db assets success
26-05-2026 01:58:36-debug: Run asset db hook engine-extends:afterRefresh ...
26-05-2026 01:58:36-debug: Run asset db hook engine-extends:afterRefresh success!
26-05-2026 01:58:36-debug: asset-db:refresh-all-database (67ms)
26-05-2026 01:58:36-debug: asset-db:worker-effect-data-processing (1ms)
26-05-2026 01:58:36-debug: asset-db-hook-engine-extends-afterRefresh (1ms)
26-05-2026 01:58:37-debug: Query all assets info in project
26-05-2026 01:58:37-debug: init custom config: keepNodeUuid: false, useCache: true
26-05-2026 01:58:37-debug: Skip compress image, progress: 0%
26-05-2026 01:58:37-debug: Num of bundles: 2..., progress: 0%
26-05-2026 01:58:37-debug: Init all bundles start..., progress: 0%
26-05-2026 01:58:37-debug: // ---- build task Query asset bundle ----
26-05-2026 01:58:37-debug: Query asset bundle start, progress: 0%
26-05-2026 01:58:37-debug: Init bundle root assets start..., progress: 0%
26-05-2026 01:58:37-debug: Query preload assets/scripts from cc.config.json: 60f7195c-ec2a-45eb-ba94-8955f60e81d0,1c02ae6f-4492-4915-b8f8-7492a3b1e4cd,810e96e4-e456-4468-9b59-f4e8f39732c0,efe8e2a3-eace-427b-b4f1-cb8a937ec77d,e9aa9a3e-5b2b-4ac7-a2c7-073de2b2b24f,8bbdbcdd-5cd4-4100-b6d5-b7c9625b6107,50f4348b-c883-4e2f-8f11-ce233b859fa1,fda095cb-831d-4601-ad94-846013963de8,f92806d7-1768-443f-afe8-12bcde84d0f0,dd3a144d-ab7f-41f0-82b8-2e43a090d496,f0416e68-0200-4b77-a926-4f9d16e494da,970b0598-bcb0-4714-91fb-2e81440dccd8,bcd64cc6-2dd9-43f6-abbe-66318d332032,d930590d-bb92-4cc8-8bd1-23cd027f9edf,a3cd009f-0ab0-420d-9278-b9fdab939bbc,6a2d0734-bd9e-4ddf-946e-caa52498cb75,c27215d8-6835-4b68-bfbb-bdeac6100c04,b5d6115f-0370-4d7c-aad3-c194cc71cf98,871c3b6c-7379-419d-bda3-794b239ab90d,ff9b0199-ce04-4cfe-86cc-6c719f08d6e4,de1c2107-70c8-4021-8459-6399f24d01c6,cbf30902-517f-40dc-af90-a550bac27cf1
26-05-2026 01:58:37-debug:   Number of all scenes: 1
26-05-2026 01:58:37-debug:   Number of all scripts: 13
26-05-2026 01:58:37-debug: Init bundle root assets success..., progress: 0%
26-05-2026 01:58:37-debug: // ---- build task Query asset bundle ---- (3ms)
26-05-2026 01:58:37-debug:   Number of other assets: 391
26-05-2026 01:58:37-log: run build task Query asset bundle success in 3 ms√, progress: 5%
26-05-2026 01:58:37-debug: [Build Memory track]: Query asset bundle start:207.25MB, end 207.03MB, increase: -223.59KB
26-05-2026 01:58:37-debug: Query asset bundle start, progress: 5%
26-05-2026 01:58:37-debug: // ---- build task Query asset bundle ----
26-05-2026 01:58:37-debug: // ---- build task Query asset bundle ---- (1ms)
26-05-2026 01:58:37-log: run build task Query asset bundle success in 1 ms√, progress: 10%
26-05-2026 01:58:37-debug: [Build Memory track]: Query asset bundle start:207.06MB, end 207.15MB, increase: 95.64KB
26-05-2026 01:58:37-debug: Sort some build options to settings.json start, progress: 10%
26-05-2026 01:58:37-debug: // ---- build task Sort some build options to settings.json ----
26-05-2026 01:58:37-log: run build task Sort some build options to settings.json success in √, progress: 12%
26-05-2026 01:58:37-debug: [Build Memory track]: Sort some build options to settings.json start:207.18MB, end 207.20MB, increase: 17.34KB
26-05-2026 01:58:37-debug: Fill script data to settings start, progress: 12%
26-05-2026 01:58:37-debug: // ---- build task Fill script data to settings ----
26-05-2026 01:58:37-log: run build task Fill script data to settings success in √, progress: 13%
26-05-2026 01:58:37-debug: [Build Memory track]: Fill script data to settings start:207.22MB, end 207.24MB, increase: 17.15KB
26-05-2026 01:58:37-debug: Sort some build options to settings.json start, progress: 13%
26-05-2026 01:58:37-debug: // ---- build task Sort some build options to settings.json ----
26-05-2026 01:58:37-debug: // ---- build task Sort some build options to settings.json ---- (2ms)
26-05-2026 01:58:37-debug: [Build Memory track]: Sort some build options to settings.json start:207.27MB, end 207.40MB, increase: 135.78KB
26-05-2026 01:58:37-log: run build task Sort some build options to settings.json success in 2 ms√, progress: 15%
26-05-2026 02:01:13-debug: refresh db internal success
26-05-2026 02:01:13-debug: %cImport%c: C:\Users\xComputers\Desktop\Slot_Assignment - Copy\Slot_Assignment\assets\scripts\DebugCheats.tsbackground: #aaff85; color: #000;color: #000;
26-05-2026 02:01:13-debug: refresh db assets success
26-05-2026 02:01:13-debug: Run asset db hook engine-extends:afterRefresh ...
26-05-2026 02:01:13-debug: Run asset db hook engine-extends:afterRefresh success!
26-05-2026 02:01:13-debug: asset-db:refresh-all-database (69ms)
26-05-2026 02:01:14-debug: Query all assets info in project
26-05-2026 02:01:14-debug: init custom config: keepNodeUuid: false, useCache: true
26-05-2026 02:01:14-debug: Skip compress image, progress: 0%
26-05-2026 02:01:14-debug: Init all bundles start..., progress: 0%
26-05-2026 02:01:14-debug: Num of bundles: 2..., progress: 0%
26-05-2026 02:01:14-debug: Query asset bundle start, progress: 0%
26-05-2026 02:01:14-debug: // ---- build task Query asset bundle ----
26-05-2026 02:01:14-debug: Init bundle root assets start..., progress: 0%
26-05-2026 02:01:14-debug: Query preload assets/scripts from cc.config.json: 60f7195c-ec2a-45eb-ba94-8955f60e81d0,1c02ae6f-4492-4915-b8f8-7492a3b1e4cd,810e96e4-e456-4468-9b59-f4e8f39732c0,efe8e2a3-eace-427b-b4f1-cb8a937ec77d,e9aa9a3e-5b2b-4ac7-a2c7-073de2b2b24f,8bbdbcdd-5cd4-4100-b6d5-b7c9625b6107,50f4348b-c883-4e2f-8f11-ce233b859fa1,fda095cb-831d-4601-ad94-846013963de8,f92806d7-1768-443f-afe8-12bcde84d0f0,dd3a144d-ab7f-41f0-82b8-2e43a090d496,f0416e68-0200-4b77-a926-4f9d16e494da,970b0598-bcb0-4714-91fb-2e81440dccd8,bcd64cc6-2dd9-43f6-abbe-66318d332032,d930590d-bb92-4cc8-8bd1-23cd027f9edf,a3cd009f-0ab0-420d-9278-b9fdab939bbc,6a2d0734-bd9e-4ddf-946e-caa52498cb75,c27215d8-6835-4b68-bfbb-bdeac6100c04,b5d6115f-0370-4d7c-aad3-c194cc71cf98,871c3b6c-7379-419d-bda3-794b239ab90d,ff9b0199-ce04-4cfe-86cc-6c719f08d6e4,de1c2107-70c8-4021-8459-6399f24d01c6,cbf30902-517f-40dc-af90-a550bac27cf1
26-05-2026 02:01:14-debug:   Number of all scenes: 1
26-05-2026 02:01:14-debug: Init bundle root assets success..., progress: 0%
26-05-2026 02:01:14-debug:   Number of other assets: 391
26-05-2026 02:01:14-debug:   Number of all scripts: 13
26-05-2026 02:01:14-log: run build task Query asset bundle success in 5 ms√, progress: 5%
26-05-2026 02:01:14-debug: [Build Memory track]: Query asset bundle start:208.71MB, end 208.39MB, increase: -320.15KB
26-05-2026 02:01:14-debug: // ---- build task Query asset bundle ---- (5ms)
26-05-2026 02:01:14-debug: Query asset bundle start, progress: 5%
26-05-2026 02:01:14-debug: // ---- build task Query asset bundle ----
26-05-2026 02:01:14-debug: // ---- build task Query asset bundle ---- (4ms)
26-05-2026 02:01:14-log: run build task Query asset bundle success in 4 ms√, progress: 10%
26-05-2026 02:01:14-debug: [Build Memory track]: Query asset bundle start:208.42MB, end 208.53MB, increase: 110.21KB
26-05-2026 02:01:14-debug: Sort some build options to settings.json start, progress: 10%
26-05-2026 02:01:14-debug: // ---- build task Sort some build options to settings.json ----
26-05-2026 02:01:14-debug: // ---- build task Sort some build options to settings.json ---- (1ms)
26-05-2026 02:01:14-log: run build task Sort some build options to settings.json success in 1 ms√, progress: 12%
26-05-2026 02:01:14-debug: Fill script data to settings start, progress: 12%
26-05-2026 02:01:14-debug: [Build Memory track]: Sort some build options to settings.json start:208.56MB, end 208.59MB, increase: 27.51KB
26-05-2026 02:01:14-debug: // ---- build task Fill script data to settings ----
26-05-2026 02:01:14-log: run build task Fill script data to settings success in √, progress: 13%
26-05-2026 02:01:14-debug: Sort some build options to settings.json start, progress: 13%
26-05-2026 02:01:14-debug: [Build Memory track]: Fill script data to settings start:208.61MB, end 208.63MB, increase: 16.64KB
26-05-2026 02:01:14-debug: // ---- build task Sort some build options to settings.json ----
26-05-2026 02:01:14-debug: // ---- build task Sort some build options to settings.json ---- (4ms)
26-05-2026 02:01:14-log: run build task Sort some build options to settings.json success in 4 ms√, progress: 15%
26-05-2026 02:01:14-debug: [Build Memory track]: Sort some build options to settings.json start:208.66MB, end 208.79MB, increase: 138.07KB
26-05-2026 02:01:15-debug: refresh db internal success
26-05-2026 02:01:15-debug: refresh db assets success
26-05-2026 02:01:15-debug: Run asset db hook engine-extends:afterRefresh ...
26-05-2026 02:01:15-debug: Run asset db hook engine-extends:afterRefresh success!
26-05-2026 02:01:15-debug: asset-db:refresh-all-database (100ms)
26-05-2026 02:01:15-debug: asset-db:worker-effect-data-processing (1ms)
26-05-2026 02:01:15-debug: asset-db-hook-engine-extends-afterRefresh (1ms)
26-05-2026 02:03:10-debug: refresh db internal success
26-05-2026 02:03:10-debug: refresh db assets success
26-05-2026 02:03:10-debug: Run asset db hook engine-extends:afterRefresh ...
26-05-2026 02:03:10-debug: Run asset db hook engine-extends:afterRefresh success!
26-05-2026 02:03:10-debug: asset-db:refresh-all-database (61ms)
26-05-2026 02:03:10-debug: asset-db:worker-effect-data-processing (1ms)
26-05-2026 02:03:10-debug: asset-db-hook-engine-extends-afterRefresh (1ms)
26-05-2026 02:03:12-debug: refresh db internal success
26-05-2026 02:03:12-debug: refresh db assets success
26-05-2026 02:03:12-debug: Run asset db hook engine-extends:afterRefresh ...
26-05-2026 02:03:12-debug: Run asset db hook engine-extends:afterRefresh success!
26-05-2026 02:03:12-debug: asset-db:refresh-all-database (68ms)
26-05-2026 02:03:12-debug: asset-db:worker-effect-data-processing (1ms)
26-05-2026 02:03:12-debug: asset-db-hook-engine-extends-afterRefresh (1ms)
26-05-2026 02:03:15-debug: refresh db internal success
26-05-2026 02:03:15-debug: refresh db assets success
26-05-2026 02:03:15-debug: Run asset db hook engine-extends:afterRefresh ...
26-05-2026 02:03:15-debug: Run asset db hook engine-extends:afterRefresh success!
26-05-2026 02:03:15-debug: asset-db:refresh-all-database (58ms)
26-05-2026 02:03:15-debug: asset-db-hook-engine-extends-afterRefresh (1ms)
26-05-2026 02:03:26-debug: refresh db internal success
26-05-2026 02:03:26-debug: refresh db assets success
26-05-2026 02:03:26-debug: Run asset db hook engine-extends:afterRefresh ...
26-05-2026 02:03:26-debug: Run asset db hook engine-extends:afterRefresh success!
26-05-2026 02:03:26-debug: asset-db:refresh-all-database (60ms)
26-05-2026 02:03:26-debug: asset-db-hook-engine-extends-afterRefresh (1ms)
26-05-2026 02:03:28-debug: refresh db internal success
26-05-2026 02:03:28-debug: refresh db assets success
26-05-2026 02:03:28-debug: Run asset db hook engine-extends:afterRefresh ...
26-05-2026 02:03:28-debug: Run asset db hook engine-extends:afterRefresh success!
26-05-2026 02:03:28-debug: asset-db:refresh-all-database (58ms)
26-05-2026 02:08:50-debug: refresh db internal success
26-05-2026 02:08:50-debug: refresh db assets success
26-05-2026 02:08:50-debug: Run asset db hook engine-extends:afterRefresh ...
26-05-2026 02:08:50-debug: Run asset db hook engine-extends:afterRefresh success!
26-05-2026 02:08:50-debug: asset-db:refresh-all-database (79ms)
26-05-2026 02:08:50-debug: asset-db:worker-effect-data-processing (1ms)
26-05-2026 02:08:50-debug: asset-db-hook-engine-extends-afterRefresh (1ms)
26-05-2026 02:09:35-debug: refresh db internal success
26-05-2026 02:09:35-debug: %cImport%c: C:\Users\xComputers\Desktop\Slot_Assignment - Copy\Slot_Assignment\assets\scripts\DebugCheats.tsbackground: #aaff85; color: #000;color: #000;
26-05-2026 02:09:35-debug: refresh db assets success
26-05-2026 02:09:35-debug: Run asset db hook engine-extends:afterRefresh ...
26-05-2026 02:09:35-debug: Run asset db hook engine-extends:afterRefresh success!
26-05-2026 02:09:35-debug: asset-db:refresh-all-database (61ms)
26-05-2026 02:09:35-debug: asset-db:worker-effect-data-processing (1ms)
26-05-2026 02:09:35-debug: asset-db-hook-engine-extends-afterRefresh (1ms)
26-05-2026 02:09:36-debug: Query all assets info in project
26-05-2026 02:09:36-debug: init custom config: keepNodeUuid: false, useCache: true
26-05-2026 02:09:36-debug: Skip compress image, progress: 0%
26-05-2026 02:09:36-debug: Init all bundles start..., progress: 0%
26-05-2026 02:09:36-debug: Query asset bundle start, progress: 0%
26-05-2026 02:09:36-debug: // ---- build task Query asset bundle ----
26-05-2026 02:09:36-debug: Num of bundles: 2..., progress: 0%
26-05-2026 02:09:36-debug: Init bundle root assets start..., progress: 0%
26-05-2026 02:09:36-debug:   Number of all scenes: 1
26-05-2026 02:09:36-debug: Query preload assets/scripts from cc.config.json: 60f7195c-ec2a-45eb-ba94-8955f60e81d0,1c02ae6f-4492-4915-b8f8-7492a3b1e4cd,810e96e4-e456-4468-9b59-f4e8f39732c0,efe8e2a3-eace-427b-b4f1-cb8a937ec77d,e9aa9a3e-5b2b-4ac7-a2c7-073de2b2b24f,8bbdbcdd-5cd4-4100-b6d5-b7c9625b6107,50f4348b-c883-4e2f-8f11-ce233b859fa1,fda095cb-831d-4601-ad94-846013963de8,f92806d7-1768-443f-afe8-12bcde84d0f0,dd3a144d-ab7f-41f0-82b8-2e43a090d496,f0416e68-0200-4b77-a926-4f9d16e494da,970b0598-bcb0-4714-91fb-2e81440dccd8,bcd64cc6-2dd9-43f6-abbe-66318d332032,d930590d-bb92-4cc8-8bd1-23cd027f9edf,a3cd009f-0ab0-420d-9278-b9fdab939bbc,6a2d0734-bd9e-4ddf-946e-caa52498cb75,c27215d8-6835-4b68-bfbb-bdeac6100c04,b5d6115f-0370-4d7c-aad3-c194cc71cf98,871c3b6c-7379-419d-bda3-794b239ab90d,ff9b0199-ce04-4cfe-86cc-6c719f08d6e4,de1c2107-70c8-4021-8459-6399f24d01c6,cbf30902-517f-40dc-af90-a550bac27cf1
26-05-2026 02:09:36-debug:   Number of other assets: 391
26-05-2026 02:09:36-debug: // ---- build task Query asset bundle ---- (3ms)
26-05-2026 02:09:36-log: run build task Query asset bundle success in 3 ms√, progress: 5%
26-05-2026 02:09:36-debug: [Build Memory track]: Query asset bundle start:215.25MB, end 215.03MB, increase: -217.16KB
26-05-2026 02:09:36-debug: Query asset bundle start, progress: 5%
26-05-2026 02:09:36-debug: Init bundle root assets success..., progress: 0%
26-05-2026 02:09:36-debug: // ---- build task Query asset bundle ----
26-05-2026 02:09:36-debug:   Number of all scripts: 13
26-05-2026 02:09:36-debug: // ---- build task Query asset bundle ---- (1ms)
26-05-2026 02:09:36-log: run build task Query asset bundle success in 1 ms√, progress: 10%
26-05-2026 02:09:36-debug: Sort some build options to settings.json start, progress: 10%
26-05-2026 02:09:36-debug: [Build Memory track]: Query asset bundle start:215.06MB, end 215.16MB, increase: 95.58KB
26-05-2026 02:09:36-debug: // ---- build task Sort some build options to settings.json ----
26-05-2026 02:09:36-log: run build task Sort some build options to settings.json success in √, progress: 12%
26-05-2026 02:09:36-debug: [Build Memory track]: Sort some build options to settings.json start:215.18MB, end 215.20MB, increase: 18.23KB
26-05-2026 02:09:36-debug: Fill script data to settings start, progress: 12%
26-05-2026 02:09:36-debug: // ---- build task Fill script data to settings ----
26-05-2026 02:09:36-debug: // ---- build task Fill script data to settings ---- (1ms)
26-05-2026 02:09:36-log: run build task Fill script data to settings success in 1 ms√, progress: 13%
26-05-2026 02:09:36-debug: [Build Memory track]: Fill script data to settings start:215.23MB, end 215.26MB, increase: 25.54KB
26-05-2026 02:09:36-debug: Sort some build options to settings.json start, progress: 13%
26-05-2026 02:09:36-debug: // ---- build task Sort some build options to settings.json ----
26-05-2026 02:09:36-debug: // ---- build task Sort some build options to settings.json ---- (3ms)
26-05-2026 02:09:36-log: run build task Sort some build options to settings.json success in 3 ms√, progress: 15%
26-05-2026 02:09:36-debug: [Build Memory track]: Sort some build options to settings.json start:215.28MB, end 215.41MB, increase: 128.35KB
26-05-2026 02:15:38-debug: refresh db internal success
26-05-2026 02:15:38-debug: %cImport%c: C:\Users\xComputers\Desktop\Slot_Assignment - Copy\Slot_Assignment\assets\scripts\DebugCheats.tsbackground: #aaff85; color: #000;color: #000;
26-05-2026 02:15:38-debug: refresh db assets success
26-05-2026 02:15:38-debug: Run asset db hook engine-extends:afterRefresh ...
26-05-2026 02:15:38-debug: Run asset db hook engine-extends:afterRefresh success!
26-05-2026 02:15:38-debug: asset-db:worker-effect-data-processing (1ms)
26-05-2026 02:15:38-debug: asset-db:refresh-all-database (73ms)
26-05-2026 02:15:38-debug: asset-db-hook-engine-extends-afterRefresh (1ms)
26-05-2026 02:15:39-debug: Query all assets info in project
26-05-2026 02:15:39-debug: init custom config: keepNodeUuid: false, useCache: true
26-05-2026 02:15:39-debug: Skip compress image, progress: 0%
26-05-2026 02:15:39-debug: Init all bundles start..., progress: 0%
26-05-2026 02:15:39-debug: Num of bundles: 2..., progress: 0%
26-05-2026 02:15:39-debug: Query asset bundle start, progress: 0%
26-05-2026 02:15:39-debug: // ---- build task Query asset bundle ----
26-05-2026 02:15:39-debug: Init bundle root assets start..., progress: 0%
26-05-2026 02:15:39-debug: Query preload assets/scripts from cc.config.json: 60f7195c-ec2a-45eb-ba94-8955f60e81d0,1c02ae6f-4492-4915-b8f8-7492a3b1e4cd,810e96e4-e456-4468-9b59-f4e8f39732c0,efe8e2a3-eace-427b-b4f1-cb8a937ec77d,e9aa9a3e-5b2b-4ac7-a2c7-073de2b2b24f,8bbdbcdd-5cd4-4100-b6d5-b7c9625b6107,50f4348b-c883-4e2f-8f11-ce233b859fa1,fda095cb-831d-4601-ad94-846013963de8,f92806d7-1768-443f-afe8-12bcde84d0f0,dd3a144d-ab7f-41f0-82b8-2e43a090d496,f0416e68-0200-4b77-a926-4f9d16e494da,970b0598-bcb0-4714-91fb-2e81440dccd8,bcd64cc6-2dd9-43f6-abbe-66318d332032,d930590d-bb92-4cc8-8bd1-23cd027f9edf,a3cd009f-0ab0-420d-9278-b9fdab939bbc,6a2d0734-bd9e-4ddf-946e-caa52498cb75,c27215d8-6835-4b68-bfbb-bdeac6100c04,b5d6115f-0370-4d7c-aad3-c194cc71cf98,871c3b6c-7379-419d-bda3-794b239ab90d,ff9b0199-ce04-4cfe-86cc-6c719f08d6e4,de1c2107-70c8-4021-8459-6399f24d01c6,cbf30902-517f-40dc-af90-a550bac27cf1
26-05-2026 02:15:39-debug:   Number of all scenes: 1
26-05-2026 02:15:39-debug:   Number of other assets: 391
26-05-2026 02:15:39-debug: Init bundle root assets success..., progress: 0%
26-05-2026 02:15:39-debug:   Number of all scripts: 13
26-05-2026 02:15:39-debug: // ---- build task Query asset bundle ---- (4ms)
26-05-2026 02:15:39-log: run build task Query asset bundle success in 4 ms√, progress: 5%
26-05-2026 02:15:39-debug: [Build Memory track]: Query asset bundle start:197.02MB, end 196.74MB, increase: -286.03KB
26-05-2026 02:15:39-debug: Query asset bundle start, progress: 5%
26-05-2026 02:15:39-debug: // ---- build task Query asset bundle ----
26-05-2026 02:15:39-debug: // ---- build task Query asset bundle ---- (2ms)
26-05-2026 02:15:39-log: run build task Query asset bundle success in 2 ms√, progress: 10%
26-05-2026 02:15:39-debug: [Build Memory track]: Query asset bundle start:196.77MB, end 196.87MB, increase: 101.83KB
26-05-2026 02:15:39-debug: Sort some build options to settings.json start, progress: 10%
26-05-2026 02:15:39-debug: // ---- build task Sort some build options to settings.json ----
26-05-2026 02:15:39-debug: // ---- build task Sort some build options to settings.json ---- (1ms)
26-05-2026 02:15:39-log: run build task Sort some build options to settings.json success in 1 ms√, progress: 12%
26-05-2026 02:15:39-debug: Fill script data to settings start, progress: 12%
26-05-2026 02:15:39-debug: [Build Memory track]: Sort some build options to settings.json start:196.90MB, end 196.93MB, increase: 27.43KB
26-05-2026 02:15:39-debug: // ---- build task Fill script data to settings ----
26-05-2026 02:15:39-log: run build task Fill script data to settings success in √, progress: 13%
26-05-2026 02:15:39-debug: [Build Memory track]: Fill script data to settings start:196.95MB, end 196.97MB, increase: 17.27KB
26-05-2026 02:15:39-debug: Sort some build options to settings.json start, progress: 13%
26-05-2026 02:15:39-debug: // ---- build task Sort some build options to settings.json ----
26-05-2026 02:15:39-debug: // ---- build task Sort some build options to settings.json ---- (2ms)
26-05-2026 02:15:39-log: run build task Sort some build options to settings.json success in 2 ms√, progress: 15%
26-05-2026 02:15:39-debug: [Build Memory track]: Sort some build options to settings.json start:197.00MB, end 197.14MB, increase: 147.54KB
26-05-2026 02:57:17-debug: refresh db internal success
26-05-2026 02:57:17-debug: %cImport%c: C:\Users\xComputers\Desktop\Slot_Assignment - Copy\Slot_Assignment\assets\scripts\DebugCheats.tsbackground: #aaff85; color: #000;color: #000;
26-05-2026 02:57:17-debug: %cImport%c: C:\Users\xComputers\Desktop\Slot_Assignment - Copy\Slot_Assignment\assets\scripts\MockApi.tsbackground: #aaff85; color: #000;color: #000;
26-05-2026 02:57:17-debug: refresh db assets success
26-05-2026 02:57:17-debug: Run asset db hook engine-extends:afterRefresh ...
26-05-2026 02:57:17-debug: Run asset db hook engine-extends:afterRefresh success!
26-05-2026 02:57:17-debug: asset-db:refresh-all-database (80ms)
26-05-2026 02:57:17-debug: asset-db:worker-effect-data-processing (1ms)
26-05-2026 02:57:17-debug: asset-db-hook-engine-extends-afterRefresh (1ms)
26-05-2026 02:57:18-debug: Query all assets info in project
26-05-2026 02:57:18-debug: init custom config: keepNodeUuid: false, useCache: true
26-05-2026 02:57:18-debug: Skip compress image, progress: 0%
26-05-2026 02:57:18-debug: Init all bundles start..., progress: 0%
26-05-2026 02:57:18-debug: // ---- build task Query asset bundle ----
26-05-2026 02:57:18-debug: Num of bundles: 2..., progress: 0%
26-05-2026 02:57:18-debug: Query asset bundle start, progress: 0%
26-05-2026 02:57:18-debug: Init bundle root assets start..., progress: 0%
26-05-2026 02:57:18-debug: Query preload assets/scripts from cc.config.json: 60f7195c-ec2a-45eb-ba94-8955f60e81d0,1c02ae6f-4492-4915-b8f8-7492a3b1e4cd,810e96e4-e456-4468-9b59-f4e8f39732c0,efe8e2a3-eace-427b-b4f1-cb8a937ec77d,e9aa9a3e-5b2b-4ac7-a2c7-073de2b2b24f,8bbdbcdd-5cd4-4100-b6d5-b7c9625b6107,50f4348b-c883-4e2f-8f11-ce233b859fa1,fda095cb-831d-4601-ad94-846013963de8,f92806d7-1768-443f-afe8-12bcde84d0f0,dd3a144d-ab7f-41f0-82b8-2e43a090d496,f0416e68-0200-4b77-a926-4f9d16e494da,970b0598-bcb0-4714-91fb-2e81440dccd8,bcd64cc6-2dd9-43f6-abbe-66318d332032,d930590d-bb92-4cc8-8bd1-23cd027f9edf,a3cd009f-0ab0-420d-9278-b9fdab939bbc,6a2d0734-bd9e-4ddf-946e-caa52498cb75,c27215d8-6835-4b68-bfbb-bdeac6100c04,b5d6115f-0370-4d7c-aad3-c194cc71cf98,871c3b6c-7379-419d-bda3-794b239ab90d,ff9b0199-ce04-4cfe-86cc-6c719f08d6e4,de1c2107-70c8-4021-8459-6399f24d01c6,cbf30902-517f-40dc-af90-a550bac27cf1
26-05-2026 02:57:18-debug:   Number of all scripts: 13
26-05-2026 02:57:18-debug:   Number of other assets: 391
26-05-2026 02:57:18-debug: Init bundle root assets success..., progress: 0%
26-05-2026 02:57:18-debug:   Number of all scenes: 1
26-05-2026 02:57:18-debug: // ---- build task Query asset bundle ---- (4ms)
26-05-2026 02:57:18-log: run build task Query asset bundle success in 4 ms√, progress: 5%
26-05-2026 02:57:18-debug: Query asset bundle start, progress: 5%
26-05-2026 02:57:18-debug: [Build Memory track]: Query asset bundle start:198.34MB, end 198.10MB, increase: -247.73KB
26-05-2026 02:57:18-debug: // ---- build task Query asset bundle ----
26-05-2026 02:57:18-debug: // ---- build task Query asset bundle ---- (1ms)
26-05-2026 02:57:18-log: run build task Query asset bundle success in 1 ms√, progress: 10%
26-05-2026 02:57:18-debug: Sort some build options to settings.json start, progress: 10%
26-05-2026 02:57:18-debug: [Build Memory track]: Query asset bundle start:198.13MB, end 198.22MB, increase: 92.93KB
26-05-2026 02:57:18-debug: // ---- build task Sort some build options to settings.json ----
26-05-2026 02:57:18-debug: // ---- build task Sort some build options to settings.json ---- (1ms)
26-05-2026 02:57:18-log: run build task Sort some build options to settings.json success in 1 ms√, progress: 12%
26-05-2026 02:57:18-debug: Fill script data to settings start, progress: 12%
26-05-2026 02:57:18-debug: [Build Memory track]: Sort some build options to settings.json start:198.25MB, end 198.27MB, increase: 26.77KB
26-05-2026 02:57:18-debug: // ---- build task Fill script data to settings ----
26-05-2026 02:57:18-debug: [Build Memory track]: Fill script data to settings start:198.30MB, end 197.58MB, increase: -742.71KB
26-05-2026 02:57:18-log: run build task Fill script data to settings success in √, progress: 13%
26-05-2026 02:57:18-debug: Sort some build options to settings.json start, progress: 13%
26-05-2026 02:57:18-debug: // ---- build task Sort some build options to settings.json ----
26-05-2026 02:57:18-debug: // ---- build task Sort some build options to settings.json ---- (2ms)
26-05-2026 02:57:18-log: run build task Sort some build options to settings.json success in 2 ms√, progress: 15%
26-05-2026 02:57:18-debug: [Build Memory track]: Sort some build options to settings.json start:197.61MB, end 197.73MB, increase: 129.29KB
26-05-2026 04:23:00-debug: refresh db internal success
26-05-2026 04:23:00-debug: refresh db assets success
26-05-2026 04:23:00-debug: Run asset db hook engine-extends:afterRefresh success!
26-05-2026 04:23:00-debug: Run asset db hook engine-extends:afterRefresh ...
26-05-2026 04:23:00-debug: asset-db:refresh-all-database (87ms)
26-05-2026 04:23:00-debug: asset-db:worker-effect-data-processing (1ms)
26-05-2026 04:23:00-debug: asset-db-hook-engine-extends-afterRefresh (1ms)
