27-05-2026 18:19:20-debug: start **** info
27-05-2026 18:19:21-log: Cannot access game frame or container.
27-05-2026 18:19:21-debug: asset-db:require-engine-code (483ms)
27-05-2026 18:19:21-log: meshopt wasm decoder initialized
27-05-2026 18:19:21-log: [bullet]:bullet wasm lib loaded.
27-05-2026 18:19:21-log: [box2d]:box2d wasm lib loaded.
27-05-2026 18:19:21-log: Using legacy pipeline
27-05-2026 18:19:21-log: Forward render pipeline initialized.
27-05-2026 18:19:21-log: Cocos Creator v3.8.6
27-05-2026 18:19:21-debug: [Assets Memory track]: asset-db:worker-init: initEngine start:31.22MB, end 79.97MB, increase: 48.75MB
27-05-2026 18:19:21-debug: [Assets Memory track]: asset-db-plugin-register: programming start:80.83MB, end 84.07MB, increase: 3.24MB
27-05-2026 18:19:22-debug: [Assets Memory track]: asset-db:worker-init: initPlugin start:79.99MB, end 289.04MB, increase: 209.05MB
27-05-2026 18:19:22-debug: [Assets Memory track]: asset-db-plugin-register: builder start:84.11MB, end 290.44MB, increase: 206.32MB
27-05-2026 18:19:22-debug: [Assets Memory track]: asset-db-plugin-register: project start:80.68MB, end 289.01MB, increase: 208.33MB
27-05-2026 18:19:22-debug: run package(vivo-mini-game) handler(enable) start
27-05-2026 18:19:22-debug: run package(vivo-mini-game) handler(enable) success!
27-05-2026 18:19:22-debug: run package(web-desktop) handler(enable) start
27-05-2026 18:19:22-debug: run package(web-mobile) handler(enable) start
27-05-2026 18:19:22-debug: run package(web-desktop) handler(enable) success!
27-05-2026 18:19:22-debug: run package(wechatprogram) handler(enable) start
27-05-2026 18:19:22-debug: run package(wechatgame) handler(enable) start
27-05-2026 18:19:22-debug: run package(wechatprogram) handler(enable) success!
27-05-2026 18:19:22-debug: run package(wechatgame) handler(enable) success!
27-05-2026 18:19:22-debug: run package(windows) handler(enable) success!
27-05-2026 18:19:22-debug: run package(xiaomi-quick-game) handler(enable) start
27-05-2026 18:19:22-debug: run package(windows) handler(enable) start
27-05-2026 18:19:22-debug: run package(web-mobile) handler(enable) success!
27-05-2026 18:19:22-debug: run package(xiaomi-quick-game) handler(enable) success!
27-05-2026 18:19:22-debug: run package(im-plugin) handler(enable) start
27-05-2026 18:19:22-debug: run package(cocos-service) handler(enable) start
27-05-2026 18:19:22-debug: run package(cocos-service) handler(enable) success!
27-05-2026 18:19:22-debug: run package(fix-asset-default-userdata) handler(enable) start
27-05-2026 18:19:22-debug: run package(fix-asset-default-userdata) handler(enable) success!
27-05-2026 18:19:22-debug: run package(im-plugin) handler(enable) success!
27-05-2026 18:19:22-debug: run package(placeholder) handler(enable) start
27-05-2026 18:19:22-debug: run package(placeholder) handler(enable) success!
27-05-2026 18:19:22-debug: asset-db:worker-init: initPlugin (1390ms)
27-05-2026 18:19:22-debug: [Assets Memory track]: asset-db:worker-init start:31.21MB, end 290.12MB, increase: 258.90MB
27-05-2026 18:19:22-debug: Run asset db hook engine-extends:beforePreStart ...
27-05-2026 18:19:22-debug: Run asset db hook engine-extends:beforePreStart success!
27-05-2026 18:19:22-debug: Run asset db hook programming:beforePreStart success!
27-05-2026 18:19:22-debug: Run asset db hook programming:beforePreStart ...
27-05-2026 18:19:24-debug: asset-db:worker-init (3378ms)
27-05-2026 18:19:24-debug: asset-db-hook-programming-beforePreStart (1372ms)
27-05-2026 18:19:24-debug: asset-db-hook-engine-extends-beforePreStart (1372ms)
27-05-2026 18:19:24-debug: Preimport db internal success
27-05-2026 18:19:24-debug: Preimport db assets success
27-05-2026 18:19:24-debug: Run asset db hook programming:afterPreStart ...
27-05-2026 18:19:24-debug: starting packer-driver...
27-05-2026 18:19:25-debug: initialize scripting environment...
27-05-2026 18:19:25-debug: [[Executor]] prepare before lock
27-05-2026 18:19:25-debug: Set detail map pack:///resolution-detail-map.json: {}
27-05-2026 18:19:25-debug: [[Executor]] prepare after unlock
27-05-2026 18:19:25-debug: Run asset db hook programming:afterPreStart success!
27-05-2026 18:19:25-debug: [Assets Memory track]: asset-db:worker-init: preStart start:290.13MB, end 291.90MB, increase: 1.77MB
27-05-2026 18:19:25-debug: Run asset db hook engine-extends:afterPreStart ...
27-05-2026 18:19:25-debug: Run asset db hook engine-extends:afterPreStart success!
27-05-2026 18:19:25-debug: Start up the 'internal' database...
27-05-2026 18:19:26-debug: asset-db-hook-programming-afterPreStart (1156ms)
27-05-2026 18:19:26-debug: asset-db-hook-engine-extends-afterPreStart (878ms)
27-05-2026 18:19:26-debug: asset-db:worker-effect-data-processing (878ms)
27-05-2026 18:19:26-debug: Start up the 'assets' database...
27-05-2026 18:19:26-debug: asset-db:worker-startup-database[internal] (3421ms)
27-05-2026 18:19:26-debug: lazy register asset handler *
27-05-2026 18:19:26-debug: lazy register asset handler text
27-05-2026 18:19:26-debug: lazy register asset handler spine-data
27-05-2026 18:19:26-debug: lazy register asset handler dragonbones
27-05-2026 18:19:26-debug: lazy register asset handler dragonbones-atlas
27-05-2026 18:19:26-debug: lazy register asset handler json
27-05-2026 18:19:26-debug: lazy register asset handler terrain
27-05-2026 18:19:26-debug: lazy register asset handler typescript
27-05-2026 18:19:26-debug: lazy register asset handler prefab
27-05-2026 18:19:26-debug: lazy register asset handler sprite-frame
27-05-2026 18:19:26-debug: lazy register asset handler javascript
27-05-2026 18:19:26-debug: lazy register asset handler scene
27-05-2026 18:19:26-debug: lazy register asset handler directory
27-05-2026 18:19:26-debug: lazy register asset handler image
27-05-2026 18:19:26-debug: lazy register asset handler tiled-map
27-05-2026 18:19:26-debug: lazy register asset handler sign-image
27-05-2026 18:19:26-debug: lazy register asset handler texture-cube
27-05-2026 18:19:26-debug: lazy register asset handler alpha-image
27-05-2026 18:19:26-debug: lazy register asset handler erp-texture-cube
27-05-2026 18:19:26-debug: lazy register asset handler buffer
27-05-2026 18:19:26-debug: lazy register asset handler texture
27-05-2026 18:19:26-debug: lazy register asset handler rt-sprite-frame
27-05-2026 18:19:26-debug: lazy register asset handler texture-cube-face
27-05-2026 18:19:26-debug: lazy register asset handler gltf-mesh
27-05-2026 18:19:26-debug: lazy register asset handler render-texture
27-05-2026 18:19:26-debug: lazy register asset handler gltf-animation
27-05-2026 18:19:26-debug: lazy register asset handler gltf-material
27-05-2026 18:19:26-debug: lazy register asset handler gltf-skeleton
27-05-2026 18:19:26-debug: lazy register asset handler gltf-embeded-image
27-05-2026 18:19:26-debug: lazy register asset handler gltf-scene
27-05-2026 18:19:26-debug: lazy register asset handler material
27-05-2026 18:19:26-debug: lazy register asset handler gltf
27-05-2026 18:19:26-debug: lazy register asset handler physics-material
27-05-2026 18:19:26-debug: lazy register asset handler effect-header
27-05-2026 18:19:26-debug: lazy register asset handler fbx
27-05-2026 18:19:26-debug: lazy register asset handler audio-clip
27-05-2026 18:19:26-debug: lazy register asset handler animation-clip
27-05-2026 18:19:26-debug: lazy register asset handler effect
27-05-2026 18:19:26-debug: lazy register asset handler animation-graph-variant
27-05-2026 18:19:26-debug: lazy register asset handler ttf-font
27-05-2026 18:19:26-debug: lazy register asset handler bitmap-font
27-05-2026 18:19:26-debug: lazy register asset handler animation-graph
27-05-2026 18:19:26-debug: lazy register asset handler animation-mask
27-05-2026 18:19:26-debug: lazy register asset handler particle
27-05-2026 18:19:26-debug: lazy register asset handler auto-atlas
27-05-2026 18:19:26-debug: lazy register asset handler render-pipeline
27-05-2026 18:19:26-debug: lazy register asset handler render-stage
27-05-2026 18:19:26-debug: lazy register asset handler instantiation-material
27-05-2026 18:19:26-debug: lazy register asset handler instantiation-mesh
27-05-2026 18:19:26-debug: lazy register asset handler label-atlas
27-05-2026 18:19:26-debug: lazy register asset handler instantiation-skeleton
27-05-2026 18:19:26-debug: lazy register asset handler instantiation-animation
27-05-2026 18:19:26-debug: lazy register asset handler sprite-atlas
27-05-2026 18:19:26-debug: lazy register asset handler render-flow
27-05-2026 18:19:26-debug: lazy register asset handler video-clip
27-05-2026 18:19:26-debug: asset-db:worker-startup-database[assets] (1462ms)
27-05-2026 18:19:26-debug: asset-db:start-database (3466ms)
27-05-2026 18:19:26-debug: asset-db:ready (8115ms)
27-05-2026 18:19:26-debug: fix the bug of updateDefaultUserData
27-05-2026 18:19:26-debug: init worker message success
27-05-2026 18:19:26-debug: programming:execute-script (3ms)
27-05-2026 18:19:26-debug: [Build Memory track]: builder:worker-init start:186.15MB, end 199.96MB, increase: 13.81MB
27-05-2026 18:19:26-debug: builder:worker-init (387ms)
27-05-2026 18:19:34-debug: Query all assets info in project
27-05-2026 18:19:34-debug: init custom config: keepNodeUuid: false, useCache: true
27-05-2026 18:19:34-debug: Skip compress image, progress: 0%
27-05-2026 18:19:34-debug: Init all bundles start..., progress: 0%
27-05-2026 18:19:34-debug: Query asset bundle start, progress: 0%
27-05-2026 18:19:34-debug: // ---- build task Query asset bundle ----
27-05-2026 18:19:34-debug: Num of bundles: 2..., progress: 0%
27-05-2026 18:19:34-debug: Init bundle root assets start..., progress: 0%
27-05-2026 18:19:34-debug: Query preload assets/scripts from cc.config.json: 60f7195c-ec2a-45eb-ba94-8955f60e81d0,1c02ae6f-4492-4915-b8f8-7492a3b1e4cd,810e96e4-e456-4468-9b59-f4e8f39732c0,efe8e2a3-eace-427b-b4f1-cb8a937ec77d,e9aa9a3e-5b2b-4ac7-a2c7-073de2b2b24f,8bbdbcdd-5cd4-4100-b6d5-b7c9625b6107,50f4348b-c883-4e2f-8f11-ce233b859fa1,fda095cb-831d-4601-ad94-846013963de8,f92806d7-1768-443f-afe8-12bcde84d0f0,dd3a144d-ab7f-41f0-82b8-2e43a090d496,f0416e68-0200-4b77-a926-4f9d16e494da,970b0598-bcb0-4714-91fb-2e81440dccd8,bcd64cc6-2dd9-43f6-abbe-66318d332032,d930590d-bb92-4cc8-8bd1-23cd027f9edf,a3cd009f-0ab0-420d-9278-b9fdab939bbc,6a2d0734-bd9e-4ddf-946e-caa52498cb75,c27215d8-6835-4b68-bfbb-bdeac6100c04,b5d6115f-0370-4d7c-aad3-c194cc71cf98,871c3b6c-7379-419d-bda3-794b239ab90d,ff9b0199-ce04-4cfe-86cc-6c719f08d6e4,de1c2107-70c8-4021-8459-6399f24d01c6,cbf30902-517f-40dc-af90-a550bac27cf1
27-05-2026 18:19:34-debug:   Number of all scenes: 1
27-05-2026 18:19:34-debug:   Number of all scripts: 13
27-05-2026 18:19:34-debug: Init bundle root assets success..., progress: 0%
27-05-2026 18:19:34-debug:   Number of other assets: 391
27-05-2026 18:19:34-debug: // ---- build task Query asset bundle ---- (7ms)
27-05-2026 18:19:34-log: run build task Query asset bundle success in 7 ms√, progress: 5%
27-05-2026 18:19:34-debug: Query asset bundle start, progress: 5%
27-05-2026 18:19:34-debug: [Build Memory track]: Query asset bundle start:197.99MB, end 198.66MB, increase: 689.46KB
27-05-2026 18:19:34-debug: // ---- build task Query asset bundle ----
27-05-2026 18:19:34-debug: // ---- build task Query asset bundle ---- (1ms)
27-05-2026 18:19:34-log: run build task Query asset bundle success in 1 ms√, progress: 10%
27-05-2026 18:19:34-debug: Sort some build options to settings.json start, progress: 10%
27-05-2026 18:19:34-debug: [Build Memory track]: Query asset bundle start:198.70MB, end 198.79MB, increase: 100.45KB
27-05-2026 18:19:34-debug: // ---- build task Sort some build options to settings.json ----
27-05-2026 18:19:34-log: run build task Sort some build options to settings.json success in √, progress: 12%
27-05-2026 18:19:34-debug: [Build Memory track]: Sort some build options to settings.json start:198.83MB, end 198.85MB, increase: 20.43KB
27-05-2026 18:19:34-debug: Fill script data to settings start, progress: 12%
27-05-2026 18:19:34-debug: // ---- build task Fill script data to settings ----
27-05-2026 18:19:34-log: run build task Fill script data to settings success in √, progress: 13%
27-05-2026 18:19:34-debug: [Build Memory track]: Fill script data to settings start:198.89MB, end 198.91MB, increase: 21.02KB
27-05-2026 18:19:34-debug: Sort some build options to settings.json start, progress: 13%
27-05-2026 18:19:34-debug: // ---- build task Sort some build options to settings.json ----
27-05-2026 18:19:34-debug: // ---- build task Sort some build options to settings.json ---- (3ms)
27-05-2026 18:19:34-log: run build task Sort some build options to settings.json success in 3 ms√, progress: 15%
27-05-2026 18:19:34-debug: [Build Memory track]: Sort some build options to settings.json start:198.95MB, end 199.09MB, increase: 146.92KB
27-05-2026 18:19:37-debug: refresh db internal success
27-05-2026 18:19:37-debug: refresh db assets success
27-05-2026 18:19:37-debug: Run asset db hook engine-extends:afterRefresh ...
27-05-2026 18:19:37-debug: Run asset db hook engine-extends:afterRefresh success!
27-05-2026 18:19:37-debug: asset-db:refresh-all-database (77ms)
27-05-2026 18:19:37-debug: asset-db-hook-engine-extends-afterRefresh (1ms)
27-05-2026 18:19:53-debug: %cImport%c: C:\Users\xComputers\Desktop\Slot_Assignment - Copy\Slot_Assignment\assets\scenes\main.scenebackground: #aaff85; color: #000;color: #000;
27-05-2026 18:19:53-debug: asset-db:reimport-asset805c919f-5b18-43e8-ab06-c23eb2a44a84 (10ms)
27-05-2026 18:19:54-debug: Query all assets info in project
27-05-2026 18:19:54-debug: init custom config: keepNodeUuid: false, useCache: true
27-05-2026 18:19:54-debug: Skip compress image, progress: 0%
27-05-2026 18:19:54-debug: Init all bundles start..., progress: 0%
27-05-2026 18:19:54-debug: Query asset bundle start, progress: 0%
27-05-2026 18:19:54-debug: // ---- build task Query asset bundle ----
27-05-2026 18:19:54-debug: Num of bundles: 2..., progress: 0%
27-05-2026 18:19:54-debug: Init bundle root assets start..., progress: 0%
27-05-2026 18:19:54-debug: Query preload assets/scripts from cc.config.json: 60f7195c-ec2a-45eb-ba94-8955f60e81d0,1c02ae6f-4492-4915-b8f8-7492a3b1e4cd,810e96e4-e456-4468-9b59-f4e8f39732c0,efe8e2a3-eace-427b-b4f1-cb8a937ec77d,e9aa9a3e-5b2b-4ac7-a2c7-073de2b2b24f,8bbdbcdd-5cd4-4100-b6d5-b7c9625b6107,50f4348b-c883-4e2f-8f11-ce233b859fa1,fda095cb-831d-4601-ad94-846013963de8,f92806d7-1768-443f-afe8-12bcde84d0f0,dd3a144d-ab7f-41f0-82b8-2e43a090d496,f0416e68-0200-4b77-a926-4f9d16e494da,970b0598-bcb0-4714-91fb-2e81440dccd8,bcd64cc6-2dd9-43f6-abbe-66318d332032,d930590d-bb92-4cc8-8bd1-23cd027f9edf,a3cd009f-0ab0-420d-9278-b9fdab939bbc,6a2d0734-bd9e-4ddf-946e-caa52498cb75,c27215d8-6835-4b68-bfbb-bdeac6100c04,b5d6115f-0370-4d7c-aad3-c194cc71cf98,871c3b6c-7379-419d-bda3-794b239ab90d,ff9b0199-ce04-4cfe-86cc-6c719f08d6e4,de1c2107-70c8-4021-8459-6399f24d01c6,cbf30902-517f-40dc-af90-a550bac27cf1
27-05-2026 18:19:54-debug:   Number of other assets: 391
27-05-2026 18:19:54-debug: Init bundle root assets success..., progress: 0%
27-05-2026 18:19:54-debug:   Number of all scripts: 13
27-05-2026 18:19:54-debug:   Number of all scenes: 1
27-05-2026 18:19:54-debug: // ---- build task Query asset bundle ---- (3ms)
27-05-2026 18:19:54-log: run build task Query asset bundle success in 3 ms√, progress: 5%
27-05-2026 18:19:54-debug: Query asset bundle start, progress: 5%
27-05-2026 18:19:54-debug: [Build Memory track]: Query asset bundle start:196.54MB, end 196.19MB, increase: -355.55KB
27-05-2026 18:19:54-debug: // ---- build task Query asset bundle ----
27-05-2026 18:19:54-debug: // ---- build task Query asset bundle ---- (1ms)
27-05-2026 18:19:54-debug: [Build Memory track]: Query asset bundle start:196.22MB, end 195.62MB, increase: -617.20KB
27-05-2026 18:19:54-debug: Sort some build options to settings.json start, progress: 10%
27-05-2026 18:19:54-log: run build task Query asset bundle success in 1 ms√, progress: 10%
27-05-2026 18:19:54-debug: // ---- build task Sort some build options to settings.json ----
27-05-2026 18:19:54-debug: [Build Memory track]: Sort some build options to settings.json start:195.67MB, end 195.69MB, increase: 20.18KB
27-05-2026 18:19:54-debug: Fill script data to settings start, progress: 12%
27-05-2026 18:19:54-log: run build task Sort some build options to settings.json success in √, progress: 12%
27-05-2026 18:19:54-debug: // ---- build task Fill script data to settings ----
27-05-2026 18:19:54-log: run build task Fill script data to settings success in √, progress: 13%
27-05-2026 18:19:54-debug: [Build Memory track]: Fill script data to settings start:195.72MB, end 195.75MB, increase: 24.40KB
27-05-2026 18:19:54-debug: Sort some build options to settings.json start, progress: 13%
27-05-2026 18:19:54-debug: // ---- build task Sort some build options to settings.json ----
27-05-2026 18:19:54-debug: // ---- build task Sort some build options to settings.json ---- (3ms)
27-05-2026 18:19:54-log: run build task Sort some build options to settings.json success in 3 ms√, progress: 15%
27-05-2026 18:19:54-debug: [Build Memory track]: Sort some build options to settings.json start:195.78MB, end 195.92MB, increase: 141.02KB
27-05-2026 18:20:32-debug: %cImport%c: C:\Users\xComputers\Desktop\Slot_Assignment - Copy\Slot_Assignment\assets\scenes\main.scenebackground: #aaff85; color: #000;color: #000;
27-05-2026 18:20:32-debug: asset-db:reimport-asset805c919f-5b18-43e8-ab06-c23eb2a44a84 (10ms)
27-05-2026 18:20:32-debug: Query all assets info in project
27-05-2026 18:20:32-debug: init custom config: keepNodeUuid: false, useCache: true
27-05-2026 18:20:32-debug: Skip compress image, progress: 0%
27-05-2026 18:20:32-debug: Init all bundles start..., progress: 0%
27-05-2026 18:20:32-debug: Num of bundles: 2..., progress: 0%
27-05-2026 18:20:32-debug: Query asset bundle start, progress: 0%
27-05-2026 18:20:32-debug: // ---- build task Query asset bundle ----
27-05-2026 18:20:32-debug: Init bundle root assets start..., progress: 0%
27-05-2026 18:20:32-debug: Query preload assets/scripts from cc.config.json: 60f7195c-ec2a-45eb-ba94-8955f60e81d0,1c02ae6f-4492-4915-b8f8-7492a3b1e4cd,810e96e4-e456-4468-9b59-f4e8f39732c0,efe8e2a3-eace-427b-b4f1-cb8a937ec77d,e9aa9a3e-5b2b-4ac7-a2c7-073de2b2b24f,8bbdbcdd-5cd4-4100-b6d5-b7c9625b6107,50f4348b-c883-4e2f-8f11-ce233b859fa1,fda095cb-831d-4601-ad94-846013963de8,f92806d7-1768-443f-afe8-12bcde84d0f0,dd3a144d-ab7f-41f0-82b8-2e43a090d496,f0416e68-0200-4b77-a926-4f9d16e494da,970b0598-bcb0-4714-91fb-2e81440dccd8,bcd64cc6-2dd9-43f6-abbe-66318d332032,d930590d-bb92-4cc8-8bd1-23cd027f9edf,a3cd009f-0ab0-420d-9278-b9fdab939bbc,6a2d0734-bd9e-4ddf-946e-caa52498cb75,c27215d8-6835-4b68-bfbb-bdeac6100c04,b5d6115f-0370-4d7c-aad3-c194cc71cf98,871c3b6c-7379-419d-bda3-794b239ab90d,ff9b0199-ce04-4cfe-86cc-6c719f08d6e4,de1c2107-70c8-4021-8459-6399f24d01c6,cbf30902-517f-40dc-af90-a550bac27cf1
27-05-2026 18:20:32-debug:   Number of all scenes: 1
27-05-2026 18:20:32-debug:   Number of all scripts: 13
27-05-2026 18:20:32-debug: Init bundle root assets success..., progress: 0%
27-05-2026 18:20:32-debug:   Number of other assets: 391
27-05-2026 18:20:32-log: run build task Query asset bundle success in 5 ms√, progress: 5%
27-05-2026 18:20:32-debug: // ---- build task Query asset bundle ---- (5ms)
27-05-2026 18:20:32-debug: Query asset bundle start, progress: 5%
27-05-2026 18:20:32-debug: [Build Memory track]: Query asset bundle start:196.57MB, end 196.30MB, increase: -275.42KB
27-05-2026 18:20:32-debug: // ---- build task Query asset bundle ----
27-05-2026 18:20:32-debug: // ---- build task Query asset bundle ---- (1ms)
27-05-2026 18:20:32-log: run build task Query asset bundle success in 1 ms√, progress: 10%
27-05-2026 18:20:32-debug: [Build Memory track]: Query asset bundle start:196.34MB, end 196.43MB, increase: 99.84KB
27-05-2026 18:20:32-debug: // ---- build task Sort some build options to settings.json ----
27-05-2026 18:20:32-debug: // ---- build task Sort some build options to settings.json ---- (1ms)
27-05-2026 18:20:32-log: run build task Sort some build options to settings.json success in 1 ms√, progress: 12%
27-05-2026 18:20:32-debug: Sort some build options to settings.json start, progress: 10%
27-05-2026 18:20:32-debug: [Build Memory track]: Sort some build options to settings.json start:196.47MB, end 196.50MB, increase: 30.77KB
27-05-2026 18:20:32-debug: // ---- build task Fill script data to settings ----
27-05-2026 18:20:32-debug: Fill script data to settings start, progress: 12%
27-05-2026 18:20:32-log: run build task Fill script data to settings success in √, progress: 13%
27-05-2026 18:20:32-debug: [Build Memory track]: Fill script data to settings start:196.53MB, end 196.55MB, increase: 20.91KB
27-05-2026 18:20:32-debug: Sort some build options to settings.json start, progress: 13%
27-05-2026 18:20:32-debug: // ---- build task Sort some build options to settings.json ----
27-05-2026 18:20:32-debug: // ---- build task Sort some build options to settings.json ---- (2ms)
27-05-2026 18:20:32-debug: [Build Memory track]: Sort some build options to settings.json start:196.59MB, end 196.73MB, increase: 138.62KB
27-05-2026 18:20:32-log: run build task Sort some build options to settings.json success in 2 ms√, progress: 15%
27-05-2026 18:20:54-debug: refresh db internal success
27-05-2026 18:20:54-debug: refresh db assets success
27-05-2026 18:20:54-debug: Run asset db hook engine-extends:afterRefresh ...
27-05-2026 18:20:54-debug: Run asset db hook engine-extends:afterRefresh success!
27-05-2026 18:20:54-debug: asset-db:refresh-all-database (69ms)
27-05-2026 18:20:54-debug: asset-db:worker-effect-data-processing (1ms)
27-05-2026 18:20:54-debug: asset-db-hook-engine-extends-afterRefresh (1ms)
27-05-2026 18:21:03-debug: %cImport%c: C:\Users\xComputers\Desktop\Slot_Assignment - Copy\Slot_Assignment\assets\scenes\main.scenebackground: #aaff85; color: #000;color: #000;
27-05-2026 18:21:03-debug: asset-db:reimport-asset805c919f-5b18-43e8-ab06-c23eb2a44a84 (11ms)
27-05-2026 18:21:03-debug: Query all assets info in project
27-05-2026 18:21:03-debug: init custom config: keepNodeUuid: false, useCache: true
27-05-2026 18:21:03-debug: Skip compress image, progress: 0%
27-05-2026 18:21:03-debug: Init all bundles start..., progress: 0%
27-05-2026 18:21:03-debug: // ---- build task Query asset bundle ----
27-05-2026 18:21:03-debug: Init bundle root assets start..., progress: 0%
27-05-2026 18:21:03-debug: Num of bundles: 2..., progress: 0%
27-05-2026 18:21:03-debug: Query asset bundle start, progress: 0%
27-05-2026 18:21:03-debug:   Number of all scenes: 1
27-05-2026 18:21:03-debug: Query preload assets/scripts from cc.config.json: 60f7195c-ec2a-45eb-ba94-8955f60e81d0,1c02ae6f-4492-4915-b8f8-7492a3b1e4cd,810e96e4-e456-4468-9b59-f4e8f39732c0,efe8e2a3-eace-427b-b4f1-cb8a937ec77d,e9aa9a3e-5b2b-4ac7-a2c7-073de2b2b24f,8bbdbcdd-5cd4-4100-b6d5-b7c9625b6107,50f4348b-c883-4e2f-8f11-ce233b859fa1,fda095cb-831d-4601-ad94-846013963de8,f92806d7-1768-443f-afe8-12bcde84d0f0,dd3a144d-ab7f-41f0-82b8-2e43a090d496,f0416e68-0200-4b77-a926-4f9d16e494da,970b0598-bcb0-4714-91fb-2e81440dccd8,bcd64cc6-2dd9-43f6-abbe-66318d332032,d930590d-bb92-4cc8-8bd1-23cd027f9edf,a3cd009f-0ab0-420d-9278-b9fdab939bbc,6a2d0734-bd9e-4ddf-946e-caa52498cb75,c27215d8-6835-4b68-bfbb-bdeac6100c04,b5d6115f-0370-4d7c-aad3-c194cc71cf98,871c3b6c-7379-419d-bda3-794b239ab90d,ff9b0199-ce04-4cfe-86cc-6c719f08d6e4,de1c2107-70c8-4021-8459-6399f24d01c6,cbf30902-517f-40dc-af90-a550bac27cf1
27-05-2026 18:21:03-debug:   Number of other assets: 391
27-05-2026 18:21:03-debug:   Number of all scripts: 13
27-05-2026 18:21:03-debug: Init bundle root assets success..., progress: 0%
27-05-2026 18:21:03-debug: // ---- build task Query asset bundle ---- (5ms)
27-05-2026 18:21:03-debug: [Build Memory track]: Query asset bundle start:197.91MB, end 198.53MB, increase: 635.30KB
27-05-2026 18:21:03-debug: Query asset bundle start, progress: 5%
27-05-2026 18:21:03-log: run build task Query asset bundle success in 5 ms√, progress: 5%
27-05-2026 18:21:03-debug: // ---- build task Query asset bundle ----
27-05-2026 18:21:03-debug: // ---- build task Query asset bundle ---- (2ms)
27-05-2026 18:21:03-log: run build task Query asset bundle success in 2 ms√, progress: 10%
27-05-2026 18:21:03-debug: [Build Memory track]: Query asset bundle start:198.56MB, end 197.92MB, increase: -659.90KB
27-05-2026 18:21:03-debug: Sort some build options to settings.json start, progress: 10%
27-05-2026 18:21:03-debug: // ---- build task Sort some build options to settings.json ----
27-05-2026 18:21:03-log: run build task Sort some build options to settings.json success in √, progress: 12%
27-05-2026 18:21:03-debug: [Build Memory track]: Sort some build options to settings.json start:197.95MB, end 197.97MB, increase: 20.32KB
27-05-2026 18:21:03-debug: Fill script data to settings start, progress: 12%
27-05-2026 18:21:03-debug: // ---- build task Fill script data to settings ----
27-05-2026 18:21:03-log: run build task Fill script data to settings success in √, progress: 13%
27-05-2026 18:21:03-debug: [Build Memory track]: Fill script data to settings start:198.01MB, end 198.03MB, increase: 20.00KB
27-05-2026 18:21:03-debug: Sort some build options to settings.json start, progress: 13%
27-05-2026 18:21:03-debug: // ---- build task Sort some build options to settings.json ----
27-05-2026 18:21:03-log: run build task Sort some build options to settings.json success in 3 ms√, progress: 15%
27-05-2026 18:21:03-debug: [Build Memory track]: Sort some build options to settings.json start:198.06MB, end 198.19MB, increase: 132.12KB
27-05-2026 18:21:03-debug: // ---- build task Sort some build options to settings.json ---- (3ms)
27-05-2026 18:21:12-debug: Query all assets info in project
27-05-2026 18:21:12-debug: init custom config: keepNodeUuid: false, useCache: true
27-05-2026 18:21:12-debug: Skip compress image, progress: 0%
27-05-2026 18:21:12-debug: Init all bundles start..., progress: 0%
27-05-2026 18:21:12-debug: Num of bundles: 2..., progress: 0%
27-05-2026 18:21:12-debug: Query asset bundle start, progress: 0%
27-05-2026 18:21:12-debug: // ---- build task Query asset bundle ----
27-05-2026 18:21:12-debug: Init bundle root assets start..., progress: 0%
27-05-2026 18:21:12-debug: Query preload assets/scripts from cc.config.json: 60f7195c-ec2a-45eb-ba94-8955f60e81d0,1c02ae6f-4492-4915-b8f8-7492a3b1e4cd,810e96e4-e456-4468-9b59-f4e8f39732c0,efe8e2a3-eace-427b-b4f1-cb8a937ec77d,e9aa9a3e-5b2b-4ac7-a2c7-073de2b2b24f,8bbdbcdd-5cd4-4100-b6d5-b7c9625b6107,50f4348b-c883-4e2f-8f11-ce233b859fa1,fda095cb-831d-4601-ad94-846013963de8,f92806d7-1768-443f-afe8-12bcde84d0f0,dd3a144d-ab7f-41f0-82b8-2e43a090d496,f0416e68-0200-4b77-a926-4f9d16e494da,970b0598-bcb0-4714-91fb-2e81440dccd8,bcd64cc6-2dd9-43f6-abbe-66318d332032,d930590d-bb92-4cc8-8bd1-23cd027f9edf,a3cd009f-0ab0-420d-9278-b9fdab939bbc,6a2d0734-bd9e-4ddf-946e-caa52498cb75,c27215d8-6835-4b68-bfbb-bdeac6100c04,b5d6115f-0370-4d7c-aad3-c194cc71cf98,871c3b6c-7379-419d-bda3-794b239ab90d,ff9b0199-ce04-4cfe-86cc-6c719f08d6e4,de1c2107-70c8-4021-8459-6399f24d01c6,cbf30902-517f-40dc-af90-a550bac27cf1
27-05-2026 18:21:12-debug:   Number of other assets: 391
27-05-2026 18:21:12-debug:   Number of all scenes: 1
27-05-2026 18:21:12-debug:   Number of all scripts: 13
27-05-2026 18:21:12-debug: Init bundle root assets success..., progress: 0%
27-05-2026 18:21:12-log: run build task Query asset bundle success in 4 ms√, progress: 5%
27-05-2026 18:21:12-debug: // ---- build task Query asset bundle ---- (4ms)
27-05-2026 18:21:12-debug: [Build Memory track]: Query asset bundle start:198.66MB, end 198.39MB, increase: -274.10KB
27-05-2026 18:21:12-debug: Query asset bundle start, progress: 5%
27-05-2026 18:21:12-debug: // ---- build task Query asset bundle ----
27-05-2026 18:21:12-debug: // ---- build task Query asset bundle ---- (1ms)
27-05-2026 18:21:12-log: run build task Query asset bundle success in 1 ms√, progress: 10%
27-05-2026 18:21:12-debug: [Build Memory track]: Query asset bundle start:198.42MB, end 198.52MB, increase: 100.05KB
27-05-2026 18:21:12-debug: Sort some build options to settings.json start, progress: 10%
27-05-2026 18:21:12-debug: // ---- build task Sort some build options to settings.json ----
27-05-2026 18:21:12-log: run build task Sort some build options to settings.json success in √, progress: 12%
27-05-2026 18:21:12-debug: Fill script data to settings start, progress: 12%
27-05-2026 18:21:12-debug: [Build Memory track]: Sort some build options to settings.json start:198.56MB, end 198.58MB, increase: 28.96KB
27-05-2026 18:21:12-debug: // ---- build task Fill script data to settings ----
27-05-2026 18:21:12-log: run build task Fill script data to settings success in √, progress: 13%
27-05-2026 18:21:12-debug: [Build Memory track]: Fill script data to settings start:198.62MB, end 198.64MB, increase: 20.33KB
27-05-2026 18:21:12-debug: Sort some build options to settings.json start, progress: 13%
27-05-2026 18:21:12-debug: // ---- build task Sort some build options to settings.json ----
27-05-2026 18:21:12-debug: // ---- build task Sort some build options to settings.json ---- (2ms)
27-05-2026 18:21:12-log: run build task Sort some build options to settings.json success in 2 ms√, progress: 15%
27-05-2026 18:21:12-debug: [Build Memory track]: Sort some build options to settings.json start:198.67MB, end 198.81MB, increase: 136.43KB
27-05-2026 18:21:33-debug: refresh db internal success
27-05-2026 18:21:33-debug: refresh db assets success
27-05-2026 18:21:33-debug: Run asset db hook engine-extends:afterRefresh ...
27-05-2026 18:21:33-debug: Run asset db hook engine-extends:afterRefresh success!
27-05-2026 18:21:33-debug: asset-db:refresh-all-database (67ms)
27-05-2026 18:21:33-debug: asset-db:worker-effect-data-processing (1ms)
27-05-2026 18:21:33-debug: asset-db-hook-engine-extends-afterRefresh (1ms)
27-05-2026 18:21:51-debug: %cImport%c: C:\Users\xComputers\Desktop\Slot_Assignment - Copy\Slot_Assignment\assets\scenes\main.scenebackground: #aaff85; color: #000;color: #000;
27-05-2026 18:21:51-debug: asset-db:reimport-asset805c919f-5b18-43e8-ab06-c23eb2a44a84 (10ms)
27-05-2026 18:21:52-debug: Query all assets info in project
27-05-2026 18:21:52-debug: init custom config: keepNodeUuid: false, useCache: true
27-05-2026 18:21:52-debug: Skip compress image, progress: 0%
27-05-2026 18:21:52-debug: Init all bundles start..., progress: 0%
27-05-2026 18:21:52-debug: // ---- build task Query asset bundle ----
27-05-2026 18:21:52-debug: Query asset bundle start, progress: 0%
27-05-2026 18:21:52-debug: Num of bundles: 2..., progress: 0%
27-05-2026 18:21:52-debug: Init bundle root assets start..., progress: 0%
27-05-2026 18:21:52-debug: Query preload assets/scripts from cc.config.json: 60f7195c-ec2a-45eb-ba94-8955f60e81d0,1c02ae6f-4492-4915-b8f8-7492a3b1e4cd,810e96e4-e456-4468-9b59-f4e8f39732c0,efe8e2a3-eace-427b-b4f1-cb8a937ec77d,e9aa9a3e-5b2b-4ac7-a2c7-073de2b2b24f,8bbdbcdd-5cd4-4100-b6d5-b7c9625b6107,50f4348b-c883-4e2f-8f11-ce233b859fa1,fda095cb-831d-4601-ad94-846013963de8,f92806d7-1768-443f-afe8-12bcde84d0f0,dd3a144d-ab7f-41f0-82b8-2e43a090d496,f0416e68-0200-4b77-a926-4f9d16e494da,970b0598-bcb0-4714-91fb-2e81440dccd8,bcd64cc6-2dd9-43f6-abbe-66318d332032,d930590d-bb92-4cc8-8bd1-23cd027f9edf,a3cd009f-0ab0-420d-9278-b9fdab939bbc,6a2d0734-bd9e-4ddf-946e-caa52498cb75,c27215d8-6835-4b68-bfbb-bdeac6100c04,b5d6115f-0370-4d7c-aad3-c194cc71cf98,871c3b6c-7379-419d-bda3-794b239ab90d,ff9b0199-ce04-4cfe-86cc-6c719f08d6e4,de1c2107-70c8-4021-8459-6399f24d01c6,cbf30902-517f-40dc-af90-a550bac27cf1
27-05-2026 18:21:52-debug:   Number of other assets: 391
27-05-2026 18:21:52-debug: Init bundle root assets success..., progress: 0%
27-05-2026 18:21:52-debug:   Number of all scripts: 13
27-05-2026 18:21:52-log: run build task Query asset bundle success in 4 ms√, progress: 5%
27-05-2026 18:21:52-debug:   Number of all scenes: 1
27-05-2026 18:21:52-debug: Query asset bundle start, progress: 5%
27-05-2026 18:21:52-debug: [Build Memory track]: Query asset bundle start:199.96MB, end 199.77MB, increase: -190.53KB
27-05-2026 18:21:52-debug: // ---- build task Query asset bundle ---- (4ms)
27-05-2026 18:21:52-debug: // ---- build task Query asset bundle ----
27-05-2026 18:21:52-debug: // ---- build task Query asset bundle ---- (2ms)
27-05-2026 18:21:52-log: run build task Query asset bundle success in 2 ms√, progress: 10%
27-05-2026 18:21:52-debug: [Build Memory track]: Query asset bundle start:199.81MB, end 199.91MB, increase: 109.79KB
27-05-2026 18:21:52-debug: Sort some build options to settings.json start, progress: 10%
27-05-2026 18:21:52-debug: // ---- build task Sort some build options to settings.json ----
27-05-2026 18:21:52-debug: // ---- build task Sort some build options to settings.json ---- (1ms)
27-05-2026 18:21:52-log: run build task Sort some build options to settings.json success in 1 ms√, progress: 12%
27-05-2026 18:21:52-debug: Fill script data to settings start, progress: 12%
27-05-2026 18:21:52-debug: [Build Memory track]: Sort some build options to settings.json start:199.95MB, end 199.98MB, increase: 31.31KB
27-05-2026 18:21:52-debug: // ---- build task Fill script data to settings ----
27-05-2026 18:21:52-debug: // ---- build task Fill script data to settings ---- (1ms)
27-05-2026 18:21:52-debug: [Build Memory track]: Fill script data to settings start:200.02MB, end 200.05MB, increase: 32.29KB
27-05-2026 18:21:52-log: run build task Fill script data to settings success in 1 ms√, progress: 13%
27-05-2026 18:21:52-debug: Sort some build options to settings.json start, progress: 13%
27-05-2026 18:21:52-debug: // ---- build task Sort some build options to settings.json ----
27-05-2026 18:21:52-debug: // ---- build task Sort some build options to settings.json ---- (2ms)
27-05-2026 18:21:52-log: run build task Sort some build options to settings.json success in 2 ms√, progress: 15%
27-05-2026 18:21:52-debug: [Build Memory track]: Sort some build options to settings.json start:200.08MB, end 200.22MB, increase: 143.57KB
27-05-2026 18:24:01-debug: refresh db internal success
27-05-2026 18:24:01-debug: refresh db assets success
27-05-2026 18:24:01-debug: Run asset db hook engine-extends:afterRefresh ...
27-05-2026 18:24:01-debug: Run asset db hook engine-extends:afterRefresh success!
27-05-2026 18:24:01-debug: asset-db:refresh-all-database (67ms)
27-05-2026 18:24:01-debug: asset-db:worker-effect-data-processing (1ms)
27-05-2026 18:24:01-debug: asset-db-hook-engine-extends-afterRefresh (1ms)
27-05-2026 18:24:32-debug: %cImport%c: C:\Users\xComputers\Desktop\Slot_Assignment - Copy\Slot_Assignment\assets\scenes\main.scenebackground: #aaff85; color: #000;color: #000;
27-05-2026 18:24:32-debug: asset-db:reimport-asset805c919f-5b18-43e8-ab06-c23eb2a44a84 (12ms)
27-05-2026 18:24:32-debug: Query all assets info in project
27-05-2026 18:24:32-debug: init custom config: keepNodeUuid: false, useCache: true
27-05-2026 18:24:32-debug: Skip compress image, progress: 0%
27-05-2026 18:24:32-debug: Init all bundles start..., progress: 0%
27-05-2026 18:24:32-debug: // ---- build task Query asset bundle ----
27-05-2026 18:24:32-debug: Num of bundles: 2..., progress: 0%
27-05-2026 18:24:32-debug: Query asset bundle start, progress: 0%
27-05-2026 18:24:32-debug: Init bundle root assets start..., progress: 0%
27-05-2026 18:24:32-debug: Query preload assets/scripts from cc.config.json: 60f7195c-ec2a-45eb-ba94-8955f60e81d0,1c02ae6f-4492-4915-b8f8-7492a3b1e4cd,810e96e4-e456-4468-9b59-f4e8f39732c0,efe8e2a3-eace-427b-b4f1-cb8a937ec77d,e9aa9a3e-5b2b-4ac7-a2c7-073de2b2b24f,8bbdbcdd-5cd4-4100-b6d5-b7c9625b6107,50f4348b-c883-4e2f-8f11-ce233b859fa1,fda095cb-831d-4601-ad94-846013963de8,f92806d7-1768-443f-afe8-12bcde84d0f0,dd3a144d-ab7f-41f0-82b8-2e43a090d496,f0416e68-0200-4b77-a926-4f9d16e494da,970b0598-bcb0-4714-91fb-2e81440dccd8,bcd64cc6-2dd9-43f6-abbe-66318d332032,d930590d-bb92-4cc8-8bd1-23cd027f9edf,a3cd009f-0ab0-420d-9278-b9fdab939bbc,6a2d0734-bd9e-4ddf-946e-caa52498cb75,c27215d8-6835-4b68-bfbb-bdeac6100c04,b5d6115f-0370-4d7c-aad3-c194cc71cf98,871c3b6c-7379-419d-bda3-794b239ab90d,ff9b0199-ce04-4cfe-86cc-6c719f08d6e4,de1c2107-70c8-4021-8459-6399f24d01c6,cbf30902-517f-40dc-af90-a550bac27cf1
27-05-2026 18:24:32-debug:   Number of all scripts: 13
27-05-2026 18:24:32-debug:   Number of all scenes: 1
27-05-2026 18:24:32-debug:   Number of other assets: 391
27-05-2026 18:24:32-debug: Init bundle root assets success..., progress: 0%
27-05-2026 18:24:32-log: run build task Query asset bundle success in 4 ms√, progress: 5%
27-05-2026 18:24:32-debug: [Build Memory track]: Query asset bundle start:202.16MB, end 201.88MB, increase: -284.66KB
27-05-2026 18:24:32-debug: // ---- build task Query asset bundle ---- (4ms)
27-05-2026 18:24:32-debug: Query asset bundle start, progress: 5%
27-05-2026 18:24:32-debug: // ---- build task Query asset bundle ----
27-05-2026 18:24:32-debug: // ---- build task Query asset bundle ---- (4ms)
27-05-2026 18:24:32-debug: [Build Memory track]: Query asset bundle start:201.92MB, end 202.02MB, increase: 103.52KB
27-05-2026 18:24:32-log: run build task Query asset bundle success in 4 ms√, progress: 10%
27-05-2026 18:24:32-debug: Sort some build options to settings.json start, progress: 10%
27-05-2026 18:24:32-debug: // ---- build task Sort some build options to settings.json ----
27-05-2026 18:24:32-debug: // ---- build task Sort some build options to settings.json ---- (2ms)
27-05-2026 18:24:32-log: run build task Sort some build options to settings.json success in 2 ms√, progress: 12%
27-05-2026 18:24:32-debug: [Build Memory track]: Sort some build options to settings.json start:202.06MB, end 202.09MB, increase: 32.38KB
27-05-2026 18:24:32-debug: Fill script data to settings start, progress: 12%
27-05-2026 18:24:32-debug: // ---- build task Fill script data to settings ----
27-05-2026 18:24:32-debug: // ---- build task Fill script data to settings ---- (1ms)
27-05-2026 18:24:32-log: run build task Fill script data to settings success in 1 ms√, progress: 13%
27-05-2026 18:24:32-debug: [Build Memory track]: Fill script data to settings start:202.12MB, end 202.15MB, increase: 31.38KB
27-05-2026 18:24:32-debug: Sort some build options to settings.json start, progress: 13%
27-05-2026 18:24:32-debug: // ---- build task Sort some build options to settings.json ----
27-05-2026 18:24:32-debug: // ---- build task Sort some build options to settings.json ---- (4ms)
27-05-2026 18:24:32-log: run build task Sort some build options to settings.json success in 4 ms√, progress: 15%
27-05-2026 18:24:32-debug: [Build Memory track]: Sort some build options to settings.json start:202.19MB, end 202.33MB, increase: 144.81KB
27-05-2026 18:24:41-debug: refresh db internal success
27-05-2026 18:24:41-debug: refresh db assets success
27-05-2026 18:24:41-debug: Run asset db hook engine-extends:afterRefresh ...
27-05-2026 18:24:41-debug: Run asset db hook engine-extends:afterRefresh success!
27-05-2026 18:24:41-debug: asset-db:refresh-all-database (69ms)
27-05-2026 18:24:41-debug: asset-db:worker-effect-data-processing (1ms)
27-05-2026 18:24:41-debug: asset-db-hook-engine-extends-afterRefresh (2ms)
27-05-2026 18:24:49-debug: %cImport%c: C:\Users\xComputers\Desktop\Slot_Assignment - Copy\Slot_Assignment\assets\scenes\main.scenebackground: #aaff85; color: #000;color: #000;
27-05-2026 18:24:49-debug: asset-db:reimport-asset805c919f-5b18-43e8-ab06-c23eb2a44a84 (11ms)
27-05-2026 18:24:49-debug: Query all assets info in project
27-05-2026 18:24:49-debug: init custom config: keepNodeUuid: false, useCache: true
27-05-2026 18:24:49-debug: Skip compress image, progress: 0%
27-05-2026 18:24:49-debug: Init all bundles start..., progress: 0%
27-05-2026 18:24:49-debug: Num of bundles: 2..., progress: 0%
27-05-2026 18:24:49-debug: Query asset bundle start, progress: 0%
27-05-2026 18:24:49-debug: // ---- build task Query asset bundle ----
27-05-2026 18:24:49-debug: Init bundle root assets start..., progress: 0%
27-05-2026 18:24:49-debug: Query preload assets/scripts from cc.config.json: 60f7195c-ec2a-45eb-ba94-8955f60e81d0,1c02ae6f-4492-4915-b8f8-7492a3b1e4cd,810e96e4-e456-4468-9b59-f4e8f39732c0,efe8e2a3-eace-427b-b4f1-cb8a937ec77d,e9aa9a3e-5b2b-4ac7-a2c7-073de2b2b24f,8bbdbcdd-5cd4-4100-b6d5-b7c9625b6107,50f4348b-c883-4e2f-8f11-ce233b859fa1,fda095cb-831d-4601-ad94-846013963de8,f92806d7-1768-443f-afe8-12bcde84d0f0,dd3a144d-ab7f-41f0-82b8-2e43a090d496,f0416e68-0200-4b77-a926-4f9d16e494da,970b0598-bcb0-4714-91fb-2e81440dccd8,bcd64cc6-2dd9-43f6-abbe-66318d332032,d930590d-bb92-4cc8-8bd1-23cd027f9edf,a3cd009f-0ab0-420d-9278-b9fdab939bbc,6a2d0734-bd9e-4ddf-946e-caa52498cb75,c27215d8-6835-4b68-bfbb-bdeac6100c04,b5d6115f-0370-4d7c-aad3-c194cc71cf98,871c3b6c-7379-419d-bda3-794b239ab90d,ff9b0199-ce04-4cfe-86cc-6c719f08d6e4,de1c2107-70c8-4021-8459-6399f24d01c6,cbf30902-517f-40dc-af90-a550bac27cf1
27-05-2026 18:24:49-debug:   Number of all scripts: 13
27-05-2026 18:24:49-debug:   Number of other assets: 391
27-05-2026 18:24:49-debug: Init bundle root assets success..., progress: 0%
27-05-2026 18:24:49-debug:   Number of all scenes: 1
27-05-2026 18:24:49-debug: // ---- build task Query asset bundle ---- (4ms)
27-05-2026 18:24:49-log: run build task Query asset bundle success in 4 ms√, progress: 5%
27-05-2026 18:24:49-debug: Query asset bundle start, progress: 5%
27-05-2026 18:24:49-debug: [Build Memory track]: Query asset bundle start:203.30MB, end 203.88MB, increase: 591.22KB
27-05-2026 18:24:49-debug: // ---- build task Query asset bundle ----
27-05-2026 18:24:49-debug: // ---- build task Query asset bundle ---- (3ms)
27-05-2026 18:24:49-log: run build task Query asset bundle success in 3 ms√, progress: 10%
27-05-2026 18:24:49-debug: [Build Memory track]: Query asset bundle start:203.91MB, end 203.26MB, increase: -663.00KB
27-05-2026 18:24:49-debug: Sort some build options to settings.json start, progress: 10%
27-05-2026 18:24:49-debug: // ---- build task Sort some build options to settings.json ----
27-05-2026 18:24:49-debug: // ---- build task Sort some build options to settings.json ---- (1ms)
27-05-2026 18:24:49-log: run build task Sort some build options to settings.json success in 1 ms√, progress: 12%
27-05-2026 18:24:49-debug: Fill script data to settings start, progress: 12%
27-05-2026 18:24:49-debug: [Build Memory track]: Sort some build options to settings.json start:203.29MB, end 203.32MB, increase: 26.70KB
27-05-2026 18:24:49-debug: // ---- build task Fill script data to settings ----
27-05-2026 18:24:49-debug: // ---- build task Fill script data to settings ---- (1ms)
27-05-2026 18:24:49-log: run build task Fill script data to settings success in 1 ms√, progress: 13%
27-05-2026 18:24:49-debug: [Build Memory track]: Fill script data to settings start:203.35MB, end 203.37MB, increase: 27.16KB
27-05-2026 18:24:49-debug: Sort some build options to settings.json start, progress: 13%
27-05-2026 18:24:49-debug: // ---- build task Sort some build options to settings.json ----
27-05-2026 18:24:49-debug: // ---- build task Sort some build options to settings.json ---- (3ms)
27-05-2026 18:24:49-log: run build task Sort some build options to settings.json success in 3 ms√, progress: 15%
27-05-2026 18:24:49-debug: [Build Memory track]: Sort some build options to settings.json start:203.40MB, end 203.53MB, increase: 129.62KB
27-05-2026 18:27:32-debug: refresh db internal success
27-05-2026 18:27:32-debug: %cImport%c: C:\Users\xComputers\Desktop\Slot_Assignment - Copy\Slot_Assignment\assets\scriptsbackground: #aaff85; color: #000;color: #000;
27-05-2026 18:27:32-debug: %cImport%c: C:\Users\xComputers\Desktop\Slot_Assignment - Copy\Slot_Assignment\assets\scripts\ReelController.tsbackground: #aaff85; color: #000;color: #000;
27-05-2026 18:27:32-debug: Run asset db hook engine-extends:afterRefresh ...
27-05-2026 18:27:32-debug: refresh db assets success
27-05-2026 18:27:32-debug: Run asset db hook engine-extends:afterRefresh success!
27-05-2026 18:27:32-debug: asset-db:refresh-all-database (70ms)
27-05-2026 18:27:33-debug: Query all assets info in project
27-05-2026 18:27:33-debug: init custom config: keepNodeUuid: false, useCache: true
27-05-2026 18:27:33-debug: Skip compress image, progress: 0%
27-05-2026 18:27:33-debug: Init all bundles start..., progress: 0%
27-05-2026 18:27:33-debug: Query asset bundle start, progress: 0%
27-05-2026 18:27:33-debug: // ---- build task Query asset bundle ----
27-05-2026 18:27:33-debug: Num of bundles: 2..., progress: 0%
27-05-2026 18:27:33-debug: Init bundle root assets start..., progress: 0%
27-05-2026 18:27:33-debug: Query preload assets/scripts from cc.config.json: 60f7195c-ec2a-45eb-ba94-8955f60e81d0,1c02ae6f-4492-4915-b8f8-7492a3b1e4cd,810e96e4-e456-4468-9b59-f4e8f39732c0,efe8e2a3-eace-427b-b4f1-cb8a937ec77d,e9aa9a3e-5b2b-4ac7-a2c7-073de2b2b24f,8bbdbcdd-5cd4-4100-b6d5-b7c9625b6107,50f4348b-c883-4e2f-8f11-ce233b859fa1,fda095cb-831d-4601-ad94-846013963de8,f92806d7-1768-443f-afe8-12bcde84d0f0,dd3a144d-ab7f-41f0-82b8-2e43a090d496,f0416e68-0200-4b77-a926-4f9d16e494da,970b0598-bcb0-4714-91fb-2e81440dccd8,bcd64cc6-2dd9-43f6-abbe-66318d332032,d930590d-bb92-4cc8-8bd1-23cd027f9edf,a3cd009f-0ab0-420d-9278-b9fdab939bbc,6a2d0734-bd9e-4ddf-946e-caa52498cb75,c27215d8-6835-4b68-bfbb-bdeac6100c04,b5d6115f-0370-4d7c-aad3-c194cc71cf98,871c3b6c-7379-419d-bda3-794b239ab90d,ff9b0199-ce04-4cfe-86cc-6c719f08d6e4,de1c2107-70c8-4021-8459-6399f24d01c6,cbf30902-517f-40dc-af90-a550bac27cf1
27-05-2026 18:27:33-debug:   Number of all scenes: 1
27-05-2026 18:27:33-debug:   Number of other assets: 391
27-05-2026 18:27:33-debug: Init bundle root assets success..., progress: 0%
27-05-2026 18:27:33-debug: // ---- build task Query asset bundle ---- (5ms)
27-05-2026 18:27:33-debug:   Number of all scripts: 13
27-05-2026 18:27:33-debug: [Build Memory track]: Query asset bundle start:204.54MB, end 205.12MB, increase: 597.95KB
27-05-2026 18:27:33-log: run build task Query asset bundle success in 5 ms√, progress: 5%
27-05-2026 18:27:33-debug: Query asset bundle start, progress: 5%
27-05-2026 18:27:33-debug: // ---- build task Query asset bundle ----
27-05-2026 18:27:33-debug: // ---- build task Query asset bundle ---- (8ms)
27-05-2026 18:27:33-debug: [Build Memory track]: Query asset bundle start:205.15MB, end 204.50MB, increase: -658.64KB
27-05-2026 18:27:33-debug: // ---- build task Sort some build options to settings.json ----
27-05-2026 18:27:33-debug: Sort some build options to settings.json start, progress: 10%
27-05-2026 18:27:33-log: run build task Query asset bundle success in 8 ms√, progress: 10%
27-05-2026 18:27:33-debug: // ---- build task Sort some build options to settings.json ---- (1ms)
27-05-2026 18:27:33-debug: [Build Memory track]: Sort some build options to settings.json start:204.53MB, end 204.56MB, increase: 28.66KB
27-05-2026 18:27:33-log: run build task Sort some build options to settings.json success in 1 ms√, progress: 12%
27-05-2026 18:27:33-debug: Fill script data to settings start, progress: 12%
27-05-2026 18:27:33-debug: // ---- build task Fill script data to settings ----
27-05-2026 18:27:33-debug: [Build Memory track]: Fill script data to settings start:204.59MB, end 204.61MB, increase: 17.77KB
27-05-2026 18:27:33-debug: Sort some build options to settings.json start, progress: 13%
27-05-2026 18:27:33-log: run build task Fill script data to settings success in √, progress: 13%
27-05-2026 18:27:33-debug: // ---- build task Sort some build options to settings.json ----
27-05-2026 18:27:33-debug: // ---- build task Sort some build options to settings.json ---- (3ms)
27-05-2026 18:27:33-debug: [Build Memory track]: Sort some build options to settings.json start:204.64MB, end 204.77MB, increase: 134.01KB
27-05-2026 18:27:33-log: run build task Sort some build options to settings.json success in 3 ms√, progress: 15%
27-05-2026 18:27:40-debug: %cImport%c: C:\Users\xComputers\Desktop\Slot_Assignment - Copy\Slot_Assignment\assets\scenes\main.scenebackground: #aaff85; color: #000;color: #000;
27-05-2026 18:27:40-debug: asset-db:reimport-asset805c919f-5b18-43e8-ab06-c23eb2a44a84 (10ms)
27-05-2026 18:27:41-debug: Query all assets info in project
27-05-2026 18:27:41-debug: init custom config: keepNodeUuid: false, useCache: true
27-05-2026 18:27:41-debug: Skip compress image, progress: 0%
27-05-2026 18:27:41-debug: Init all bundles start..., progress: 0%
27-05-2026 18:27:41-debug: Num of bundles: 2..., progress: 0%
27-05-2026 18:27:41-debug: Query asset bundle start, progress: 0%
27-05-2026 18:27:41-debug: Init bundle root assets start..., progress: 0%
27-05-2026 18:27:41-debug: // ---- build task Query asset bundle ----
27-05-2026 18:27:41-debug: Query preload assets/scripts from cc.config.json: 60f7195c-ec2a-45eb-ba94-8955f60e81d0,1c02ae6f-4492-4915-b8f8-7492a3b1e4cd,810e96e4-e456-4468-9b59-f4e8f39732c0,efe8e2a3-eace-427b-b4f1-cb8a937ec77d,e9aa9a3e-5b2b-4ac7-a2c7-073de2b2b24f,8bbdbcdd-5cd4-4100-b6d5-b7c9625b6107,50f4348b-c883-4e2f-8f11-ce233b859fa1,fda095cb-831d-4601-ad94-846013963de8,f92806d7-1768-443f-afe8-12bcde84d0f0,dd3a144d-ab7f-41f0-82b8-2e43a090d496,f0416e68-0200-4b77-a926-4f9d16e494da,970b0598-bcb0-4714-91fb-2e81440dccd8,bcd64cc6-2dd9-43f6-abbe-66318d332032,d930590d-bb92-4cc8-8bd1-23cd027f9edf,a3cd009f-0ab0-420d-9278-b9fdab939bbc,6a2d0734-bd9e-4ddf-946e-caa52498cb75,c27215d8-6835-4b68-bfbb-bdeac6100c04,b5d6115f-0370-4d7c-aad3-c194cc71cf98,871c3b6c-7379-419d-bda3-794b239ab90d,ff9b0199-ce04-4cfe-86cc-6c719f08d6e4,de1c2107-70c8-4021-8459-6399f24d01c6,cbf30902-517f-40dc-af90-a550bac27cf1
27-05-2026 18:27:41-debug:   Number of all scenes: 1
27-05-2026 18:27:41-debug:   Number of other assets: 391
27-05-2026 18:27:41-debug:   Number of all scripts: 13
27-05-2026 18:27:41-debug: // ---- build task Query asset bundle ---- (4ms)
27-05-2026 18:27:41-log: run build task Query asset bundle success in 4 ms√, progress: 5%
27-05-2026 18:27:41-debug: [Build Memory track]: Query asset bundle start:204.95MB, end 204.78MB, increase: -171.76KB
27-05-2026 18:27:41-debug: Query asset bundle start, progress: 5%
27-05-2026 18:27:41-debug: Init bundle root assets success..., progress: 0%
27-05-2026 18:27:41-debug: // ---- build task Query asset bundle ----
27-05-2026 18:27:41-debug: // ---- build task Query asset bundle ---- (1ms)
27-05-2026 18:27:41-log: run build task Query asset bundle success in 1 ms√, progress: 10%
27-05-2026 18:27:41-debug: [Build Memory track]: Query asset bundle start:204.82MB, end 204.91MB, increase: 95.81KB
27-05-2026 18:27:41-debug: Sort some build options to settings.json start, progress: 10%
27-05-2026 18:27:41-debug: // ---- build task Sort some build options to settings.json ----
27-05-2026 18:27:41-debug: // ---- build task Sort some build options to settings.json ---- (1ms)
27-05-2026 18:27:41-log: run build task Sort some build options to settings.json success in 1 ms√, progress: 12%
27-05-2026 18:27:41-debug: Fill script data to settings start, progress: 12%
27-05-2026 18:27:41-debug: [Build Memory track]: Sort some build options to settings.json start:204.94MB, end 204.97MB, increase: 27.46KB
27-05-2026 18:27:41-debug: // ---- build task Fill script data to settings ----
27-05-2026 18:27:41-log: run build task Fill script data to settings success in √, progress: 13%
27-05-2026 18:27:41-debug: [Build Memory track]: Fill script data to settings start:205.00MB, end 205.01MB, increase: 17.84KB
27-05-2026 18:27:41-debug: Sort some build options to settings.json start, progress: 13%
27-05-2026 18:27:41-debug: // ---- build task Sort some build options to settings.json ----
27-05-2026 18:27:41-debug: // ---- build task Sort some build options to settings.json ---- (2ms)
27-05-2026 18:27:41-log: run build task Sort some build options to settings.json success in 2 ms√, progress: 15%
27-05-2026 18:27:41-debug: [Build Memory track]: Sort some build options to settings.json start:205.04MB, end 205.17MB, increase: 132.33KB
27-05-2026 18:27:50-debug: refresh db internal success
27-05-2026 18:27:50-debug: refresh db assets success
27-05-2026 18:27:50-debug: Run asset db hook engine-extends:afterRefresh ...
27-05-2026 18:27:50-debug: Run asset db hook engine-extends:afterRefresh success!
27-05-2026 18:27:50-debug: asset-db:refresh-all-database (66ms)
27-05-2026 18:27:50-debug: asset-db-hook-engine-extends-afterRefresh (1ms)
27-05-2026 18:27:55-debug: %cImport%c: C:\Users\xComputers\Desktop\Slot_Assignment - Copy\Slot_Assignment\assets\scenes\main.scenebackground: #aaff85; color: #000;color: #000;
27-05-2026 18:27:55-debug: asset-db:reimport-asset805c919f-5b18-43e8-ab06-c23eb2a44a84 (11ms)
27-05-2026 18:27:56-debug: Query all assets info in project
27-05-2026 18:27:56-debug: init custom config: keepNodeUuid: false, useCache: true
27-05-2026 18:27:56-debug: Skip compress image, progress: 0%
27-05-2026 18:27:56-debug: Init all bundles start..., progress: 0%
27-05-2026 18:27:56-debug: // ---- build task Query asset bundle ----
27-05-2026 18:27:56-debug: Query asset bundle start, progress: 0%
27-05-2026 18:27:56-debug: Num of bundles: 2..., progress: 0%
27-05-2026 18:27:56-debug: Init bundle root assets start..., progress: 0%
27-05-2026 18:27:56-debug:   Number of all scenes: 1
27-05-2026 18:27:56-debug: Query preload assets/scripts from cc.config.json: 60f7195c-ec2a-45eb-ba94-8955f60e81d0,1c02ae6f-4492-4915-b8f8-7492a3b1e4cd,810e96e4-e456-4468-9b59-f4e8f39732c0,efe8e2a3-eace-427b-b4f1-cb8a937ec77d,e9aa9a3e-5b2b-4ac7-a2c7-073de2b2b24f,8bbdbcdd-5cd4-4100-b6d5-b7c9625b6107,50f4348b-c883-4e2f-8f11-ce233b859fa1,fda095cb-831d-4601-ad94-846013963de8,f92806d7-1768-443f-afe8-12bcde84d0f0,dd3a144d-ab7f-41f0-82b8-2e43a090d496,f0416e68-0200-4b77-a926-4f9d16e494da,970b0598-bcb0-4714-91fb-2e81440dccd8,bcd64cc6-2dd9-43f6-abbe-66318d332032,d930590d-bb92-4cc8-8bd1-23cd027f9edf,a3cd009f-0ab0-420d-9278-b9fdab939bbc,6a2d0734-bd9e-4ddf-946e-caa52498cb75,c27215d8-6835-4b68-bfbb-bdeac6100c04,b5d6115f-0370-4d7c-aad3-c194cc71cf98,871c3b6c-7379-419d-bda3-794b239ab90d,ff9b0199-ce04-4cfe-86cc-6c719f08d6e4,de1c2107-70c8-4021-8459-6399f24d01c6,cbf30902-517f-40dc-af90-a550bac27cf1
27-05-2026 18:27:56-debug: Init bundle root assets success..., progress: 0%
27-05-2026 18:27:56-debug:   Number of other assets: 391
27-05-2026 18:27:56-debug:   Number of all scripts: 13
27-05-2026 18:27:56-debug: // ---- build task Query asset bundle ---- (3ms)
27-05-2026 18:27:56-log: run build task Query asset bundle success in 3 ms√, progress: 5%
27-05-2026 18:27:56-debug: Query asset bundle start, progress: 5%
27-05-2026 18:27:56-debug: [Build Memory track]: Query asset bundle start:206.58MB, end 206.26MB, increase: -326.04KB
27-05-2026 18:27:56-debug: // ---- build task Query asset bundle ----
27-05-2026 18:27:56-debug: // ---- build task Query asset bundle ---- (1ms)
27-05-2026 18:27:56-log: run build task Query asset bundle success in 1 ms√, progress: 10%
27-05-2026 18:27:56-debug: [Build Memory track]: Query asset bundle start:206.29MB, end 206.38MB, increase: 93.50KB
27-05-2026 18:27:56-debug: // ---- build task Sort some build options to settings.json ----
27-05-2026 18:27:56-debug: Sort some build options to settings.json start, progress: 10%
27-05-2026 18:27:56-log: run build task Sort some build options to settings.json success in √, progress: 12%
27-05-2026 18:27:56-debug: [Build Memory track]: Sort some build options to settings.json start:206.41MB, end 206.43MB, increase: 17.36KB
27-05-2026 18:27:56-debug: Fill script data to settings start, progress: 12%
27-05-2026 18:27:56-debug: // ---- build task Fill script data to settings ----
27-05-2026 18:27:56-log: run build task Fill script data to settings success in √, progress: 13%
27-05-2026 18:27:56-debug: Sort some build options to settings.json start, progress: 13%
27-05-2026 18:27:56-debug: [Build Memory track]: Fill script data to settings start:206.45MB, end 206.47MB, increase: 18.87KB
27-05-2026 18:27:56-debug: // ---- build task Sort some build options to settings.json ----
27-05-2026 18:27:56-debug: // ---- build task Sort some build options to settings.json ---- (2ms)
27-05-2026 18:27:56-debug: [Build Memory track]: Sort some build options to settings.json start:206.50MB, end 206.63MB, increase: 135.73KB
27-05-2026 18:27:56-log: run build task Sort some build options to settings.json success in 2 ms√, progress: 15%
27-05-2026 19:11:54-debug: refresh db internal success
27-05-2026 19:11:54-debug: refresh db assets success
27-05-2026 19:11:54-debug: Run asset db hook engine-extends:afterRefresh ...
27-05-2026 19:11:54-debug: Run asset db hook engine-extends:afterRefresh success!
27-05-2026 19:11:54-debug: asset-db:refresh-all-database (96ms)
27-05-2026 19:11:54-debug: asset-db:worker-effect-data-processing (1ms)
27-05-2026 19:11:54-debug: asset-db-hook-engine-extends-afterRefresh (1ms)
27-05-2026 19:14:56-debug: refresh db internal success
27-05-2026 19:14:56-debug: refresh db assets success
27-05-2026 19:14:56-debug: Run asset db hook engine-extends:afterRefresh ...
27-05-2026 19:14:56-debug: Run asset db hook engine-extends:afterRefresh success!
27-05-2026 19:14:56-debug: asset-db:refresh-all-database (63ms)
27-05-2026 19:14:56-debug: asset-db:worker-effect-data-processing (1ms)
27-05-2026 19:14:56-debug: asset-db-hook-engine-extends-afterRefresh (1ms)
27-05-2026 19:15:24-debug: refresh db internal success
27-05-2026 19:15:24-debug: refresh db assets success
27-05-2026 19:15:24-debug: Run asset db hook engine-extends:afterRefresh ...
27-05-2026 19:15:24-debug: Run asset db hook engine-extends:afterRefresh success!
27-05-2026 19:15:24-debug: asset-db:refresh-all-database (63ms)
27-05-2026 19:15:24-debug: asset-db:worker-effect-data-processing (1ms)
27-05-2026 19:15:24-debug: asset-db-hook-engine-extends-afterRefresh (1ms)
27-05-2026 19:16:22-debug: refresh db internal success
27-05-2026 19:16:22-debug: refresh db assets success
27-05-2026 19:16:22-debug: Run asset db hook engine-extends:afterRefresh ...
27-05-2026 19:16:22-debug: Run asset db hook engine-extends:afterRefresh success!
27-05-2026 19:16:22-debug: asset-db:refresh-all-database (78ms)
27-05-2026 19:16:22-debug: asset-db-hook-engine-extends-afterRefresh (1ms)
